#! /c/Source/iverilog-install/bin/vvp
:ivl_version "12.0 (devel)" "(s20150603-1539-g2693dd32b)";
:ivl_delay_selection "TYPICAL";
:vpi_time_precision + 0;
:vpi_module "C:\iverilog\lib\ivl\system.vpi";
:vpi_module "C:\iverilog\lib\ivl\vhdl_sys.vpi";
:vpi_module "C:\iverilog\lib\ivl\vhdl_textio.vpi";
:vpi_module "C:\iverilog\lib\ivl\v2005_math.vpi";
:vpi_module "C:\iverilog\lib\ivl\va_math.vpi";
:vpi_module "C:\iverilog\lib\ivl\v2009.vpi";
S_0000022428e6a8b0 .scope package, "$unit" "$unit" 2 1;
 .timescale 0 0;
S_0000022428e723a0 .scope module, "testbench" "testbench" 3 5;
 .timescale 0 0;
P_0000022428e66790 .param/l "N" 1 3 41, +C4<00000000000000000000000001100100>;
P_0000022428e667c8 .param/l "N_hand" 1 3 45, +C4<00000000000000000000000000010000>;
P_0000022428e66800 .param/l "pos_ready" 1 3 44, +C4<00000000000000000000000000110010>;
P_0000022428e66838 .param/l "pos_token" 1 3 42, +C4<00000000000000000000000000110010>;
P_0000022428e66870 .param/l "pos_valid" 1 3 43, +C4<00000000000000000000000000110010>;
L_0000022428e740f0 .functor AND 1, v0000022428ee79b0_0, L_0000022428e74080, C4<1>, C4<1>;
L_0000022428e74be0 .functor AND 1, L_0000022428e74390, v0000022428ee72d0_0, C4<1>, C4<1>;
L_0000022428e74d30 .functor AND 1, v0000022428ee79b0_0, v0000022428e6db00_0, C4<1>, C4<1>;
v0000022428e6db00_0 .var "a", 0 0;
v0000022428e6d100_0 .var "a_down_data", 0 15;
v0000022428e6d380_0 .var "a_down_ready", 0 15;
v0000022428e6d420_0 .var "a_down_valid", 0 15;
v0000022428e6dba0_0 .var "a_up_ready", 0 15;
v0000022428e6d6a0_0 .var "a_up_token", 0 15;
v0000022428e6d7e0_0 .var "a_up_valid", 0 15;
v0000022428e6dc40_0 .var "clk", 0 0;
v0000022428e6d9c0_0 .net "double_a", 0 0, L_0000022428e74cc0;  1 drivers
v0000022428ee6970_0 .net "down_handshake", 0 0, L_0000022428e74be0;  1 drivers
v0000022428ee72d0_0 .var "down_ready", 0 0;
v0000022428ee7730_0 .net "down_valid", 0 0, L_0000022428e74390;  1 drivers
v0000022428ee8450_0 .var/2s "i", 31 0;
v0000022428ee7eb0_0 .net "in_token", 0 0, L_0000022428e74d30;  1 drivers
v0000022428ee6a10_0 .var/2s "n_double_tokens", 31 0;
v0000022428ee6ab0_0 .var/2s "n_orig_tokens", 31 0;
v0000022428ee7550_0 .var/2s "probability", 31 0;
v0000022428ee7c30_0 .var "rst", 0 0;
v0000022428ee6b50_0 .net "up_handshake", 0 0, L_0000022428e740f0;  1 drivers
v0000022428ee8590_0 .net "up_ready", 0 0, L_0000022428e74080;  1 drivers
v0000022428ee79b0_0 .var "up_valid", 0 0;
v0000022428ee6bf0_0 .var/2u "was_reset", 0 0;
E_0000022428e71b10 .event negedge, v0000022428e6d740_0;
S_0000022428e78d50 .scope module, "i_double_tokens_with_flow_control" "double_tokens_with_flow_control" 3 67, 4 5 0, S_0000022428e723a0;
 .timescale 0 0;
    .port_info 0 /INPUT 1 "clk";
    .port_info 1 /INPUT 1 "rst";
    .port_info 2 /INPUT 1 "up_valid";
    .port_info 3 /OUTPUT 1 "up_ready";
    .port_info 4 /INPUT 1 "up_token";
    .port_info 5 /OUTPUT 1 "down_valid";
    .port_info 6 /INPUT 1 "down_ready";
    .port_info 7 /OUTPUT 1 "down_data";
L_0000022428e74080 .functor NOT 1, L_0000022428ee7b90, C4<0>, C4<0>, C4<0>;
L_0000022428e74390 .functor OR 1, v0000022428ee72d0_0, v0000022428ee79b0_0, C4<0>, C4<0>;
L_0000022428e74c50 .functor OR 1, L_0000022428ee77d0, L_0000022428ee7e10, C4<0>, C4<0>;
L_0000022428e74a90 .functor AND 1, v0000022428e6db00_0, v0000022428ee79b0_0, C4<1>, C4<1>;
L_0000022428e74cc0 .functor OR 1, L_0000022428e74c50, L_0000022428e74a90, C4<0>, C4<0>;
v0000022428e6d600_0 .net *"_ivl_1", 0 0, L_0000022428ee7b90;  1 drivers
v0000022428e6cfc0_0 .net *"_ivl_10", 0 0, L_0000022428e74c50;  1 drivers
v0000022428e6cf20_0 .net *"_ivl_12", 0 0, L_0000022428e74a90;  1 drivers
v0000022428e6d240_0 .net *"_ivl_7", 0 0, L_0000022428ee77d0;  1 drivers
v0000022428e6d920_0 .net *"_ivl_9", 0 0, L_0000022428ee7e10;  1 drivers
v0000022428e6d1a0_0 .net "clk", 0 0, v0000022428e6dc40_0;  1 drivers
v0000022428e6cde0_0 .var "doubled_token_buffer", 106 0;
v0000022428e6ce80_0 .net "down_data", 0 0, L_0000022428e74cc0;  alias, 1 drivers
v0000022428e6d560_0 .net "down_ready", 0 0, v0000022428ee72d0_0;  1 drivers
v0000022428e6cd40_0 .net "down_valid", 0 0, L_0000022428e74390;  alias, 1 drivers
v0000022428e6d4c0_0 .var "original_token_buffer", 99 0;
v0000022428e6d740_0 .net "rst", 0 0, v0000022428ee7c30_0;  1 drivers
v0000022428e6d880_0 .net "up_ready", 0 0, L_0000022428e74080;  alias, 1 drivers
v0000022428e6da60_0 .net "up_token", 0 0, v0000022428e6db00_0;  1 drivers
v0000022428e6d060_0 .net "up_valid", 0 0, v0000022428ee79b0_0;  1 drivers
E_0000022428e71710 .event posedge, v0000022428e6d1a0_0;
E_0000022428e720d0 .event posedge, v0000022428e6d740_0, v0000022428e6d1a0_0;
L_0000022428ee7b90 .part v0000022428e6d4c0_0, 99, 1;
L_0000022428ee77d0 .part v0000022428e6cde0_0, 0, 1;
L_0000022428ee7e10 .part v0000022428e6d4c0_0, 0, 1;
    .scope S_0000022428e78d50;
T_0 ;
    %wait E_0000022428e720d0;
    %load/vec4 v0000022428e6d740_0;
    %flag_set/vec4 8;
    %jmp/0xz  T_0.0, 8;
    %pushi/vec4 0, 0, 107;
    %assign/vec4 v0000022428e6cde0_0, 0;
    %pushi/vec4 0, 0, 100;
    %assign/vec4 v0000022428e6d4c0_0, 0;
    %jmp T_0.1;
T_0.0 ;
    %load/vec4 v0000022428e6d060_0;
    %load/vec4 v0000022428e6d880_0;
    %and;
    %load/vec4 v0000022428e6da60_0;
    %and;
    %flag_set/vec4 8;
    %jmp/0xz  T_0.2, 8;
    %load/vec4 v0000022428e6cde0_0;
    %parti/s 106, 0, 2;
    %concati/vec4 1, 0, 1;
    %assign/vec4 v0000022428e6cde0_0, 0;
    %load/vec4 v0000022428e6d560_0;
    %inv;
    %flag_set/vec4 8;
    %jmp/0xz  T_0.4, 8;
    %load/vec4 v0000022428e6d4c0_0;
    %concati/vec4 1, 0, 1;
    %pad/u 100;
    %assign/vec4 v0000022428e6d4c0_0, 0;
T_0.4 ;
T_0.2 ;
T_0.1 ;
    %jmp T_0;
    .thread T_0;
    .scope S_0000022428e78d50;
T_1 ;
    %wait E_0000022428e71710;
    %load/vec4 v0000022428e6da60_0;
    %inv;
    %load/vec4 v0000022428e6d560_0;
    %and;
    %flag_set/vec4 8;
    %jmp/0xz  T_1.0, 8;
    %load/vec4 v0000022428e6d4c0_0;
    %cmpi/ne 0, 0, 100;
    %jmp/0xz  T_1.2, 4;
    %pushi/vec4 0, 0, 1;
    %load/vec4 v0000022428e6d4c0_0;
    %parti/s 99, 1, 2;
    %concat/vec4; draw_concat_vec4
    %assign/vec4 v0000022428e6d4c0_0, 0;
    %jmp T_1.3;
T_1.2 ;
    %load/vec4 v0000022428e6cde0_0;
    %cmpi/ne 0, 0, 107;
    %jmp/0xz  T_1.4, 4;
    %pushi/vec4 0, 0, 1;
    %load/vec4 v0000022428e6cde0_0;
    %parti/s 106, 1, 2;
    %concat/vec4; draw_concat_vec4
    %assign/vec4 v0000022428e6cde0_0, 0;
T_1.4 ;
T_1.3 ;
T_1.0 ;
    %jmp T_1;
    .thread T_1;
    .scope S_0000022428e723a0;
T_2 ;
    %pushi/vec4 65295, 0, 16;
    %store/vec4 v0000022428e6d380_0, 0, 16;
    %pushi/vec4 52384, 0, 16;
    %store/vec4 v0000022428e6d6a0_0, 0, 16;
    %pushi/vec4 63487, 0, 16;
    %store/vec4 v0000022428e6d7e0_0, 0, 16;
    %pushi/vec4 63231, 0, 16;
    %store/vec4 v0000022428e6d100_0, 0, 16;
    %pushi/vec4 65535, 0, 16;
    %store/vec4 v0000022428e6d420_0, 0, 16;
    %pushi/vec4 65535, 0, 16;
    %store/vec4 v0000022428e6dba0_0, 0, 16;
    %pushi/vec4 0, 0, 1;
    %store/vec4 v0000022428ee6bf0_0, 0, 1;
    %pushi/vec4 0, 0, 32;
    %store/vec4 v0000022428ee6ab0_0, 0, 32;
    %pushi/vec4 0, 0, 32;
    %store/vec4 v0000022428ee6a10_0, 0, 32;
    %end;
    .thread T_2, $init;
    .scope S_0000022428e723a0;
T_3 ;
    %pushi/vec4 0, 0, 1;
    %store/vec4 v0000022428e6dc40_0, 0, 1;
T_3.0 ;
    %delay 500, 0;
    %load/vec4 v0000022428e6dc40_0;
    %inv;
    %store/vec4 v0000022428e6dc40_0, 0, 1;
    %jmp T_3.0;
    %end;
    .thread T_3;
    .scope S_0000022428e723a0;
T_4 ;
    %pushi/vec4 1, 1, 1;
    %assign/vec4 v0000022428ee7c30_0, 0;
    %pushi/vec4 2, 0, 32;
T_4.0 %dup/vec4;
    %pushi/vec4 0, 0, 32;
    %cmp/s;
    %jmp/1xz T_4.1, 5;
    %jmp/1 T_4.1, 4;
    %pushi/vec4 1, 0, 32;
    %sub;
    %wait E_0000022428e71710;
    %jmp T_4.0;
T_4.1 ;
    %pop/vec4 1;
    %pushi/vec4 1, 0, 1;
    %assign/vec4 v0000022428ee7c30_0, 0;
    %pushi/vec4 2, 0, 32;
T_4.2 %dup/vec4;
    %pushi/vec4 0, 0, 32;
    %cmp/s;
    %jmp/1xz T_4.3, 5;
    %jmp/1 T_4.3, 4;
    %pushi/vec4 1, 0, 32;
    %sub;
    %wait E_0000022428e71710;
    %jmp T_4.2;
T_4.3 ;
    %pop/vec4 1;
    %pushi/vec4 0, 0, 1;
    %assign/vec4 v0000022428ee7c30_0, 0;
    %end;
    .thread T_4;
    .scope S_0000022428e723a0;
T_5 ;
    %wait E_0000022428e71710;
    %load/vec4 v0000022428ee7c30_0;
    %flag_set/vec4 8;
    %jmp/0xz  T_5.0, 8;
    %pushi/vec4 1, 0, 1;
    %assign/vec4 v0000022428ee6bf0_0, 0;
T_5.0 ;
    %jmp T_5;
    .thread T_5;
    .scope S_0000022428e723a0;
T_6 ;
    %wait E_0000022428e71710;
    %load/vec4 v0000022428ee7c30_0;
    %inv;
    %load/vec4 v0000022428ee6bf0_0;
    %and;
    %load/vec4 v0000022428ee6b50_0;
    %and;
    %flag_set/vec4 8;
    %jmp/0xz  T_6.0, 8;
    %load/vec4 v0000022428ee6ab0_0;
    %load/vec4 v0000022428e6db00_0;
    %pad/u 32;
    %add;
    %cast2;
    %assign/vec4 v0000022428ee6ab0_0, 0;
T_6.0 ;
    %load/vec4 v0000022428ee7c30_0;
    %inv;
    %load/vec4 v0000022428ee6bf0_0;
    %and;
    %load/vec4 v0000022428ee6970_0;
    %and;
    %flag_set/vec4 8;
    %jmp/0xz  T_6.2, 8;
    %load/vec4 v0000022428ee6a10_0;
    %load/vec4 v0000022428e6d9c0_0;
    %pad/u 32;
    %add;
    %cast2;
    %assign/vec4 v0000022428ee6a10_0, 0;
T_6.2 ;
    %jmp T_6;
    .thread T_6;
    .scope S_0000022428e723a0;
T_7 ;
    %vpi_call/w 3 112 "$dumpvars" {0 0 0};
    %wait E_0000022428e71b10;
    %pushi/vec4 0, 0, 32;
    %store/vec4 v0000022428ee8450_0, 0, 32;
T_7.0 ;
    %load/vec4 v0000022428ee8450_0;
    %cmpi/s 16, 0, 32;
    %jmp/0xz T_7.1, 5;
    %load/vec4 v0000022428e6d6a0_0;
    %pushi/vec4 15, 0, 34;
    %load/vec4 v0000022428ee8450_0;
    %pad/s 34;
    %sub;
    %part/s 1;
    %assign/vec4 v0000022428e6db00_0, 0;
    %load/vec4 v0000022428e6d7e0_0;
    %pushi/vec4 15, 0, 34;
    %load/vec4 v0000022428ee8450_0;
    %pad/s 34;
    %sub;
    %part/s 1;
    %assign/vec4 v0000022428ee79b0_0, 0;
    %load/vec4 v0000022428e6d380_0;
    %pushi/vec4 15, 0, 34;
    %load/vec4 v0000022428ee8450_0;
    %pad/s 34;
    %sub;
    %part/s 1;
    %assign/vec4 v0000022428ee72d0_0, 0;
    %wait E_0000022428e71710;
    %load/vec4 v0000022428e6d100_0;
    %pushi/vec4 15, 0, 34;
    %load/vec4 v0000022428ee8450_0;
    %pad/s 34;
    %sub;
    %part/s 1;
    %load/vec4 v0000022428e6d9c0_0;
    %cmp/ne;
    %flag_get/vec4 4;
    %load/vec4 v0000022428e6d420_0;
    %pushi/vec4 15, 0, 34;
    %load/vec4 v0000022428ee8450_0;
    %pad/s 34;
    %sub;
    %part/s 1;
    %load/vec4 v0000022428ee7730_0;
    %cmp/ne;
    %flag_get/vec4 4;
    %or;
    %flag_set/vec4 8;
    %jmp/0xz  T_7.2, 8;
    %vpi_call/w 3 124 "$display", "FAIL %s \012", "./testbench.sv" {0 0 0};
    %vpi_call/w 3 125 "$display", "Unexpected data. Step = %d\012", v0000022428ee8450_0 {0 0 0};
    %load/vec4 v0000022428e6d100_0;
    %pushi/vec4 15, 0, 34;
    %load/vec4 v0000022428ee8450_0;
    %pad/s 34;
    %sub;
    %part/s 1;
    %load/vec4 v0000022428e6d420_0;
    %pushi/vec4 15, 0, 34;
    %load/vec4 v0000022428ee8450_0;
    %pad/s 34;
    %sub;
    %part/s 1;
    %vpi_call/w 3 126 "$display", "expected double_a = %b,  down_valid = %b  \012", S<1,vec4,u1>, S<0,vec4,u1> {2 0 0};
    %vpi_call/w 3 127 "$display", " recived double_a = %b,  down_valid = %b  \012", v0000022428e6d9c0_0, v0000022428ee7730_0 {0 0 0};
T_7.2 ;
    %load/vec4 v0000022428ee8450_0;
    %addi 1, 0, 32;
    %cast2;
    %store/vec4 v0000022428ee8450_0, 0, 32;
    %jmp T_7.0;
T_7.1 ;
    %pushi/vec4 16, 0, 32;
T_7.4 %dup/vec4;
    %pushi/vec4 0, 0, 32;
    %cmp/s;
    %jmp/1xz T_7.5, 5;
    %jmp/1 T_7.5, 4;
    %pushi/vec4 1, 0, 32;
    %sub;
    %wait E_0000022428e71710;
    %jmp T_7.4;
T_7.5 ;
    %pop/vec4 1;
    %pushi/vec4 1, 0, 1;
    %assign/vec4 v0000022428e6db00_0, 0;
    %pushi/vec4 1, 0, 1;
    %assign/vec4 v0000022428ee79b0_0, 0;
    %pushi/vec4 0, 0, 1;
    %assign/vec4 v0000022428ee72d0_0, 0;
    %pushi/vec4 0, 0, 32;
    %assign/vec4 v0000022428ee8450_0, 0;
T_7.6 ;
    %load/vec4 v0000022428ee8590_0;
    %flag_set/vec4 8;
    %jmp/0xz T_7.7, 8;
    %wait E_0000022428e71710;
    %load/vec4 v0000022428ee8450_0;
    %addi 1, 0, 32;
    %cast2;
    %assign/vec4 v0000022428ee8450_0, 0;
    %jmp T_7.6;
T_7.7 ;
    %load/vec4 v0000022428ee8450_0;
    %cmpi/ne 100, 0, 32;
    %jmp/0xz  T_7.8, 4;
    %vpi_call/w 3 146 "$display", "FAIL %s \012", "./testbench.sv" {0 0 0};
    %vpi_call/w 3 147 "$display", "Unexpected i = %d", v0000022428ee8450_0 {0 0 0};
    %vpi_call/w 3 148 "$display", "expected   i = %d", 32'sb00000000000000000000000001100100 {0 0 0};
T_7.8 ;
    %pushi/vec4 100, 0, 32;
T_7.10 %dup/vec4;
    %pushi/vec4 0, 0, 32;
    %cmp/s;
    %jmp/1xz T_7.11, 5;
    %jmp/1 T_7.11, 4;
    %pushi/vec4 1, 0, 32;
    %sub;
    %vpi_func 3 154 "$urandom_range" 32, 32'sb00000000000000000000000001100100, 32'sb00000000000000000000000000000000 {0 0 0};
    %cast2;
    %store/vec4 v0000022428ee7550_0, 0, 32;
    %load/vec4 v0000022428ee7550_0;
    %cmpi/s 50, 0, 32;
    %jmp/0xz  T_7.12, 5;
    %pushi/vec4 1, 0, 1;
    %assign/vec4 v0000022428ee72d0_0, 0;
    %vpi_func 3 161 "$urandom_range" 32, 32'sb00000000000000000000000001100100, 32'sb00000000000000000000000000000000 {0 0 0};
    %cmpi/u 50, 0, 32;
    %flag_get/vec4 5;
    %assign/vec4 v0000022428e6db00_0, 0;
    %vpi_func 3 162 "$urandom_range" 32, 32'sb00000000000000000000000001100100, 32'sb00000000000000000000000000000000 {0 0 0};
    %cmpi/u 50, 0, 32;
    %flag_get/vec4 5;
    %assign/vec4 v0000022428ee79b0_0, 0;
    %jmp T_7.13;
T_7.12 ;
    %pushi/vec4 0, 0, 1;
    %assign/vec4 v0000022428ee72d0_0, 0;
    %load/vec4 v0000022428e6db00_0;
    %load/vec4 v0000022428ee79b0_0;
    %and;
    %inv;
    %flag_set/vec4 8;
    %jmp/0xz  T_7.14, 8;
    %vpi_func 3 168 "$urandom_range" 32, 32'sb00000000000000000000000001100100, 32'sb00000000000000000000000000000000 {0 0 0};
    %cmpi/u 50, 0, 32;
    %flag_get/vec4 5;
    %assign/vec4 v0000022428e6db00_0, 0;
T_7.14 ;
    %vpi_func 3 169 "$urandom_range" 32, 32'sb00000000000000000000000001100100, 32'sb00000000000000000000000000000000 {0 0 0};
    %cmpi/u 50, 0, 32;
    %flag_get/vec4 5;
    %assign/vec4 v0000022428ee79b0_0, 0;
T_7.13 ;
    %wait E_0000022428e71710;
    %jmp T_7.10;
T_7.11 ;
    %pop/vec4 1;
    %pushi/vec4 0, 0, 1;
    %assign/vec4 v0000022428e6db00_0, 0;
    %pushi/vec4 1, 0, 1;
    %assign/vec4 v0000022428ee72d0_0, 0;
    %pushi/vec4 203, 0, 32;
T_7.16 %dup/vec4;
    %pushi/vec4 0, 0, 32;
    %cmp/s;
    %jmp/1xz T_7.17, 5;
    %jmp/1 T_7.17, 4;
    %pushi/vec4 1, 0, 32;
    %sub;
    %wait E_0000022428e71710;
    %jmp T_7.16;
T_7.17 ;
    %pop/vec4 1;
    %load/vec4 v0000022428ee6a10_0;
    %load/vec4 v0000022428ee6ab0_0;
    %muli 2, 0, 32;
    %cmp/ne;
    %flag_get/vec4 6;
    %load/vec4 v0000022428ee6ab0_0;
    %pushi/vec4 0, 0, 32;
    %cmp/e;
    %flag_get/vec4 4;
    %or;
    %flag_set/vec4 8;
    %jmp/0xz  T_7.18, 8;
    %vpi_call/w 3 188 "$display", "FAIL %s", "./testbench.sv" {0 0 0};
    %vpi_call/w 3 189 "$display", "++ INPUT    => {%s}", v0000022428ee6ab0_0 {0 0 0};
    %vpi_call/w 3 192 "$display", "++ TEST     => {%s}", v0000022428ee6a10_0 {0 0 0};
    %vpi_call/w 3 194 "$finish", 32'sb00000000000000000000000000000001 {0 0 0};
T_7.18 ;
    %vpi_call/w 3 197 "$display", "PASS %s", "./testbench.sv" {0 0 0};
    %vpi_call/w 3 198 "$finish" {0 0 0};
    %end;
    .thread T_7;
# The file index is used to find the file name in the following table.
:file_names 5;
    "N/A";
    "<interactive>";
    "-";
    "./testbench.sv";
    "./08_02_double_tokens_with_flow_control.sv";
