#! /c/Source/iverilog-install/bin/vvp
:ivl_version "12.0 (devel)" "(s20150603-1539-g2693dd32b)";
:ivl_delay_selection "TYPICAL";
:vpi_time_precision + 0;
:vpi_module "C:\iverilog\lib\ivl\system.vpi";
:vpi_module "C:\iverilog\lib\ivl\vhdl_sys.vpi";
:vpi_module "C:\iverilog\lib\ivl\vhdl_textio.vpi";
:vpi_module "C:\iverilog\lib\ivl\v2005_math.vpi";
:vpi_module "C:\iverilog\lib\ivl\va_math.vpi";
:vpi_module "C:\iverilog\lib\ivl\v2009.vpi";
S_000001c7e0e13dd0 .scope package, "$unit" "$unit" 2 1;
 .timescale 0 0;
S_000001c7e0ddbae0 .scope module, "testbench" "testbench" 3 5;
 .timescale 0 0;
P_000001c7e0ddbc70 .param/l "MAX_TOKEN" 1 3 28, +C4<000000000000000000000000000000011>;
P_000001c7e0ddbca8 .param/l "N" 1 3 91, +C4<00000000000000000000000001100100>;
P_000001c7e0ddbce0 .param/l "TIMEOUT" 1 3 96, +C4<00000000000000001100001101010000>;
P_000001c7e0ddbd18 .param/l "WIDTH" 1 3 27, +C4<00000000000000000000000000000010>;
P_000001c7e0ddbd50 .param/l "pro_ready" 1 3 94, +C4<00000000000000000000000000110010>;
P_000001c7e0ddbd88 .param/l "pro_token" 1 3 92, +C4<00000000000000000000000000110010>;
P_000001c7e0ddbdc0 .param/l "pro_valid" 1 3 93, +C4<00000000000000000000000000110010>;
L_000001c7e0e0db10 .functor AND 1, v000001c7e0e18530_0, L_000001c7e0e0d800, C4<1>, C4<1>;
L_000001c7e0e0d090 .functor AND 1, L_000001c7e0e0d250, v000001c7e0e17810_0, C4<1>, C4<1>;
v000001c7e0e17950_0 .var "clk", 0 0;
v000001c7e0e17f90_0 .var/2s "count_token", 31 0;
v000001c7e0e169b0_0 .net "down_handshake", 0 0, L_000001c7e0e0d090;  1 drivers
v000001c7e0e17810_0 .var "down_ready", 0 0;
v000001c7e0e173b0_0 .net "down_valid", 0 0, L_000001c7e0e0d250;  1 drivers
v000001c7e0e16e10_0 .var "expected_token", 3 0;
v000001c7e0e178b0_0 .var "first_part", 1 0;
v000001c7e0e17090_0 .var "in_token", 3 0;
v000001c7e0e17130_0 .var "order", 0 0;
v000001c7e0e18030_0 .net "out_token", 1 0, L_000001c7e0e0cfb0;  1 drivers
v000001c7e0e180d0_0 .var/queue "queue_tokens", 4;
v000001c7e0e18170_0 .var "rst", 0 0;
v000001c7e0e171d0_0 .var "sample", 3 0;
v000001c7e0e18210_0 .var/2s "stage", 31 0;
v000001c7e0e183f0_0 .var "tmp_token", 3 0;
v000001c7e0e17270_0 .net "up_handshake", 0 0, L_000001c7e0e0db10;  1 drivers
v000001c7e0e18490_0 .net "up_ready", 0 0, L_000001c7e0e0d800;  1 drivers
v000001c7e0e18530_0 .var "up_valid", 0 0;
v000001c7e0e16730_0 .var "valid_tmp", 0 0;
v000001c7e0e17450_0 .var/2u "was_reset", 0 0;
E_000001c7e0e10300 .event posedge, v000001c7e0e16ff0_0;
E_000001c7e0e10a80 .event negedge, v000001c7e0e16cd0_0;
S_000001c7e0da2ca0 .scope module, "dut" "gearbox_2_to_1_fc" 3 47, 4 5 0, S_000001c7e0ddbae0;
 .timescale 0 0;
    .port_info 0 /INPUT 1 "clk";
    .port_info 1 /INPUT 1 "rst";
    .port_info 2 /INPUT 1 "up_valid";
    .port_info 3 /OUTPUT 1 "up_ready";
    .port_info 4 /INPUT 4 "up_data";
    .port_info 5 /OUTPUT 1 "down_valid";
    .port_info 6 /INPUT 1 "down_ready";
    .port_info 7 /OUTPUT 2 "down_data";
P_000001c7e0e10d40 .param/l "width" 0 4 7, +C4<00000000000000000000000000000010>;
enum000001c7e0dfa170 .enum4 (2)
   "EMPTY" 2'b00,
   "FIRST" 2'b01,
   "SECOND" 2'b10
 ;
L_000001c7e0e0d800 .functor AND 1, L_000001c7e0e174f0, v000001c7e0e17810_0, C4<1>, C4<1>;
L_000001c7e0e0dc60 .functor AND 1, L_000001c7e0e16870, v000001c7e0e18530_0, C4<1>, C4<1>;
L_000001c7e0e0daa0 .functor OR 1, L_000001c7e0e167d0, L_000001c7e0e0dc60, C4<0>, C4<0>;
L_000001c7e0e0dcd0 .functor AND 1, L_000001c7e0e16af0, v000001c7e0e18530_0, C4<1>, C4<1>;
L_000001c7e0e0d250 .functor OR 1, L_000001c7e0e0daa0, L_000001c7e0e0dcd0, C4<0>, C4<0>;
L_000001c7e0e0cfb0 .functor BUFZ 2, v000001c7e0e17d10_0, C4<00>, C4<00>, C4<00>;
L_000001c7e0e90088 .functor BUFT 1, C4<01>, C4<0>, C4<0>, C4<0>;
v000001c7e0e17310_0 .net/2u *"_ivl_0", 1 0, L_000001c7e0e90088;  1 drivers
L_000001c7e0e90118 .functor BUFT 1, C4<00>, C4<0>, C4<0>, C4<0>;
v000001c7e0e179f0_0 .net/2u *"_ivl_10", 1 0, L_000001c7e0e90118;  1 drivers
v000001c7e0e17e50_0 .net *"_ivl_12", 0 0, L_000001c7e0e16870;  1 drivers
v000001c7e0e17590_0 .net *"_ivl_14", 0 0, L_000001c7e0e0dc60;  1 drivers
v000001c7e0e176d0_0 .net *"_ivl_16", 0 0, L_000001c7e0e0daa0;  1 drivers
L_000001c7e0e90160 .functor BUFT 1, C4<10>, C4<0>, C4<0>, C4<0>;
v000001c7e0e17b30_0 .net/2u *"_ivl_18", 1 0, L_000001c7e0e90160;  1 drivers
v000001c7e0e16a50_0 .net *"_ivl_2", 0 0, L_000001c7e0e174f0;  1 drivers
v000001c7e0e182b0_0 .net *"_ivl_20", 0 0, L_000001c7e0e16af0;  1 drivers
v000001c7e0e17630_0 .net *"_ivl_22", 0 0, L_000001c7e0e0dcd0;  1 drivers
L_000001c7e0e900d0 .functor BUFT 1, C4<01>, C4<0>, C4<0>, C4<0>;
v000001c7e0e16eb0_0 .net/2u *"_ivl_6", 1 0, L_000001c7e0e900d0;  1 drivers
v000001c7e0e17c70_0 .net *"_ivl_8", 0 0, L_000001c7e0e167d0;  1 drivers
v000001c7e0e16ff0_0 .net "clk", 0 0, v000001c7e0e17950_0;  1 drivers
v000001c7e0e17ef0_0 .net "down_data", 1 0, L_000001c7e0e0cfb0;  alias, 1 drivers
v000001c7e0e18350_0 .net "down_ready", 0 0, v000001c7e0e17810_0;  1 drivers
v000001c7e0e17bd0_0 .net "down_valid", 0 0, L_000001c7e0e0d250;  alias, 1 drivers
v000001c7e0e16f50_0 .var "next_state", 1 0;
v000001c7e0e17d10_0 .var "part_data", 1 0;
v000001c7e0e16cd0_0 .net "rst", 0 0, v000001c7e0e18170_0;  1 drivers
v000001c7e0e17a90_0 .var "second_data", 1 0;
v000001c7e0e17770_0 .var "state", 1 0;
v000001c7e0e16d70_0 .net "up_data", 3 0, v000001c7e0e17090_0;  1 drivers
v000001c7e0e17db0_0 .net "up_ready", 0 0, L_000001c7e0e0d800;  alias, 1 drivers
v000001c7e0e185d0_0 .net "up_valid", 0 0, v000001c7e0e18530_0;  1 drivers
E_000001c7e0e10700 .event posedge, v000001c7e0e16cd0_0;
E_000001c7e0e100c0/0 .event anyedge, v000001c7e0e17770_0, v000001c7e0e185d0_0, v000001c7e0e17db0_0, v000001c7e0e16d70_0;
E_000001c7e0e100c0/1 .event anyedge, v000001c7e0e17bd0_0, v000001c7e0e18350_0, v000001c7e0e17a90_0;
E_000001c7e0e100c0 .event/or E_000001c7e0e100c0/0, E_000001c7e0e100c0/1;
E_000001c7e0e0ffc0/0 .event anyedge, v000001c7e0e17770_0, v000001c7e0e185d0_0, v000001c7e0e17db0_0, v000001c7e0e17bd0_0;
E_000001c7e0e0ffc0/1 .event anyedge, v000001c7e0e18350_0;
E_000001c7e0e0ffc0 .event/or E_000001c7e0e0ffc0/0, E_000001c7e0e0ffc0/1;
E_000001c7e0e10b00 .event posedge, v000001c7e0e16cd0_0, v000001c7e0e16ff0_0;
L_000001c7e0e174f0 .cmp/ne 2, v000001c7e0e17770_0, L_000001c7e0e90088;
L_000001c7e0e167d0 .cmp/eq 2, v000001c7e0e17770_0, L_000001c7e0e900d0;
L_000001c7e0e16870 .cmp/eq 2, v000001c7e0e17770_0, L_000001c7e0e90118;
L_000001c7e0e16af0 .cmp/eq 2, v000001c7e0e17770_0, L_000001c7e0e90160;
    .scope S_000001c7e0da2ca0;
T_0 ;
    %wait E_000001c7e0e10b00;
    %load/vec4 v000001c7e0e16cd0_0;
    %flag_set/vec4 8;
    %jmp/0xz  T_0.0, 8;
    %pushi/vec4 0, 0, 2;
    %assign/vec4 v000001c7e0e17770_0, 0;
    %jmp T_0.1;
T_0.0 ;
    %load/vec4 v000001c7e0e16f50_0;
    %assign/vec4 v000001c7e0e17770_0, 0;
T_0.1 ;
    %jmp T_0;
    .thread T_0;
    .scope S_000001c7e0da2ca0;
T_1 ;
Ewait_0 .event/or E_000001c7e0e0ffc0, E_0x0;
    %wait Ewait_0;
    %load/vec4 v000001c7e0e17770_0;
    %store/vec4 v000001c7e0e16f50_0, 0, 2;
    %load/vec4 v000001c7e0e17770_0;
    %dup/vec4;
    %pushi/vec4 0, 0, 2;
    %cmp/u;
    %jmp/1 T_1.0, 6;
    %dup/vec4;
    %pushi/vec4 1, 0, 2;
    %cmp/u;
    %jmp/1 T_1.1, 6;
    %dup/vec4;
    %pushi/vec4 2, 0, 2;
    %cmp/u;
    %jmp/1 T_1.2, 6;
    %jmp T_1.3;
T_1.0 ;
    %load/vec4 v000001c7e0e185d0_0;
    %load/vec4 v000001c7e0e17db0_0;
    %and;
    %flag_set/vec4 8;
    %jmp/0xz  T_1.4, 8;
    %pushi/vec4 1, 0, 2;
    %store/vec4 v000001c7e0e16f50_0, 0, 2;
T_1.4 ;
    %jmp T_1.3;
T_1.1 ;
    %load/vec4 v000001c7e0e17bd0_0;
    %load/vec4 v000001c7e0e18350_0;
    %and;
    %flag_set/vec4 8;
    %jmp/0xz  T_1.6, 8;
    %pushi/vec4 2, 0, 2;
    %store/vec4 v000001c7e0e16f50_0, 0, 2;
T_1.6 ;
    %jmp T_1.3;
T_1.2 ;
    %load/vec4 v000001c7e0e185d0_0;
    %load/vec4 v000001c7e0e17db0_0;
    %and;
    %load/vec4 v000001c7e0e17bd0_0;
    %load/vec4 v000001c7e0e18350_0;
    %and;
    %and;
    %flag_set/vec4 8;
    %jmp/0xz  T_1.8, 8;
    %pushi/vec4 1, 0, 2;
    %store/vec4 v000001c7e0e16f50_0, 0, 2;
    %jmp T_1.9;
T_1.8 ;
    %load/vec4 v000001c7e0e17bd0_0;
    %load/vec4 v000001c7e0e18350_0;
    %and;
    %flag_set/vec4 8;
    %jmp/0xz  T_1.10, 8;
    %pushi/vec4 0, 0, 2;
    %store/vec4 v000001c7e0e16f50_0, 0, 2;
T_1.10 ;
T_1.9 ;
    %jmp T_1.3;
T_1.3 ;
    %pop/vec4 1;
    %jmp T_1;
    .thread T_1, $push;
    .scope S_000001c7e0da2ca0;
T_2 ;
Ewait_1 .event/or E_000001c7e0e100c0, E_0x0;
    %wait Ewait_1;
    %load/vec4 v000001c7e0e17770_0;
    %dup/vec4;
    %pushi/vec4 0, 0, 2;
    %cmp/u;
    %jmp/1 T_2.0, 6;
    %dup/vec4;
    %pushi/vec4 1, 0, 2;
    %cmp/u;
    %jmp/1 T_2.1, 6;
    %dup/vec4;
    %pushi/vec4 2, 0, 2;
    %cmp/u;
    %jmp/1 T_2.2, 6;
    %jmp T_2.3;
T_2.0 ;
    %load/vec4 v000001c7e0e185d0_0;
    %load/vec4 v000001c7e0e17db0_0;
    %and;
    %flag_set/vec4 8;
    %jmp/0xz  T_2.4, 8;
    %load/vec4 v000001c7e0e16d70_0;
    %split/vec4 2;
    %store/vec4 v000001c7e0e17a90_0, 0, 2;
    %store/vec4 v000001c7e0e17d10_0, 0, 2;
T_2.4 ;
    %jmp T_2.3;
T_2.1 ;
    %load/vec4 v000001c7e0e17bd0_0;
    %load/vec4 v000001c7e0e18350_0;
    %and;
    %flag_set/vec4 8;
    %jmp/0xz  T_2.6, 8;
    %load/vec4 v000001c7e0e17a90_0;
    %store/vec4 v000001c7e0e17d10_0, 0, 2;
T_2.6 ;
    %jmp T_2.3;
T_2.2 ;
    %load/vec4 v000001c7e0e185d0_0;
    %load/vec4 v000001c7e0e17db0_0;
    %and;
    %load/vec4 v000001c7e0e17bd0_0;
    %load/vec4 v000001c7e0e18350_0;
    %and;
    %and;
    %flag_set/vec4 8;
    %jmp/0xz  T_2.8, 8;
    %load/vec4 v000001c7e0e16d70_0;
    %split/vec4 2;
    %store/vec4 v000001c7e0e17a90_0, 0, 2;
    %store/vec4 v000001c7e0e17d10_0, 0, 2;
T_2.8 ;
    %jmp T_2.3;
T_2.3 ;
    %pop/vec4 1;
    %jmp T_2;
    .thread T_2, $push;
    .scope S_000001c7e0da2ca0;
T_3 ;
    %wait E_000001c7e0e10700;
    %load/vec4 v000001c7e0e16cd0_0;
    %flag_set/vec4 8;
    %jmp/0xz  T_3.0, 8;
    %pushi/vec4 0, 0, 2;
    %assign/vec4 v000001c7e0e17d10_0, 0;
T_3.0 ;
    %jmp T_3;
    .thread T_3;
    .scope S_000001c7e0ddbae0;
T_4 ;
    %pushi/vec4 0, 0, 32;
    %store/vec4 v000001c7e0e17f90_0, 0, 32;
    %pushi/vec4 0, 0, 32;
    %store/vec4 v000001c7e0e18210_0, 0, 32;
    %pushi/vec4 0, 0, 1;
    %store/vec4 v000001c7e0e17450_0, 0, 1;
    %end;
    .thread T_4, $init;
    .scope S_000001c7e0ddbae0;
T_5 ;
    %pushi/vec4 0, 0, 1;
    %store/vec4 v000001c7e0e17950_0, 0, 1;
T_5.0 ;
    %delay 500, 0;
    %load/vec4 v000001c7e0e17950_0;
    %inv;
    %store/vec4 v000001c7e0e17950_0, 0, 1;
    %jmp T_5.0;
    %end;
    .thread T_5;
    .scope S_000001c7e0ddbae0;
T_6 ;
    %pushi/vec4 1, 1, 1;
    %assign/vec4 v000001c7e0e18170_0, 0;
    %pushi/vec4 2, 0, 32;
T_6.0 %dup/vec4;
    %pushi/vec4 0, 0, 32;
    %cmp/s;
    %jmp/1xz T_6.1, 5;
    %jmp/1 T_6.1, 4;
    %pushi/vec4 1, 0, 32;
    %sub;
    %wait E_000001c7e0e10300;
    %jmp T_6.0;
T_6.1 ;
    %pop/vec4 1;
    %pushi/vec4 1, 0, 1;
    %assign/vec4 v000001c7e0e18170_0, 0;
    %pushi/vec4 2, 0, 32;
T_6.2 %dup/vec4;
    %pushi/vec4 0, 0, 32;
    %cmp/s;
    %jmp/1xz T_6.3, 5;
    %jmp/1 T_6.3, 4;
    %pushi/vec4 1, 0, 32;
    %sub;
    %wait E_000001c7e0e10300;
    %jmp T_6.2;
T_6.3 ;
    %pop/vec4 1;
    %pushi/vec4 0, 0, 1;
    %assign/vec4 v000001c7e0e18170_0, 0;
    %end;
    .thread T_6;
    .scope S_000001c7e0ddbae0;
T_7 ;
    %wait E_000001c7e0e10300;
    %load/vec4 v000001c7e0e18170_0;
    %flag_set/vec4 8;
    %jmp/0xz  T_7.0, 8;
    %pushi/vec4 1, 0, 1;
    %assign/vec4 v000001c7e0e17450_0, 0;
T_7.0 ;
    %jmp T_7;
    .thread T_7;
    .scope S_000001c7e0ddbae0;
T_8 ;
    %wait E_000001c7e0e10300;
    %load/vec4 v000001c7e0e18170_0;
    %flag_set/vec4 8;
    %jmp/0xz  T_8.0, 8;
    %pushi/vec4 1, 0, 1;
    %assign/vec4 v000001c7e0e17130_0, 0;
    %jmp T_8.1;
T_8.0 ;
    %load/vec4 v000001c7e0e17450_0;
    %load/vec4 v000001c7e0e169b0_0;
    %and;
    %flag_set/vec4 8;
    %jmp/0xz  T_8.2, 8;
    %load/vec4 v000001c7e0e17130_0;
    %cmpi/e 1, 0, 1;
    %jmp/0xz  T_8.4, 4;
    %load/vec4 v000001c7e0e18030_0;
    %store/vec4 v000001c7e0e178b0_0, 0, 2;
    %pushi/vec4 0, 0, 1;
    %assign/vec4 v000001c7e0e17130_0, 0;
    %jmp T_8.5;
T_8.4 ;
    %pushi/vec4 1, 0, 1;
    %assign/vec4 v000001c7e0e17130_0, 0;
    %load/vec4 v000001c7e0e17f90_0;
    %addi 1, 0, 32;
    %cast2;
    %store/vec4 v000001c7e0e17f90_0, 0, 32;
    %qpop/b/v v000001c7e0e180d0_0, 4;
    %store/vec4 v000001c7e0e16e10_0, 0, 4;
    %load/vec4 v000001c7e0e178b0_0;
    %load/vec4 v000001c7e0e18030_0;
    %concat/vec4; draw_concat_vec4
    %load/vec4 v000001c7e0e16e10_0;
    %cmp/e;
    %flag_get/vec4 6;
    %inv;
    %flag_set/vec4 8;
    %jmp/0xz  T_8.6, 8;
    %vpi_call/w 3 79 "$display", "FAIL %s", "./testbench.sv" {0 0 0};
    %vpi_call/w 3 80 "$display", "unexpected token  %b expected %b", v000001c7e0e183f0_0, v000001c7e0e16e10_0 {0 0 0};
    %vpi_call/w 3 81 "$display", "Number token  %d ", v000001c7e0e17f90_0 {0 0 0};
    %pushi/vec4 3, 0, 32;
T_8.8 %dup/vec4;
    %pushi/vec4 0, 0, 32;
    %cmp/s;
    %jmp/1xz T_8.9, 5;
    %jmp/1 T_8.9, 4;
    %pushi/vec4 1, 0, 32;
    %sub;
    %wait E_000001c7e0e10300;
    %jmp T_8.8;
T_8.9 ;
    %pop/vec4 1;
    %vpi_call/w 3 83 "$finish", 32'sb00000000000000000000000000000001 {0 0 0};
T_8.6 ;
T_8.5 ;
T_8.2 ;
T_8.1 ;
    %jmp T_8;
    .thread T_8;
    .scope S_000001c7e0ddbae0;
T_9 ;
    %vpi_call/w 3 104 "$dumpvars" {0 0 0};
    %pushi/vec4 0, 0, 4;
    %store/vec4 v000001c7e0e171d0_0, 0, 4;
    %wait E_000001c7e0e10a80;
    %pushi/vec4 1, 0, 32;
    %assign/vec4 v000001c7e0e18210_0, 0;
    %pushi/vec4 1, 0, 1;
    %assign/vec4 v000001c7e0e17810_0, 0;
    %pushi/vec4 1, 0, 1;
    %assign/vec4 v000001c7e0e18530_0, 0;
    %pushi/vec4 10, 0, 32;
T_9.0 %dup/vec4;
    %pushi/vec4 0, 0, 32;
    %cmp/s;
    %jmp/1xz T_9.1, 5;
    %jmp/1 T_9.1, 4;
    %pushi/vec4 1, 0, 32;
    %sub;
    %vpi_func 3 118 "$urandom_range" 32, P_000001c7e0ddbc70, 32'sb00000000000000000000000000000000 {0 0 0};
    %pad/u 4;
    %store/vec4 v000001c7e0e171d0_0, 0, 4;
    %load/vec4 v000001c7e0e171d0_0;
    %assign/vec4 v000001c7e0e17090_0, 0;
    %wait E_000001c7e0e10300;
T_9.2 ;
    %load/vec4 v000001c7e0e17270_0;
    %inv;
    %flag_set/vec4 8;
    %jmp/0xz T_9.3, 8;
    %wait E_000001c7e0e10300;
    %jmp T_9.2;
T_9.3 ;
    %ix/load 4, 0, 0;
    %load/vec4 v000001c7e0e171d0_0;
    %store/qf/v v000001c7e0e180d0_0, 4, 4;
    %wait E_000001c7e0e10300;
    %jmp T_9.0;
T_9.1 ;
    %pop/vec4 1;
    %pushi/vec4 0, 0, 1;
    %store/vec4 v000001c7e0e18530_0, 0, 1;
    %pushi/vec4 2, 0, 32;
    %assign/vec4 v000001c7e0e18210_0, 0;
    %pushi/vec4 1, 0, 1;
    %assign/vec4 v000001c7e0e17810_0, 0;
    %pushi/vec4 0, 0, 1;
    %assign/vec4 v000001c7e0e18530_0, 0;
    %vpi_func 3 137 "$urandom_range" 32, P_000001c7e0ddbc70, 32'sb00000000000000000000000000000000 {0 0 0};
    %pad/u 4;
    %assign/vec4 v000001c7e0e171d0_0, 0;
    %vpi_func 3 139 "$urandom_range" 32, 32'sb00000000000000000000000001100100, 32'sb00000000000000000000000000000000 {0 0 0};
    %cmpi/u 50, 0, 32;
    %flag_get/vec4 5;
    %assign/vec4 v000001c7e0e16730_0, 0;
    %wait E_000001c7e0e10300;
    %pushi/vec4 5, 0, 32;
T_9.4 %dup/vec4;
    %pushi/vec4 0, 0, 32;
    %cmp/s;
    %jmp/1xz T_9.5, 5;
    %jmp/1 T_9.5, 4;
    %pushi/vec4 1, 0, 32;
    %sub;
T_9.6 ;
    %load/vec4 v000001c7e0e16730_0;
    %inv;
    %flag_set/vec4 8;
    %jmp/0xz T_9.7, 8;
    %pushi/vec4 0, 0, 1;
    %assign/vec4 v000001c7e0e18530_0, 0;
    %vpi_func 3 147 "$urandom_range" 32, 32'sb00000000000000000000000001100100, 32'sb00000000000000000000000000000000 {0 0 0};
    %cmpi/u 50, 0, 32;
    %flag_get/vec4 5;
    %assign/vec4 v000001c7e0e16730_0, 0;
    %pushi/vec4 15, 15, 4;
    %assign/vec4 v000001c7e0e17090_0, 0;
    %wait E_000001c7e0e10300;
    %jmp T_9.6;
T_9.7 ;
    %load/vec4 v000001c7e0e18490_0;
    %inv;
    %flag_set/vec4 8;
    %jmp/0xz  T_9.8, 8;
T_9.10 ;
    %load/vec4 v000001c7e0e18490_0;
    %inv;
    %flag_set/vec4 8;
    %jmp/0xz T_9.11, 8;
    %wait E_000001c7e0e10300;
    %jmp T_9.10;
T_9.11 ;
T_9.8 ;
    %pushi/vec4 1, 0, 1;
    %assign/vec4 v000001c7e0e18530_0, 0;
    %load/vec4 v000001c7e0e171d0_0;
    %assign/vec4 v000001c7e0e17090_0, 0;
    %ix/load 4, 0, 0;
    %load/vec4 v000001c7e0e171d0_0;
    %store/qf/v v000001c7e0e180d0_0, 4, 4;
    %vpi_func 3 159 "$urandom_range" 32, P_000001c7e0ddbc70, 32'sb00000000000000000000000000000000 {0 0 0};
    %pad/u 4;
    %assign/vec4 v000001c7e0e171d0_0, 0;
    %load/vec4 v000001c7e0e17270_0;
    %inv;
    %flag_set/vec4 8;
    %jmp/0xz  T_9.12, 8;
T_9.14 ;
    %load/vec4 v000001c7e0e17270_0;
    %inv;
    %flag_set/vec4 8;
    %jmp/0xz T_9.15, 8;
    %wait E_000001c7e0e10300;
    %jmp T_9.14;
T_9.15 ;
    %jmp T_9.13;
T_9.12 ;
    %wait E_000001c7e0e10300;
T_9.13 ;
    %load/vec4 v000001c7e0e17270_0;
    %inv;
    %flag_set/vec4 8;
    %jmp/0xz  T_9.16, 8;
T_9.18 ;
    %load/vec4 v000001c7e0e17270_0;
    %inv;
    %flag_set/vec4 8;
    %jmp/0xz T_9.19, 8;
    %wait E_000001c7e0e10300;
    %jmp T_9.18;
T_9.19 ;
T_9.16 ;
    %jmp T_9.4;
T_9.5 ;
    %pop/vec4 1;
    %pushi/vec4 3, 0, 32;
    %assign/vec4 v000001c7e0e18210_0, 0;
    %pushi/vec4 0, 0, 1;
    %assign/vec4 v000001c7e0e18530_0, 0;
    %pushi/vec4 0, 0, 1;
    %assign/vec4 v000001c7e0e17810_0, 0;
    %vpi_func 3 173 "$urandom_range" 32, P_000001c7e0ddbc70, 32'sb00000000000000000000000000000000 {0 0 0};
    %pad/u 4;
    %assign/vec4 v000001c7e0e171d0_0, 0;
    %wait E_000001c7e0e10300;
    %pushi/vec4 10, 0, 32;
T_9.20 %dup/vec4;
    %pushi/vec4 0, 0, 32;
    %cmp/s;
    %jmp/1xz T_9.21, 5;
    %jmp/1 T_9.21, 4;
    %pushi/vec4 1, 0, 32;
    %sub;
    %pushi/vec4 1, 0, 1;
    %assign/vec4 v000001c7e0e18530_0, 0;
    %load/vec4 v000001c7e0e171d0_0;
    %assign/vec4 v000001c7e0e17090_0, 0;
    %vpi_func 3 181 "$urandom_range" 32, 32'sb00000000000000000000000001100100, 32'sb00000000000000000000000000000000 {0 0 0};
    %cmpi/u 50, 0, 32;
    %flag_get/vec4 5;
    %assign/vec4 v000001c7e0e17810_0, 0;
    %wait E_000001c7e0e10300;
    %vpi_func 3 184 "$urandom_range" 32, P_000001c7e0ddbc70, 32'sb00000000000000000000000000000000 {0 0 0};
    %pad/u 4;
    %assign/vec4 v000001c7e0e171d0_0, 0;
    %load/vec4 v000001c7e0e17270_0;
    %inv;
    %flag_set/vec4 8;
    %jmp/0xz  T_9.22, 8;
T_9.24 ;
    %load/vec4 v000001c7e0e17270_0;
    %inv;
    %flag_set/vec4 8;
    %jmp/0xz T_9.25, 8;
    %wait E_000001c7e0e10300;
    %vpi_func 3 189 "$urandom_range" 32, 32'sb00000000000000000000000001100100, 32'sb00000000000000000000000000000000 {0 0 0};
    %cmpi/u 50, 0, 32;
    %flag_get/vec4 5;
    %assign/vec4 v000001c7e0e17810_0, 0;
    %jmp T_9.24;
T_9.25 ;
    %jmp T_9.23;
T_9.22 ;
    %wait E_000001c7e0e10300;
T_9.23 ;
    %ix/load 4, 0, 0;
    %load/vec4 v000001c7e0e17090_0;
    %store/qf/v v000001c7e0e180d0_0, 4, 4;
    %jmp T_9.20;
T_9.21 ;
    %pop/vec4 1;
    %pushi/vec4 0, 0, 1;
    %assign/vec4 v000001c7e0e18530_0, 0;
    %pushi/vec4 4, 0, 32;
    %assign/vec4 v000001c7e0e18210_0, 0;
    %vpi_func 3 203 "$urandom_range" 32, P_000001c7e0ddbc70, 32'sb00000000000000000000000000000000 {0 0 0};
    %pad/u 4;
    %assign/vec4 v000001c7e0e171d0_0, 0;
    %vpi_func 3 204 "$urandom_range" 32, 32'sb00000000000000000000000001100100, 32'sb00000000000000000000000000000000 {0 0 0};
    %cmpi/u 50, 0, 32;
    %flag_get/vec4 5;
    %assign/vec4 v000001c7e0e16730_0, 0;
    %vpi_func 3 205 "$urandom_range" 32, 32'sb00000000000000000000000001100100, 32'sb00000000000000000000000000000000 {0 0 0};
    %cmpi/u 50, 0, 32;
    %flag_get/vec4 5;
    %assign/vec4 v000001c7e0e17810_0, 0;
    %wait E_000001c7e0e10300;
    %pushi/vec4 100, 0, 32;
T_9.26 %dup/vec4;
    %pushi/vec4 0, 0, 32;
    %cmp/s;
    %jmp/1xz T_9.27, 5;
    %jmp/1 T_9.27, 4;
    %pushi/vec4 1, 0, 32;
    %sub;
T_9.28 ;
    %load/vec4 v000001c7e0e16730_0;
    %inv;
    %flag_set/vec4 8;
    %jmp/0xz T_9.29, 8;
    %vpi_func 3 213 "$urandom_range" 32, 32'sb00000000000000000000000001100100, 32'sb00000000000000000000000000000000 {0 0 0};
    %cmpi/u 50, 0, 32;
    %flag_get/vec4 5;
    %assign/vec4 v000001c7e0e16730_0, 0;
    %vpi_func 3 214 "$urandom_range" 32, 32'sb00000000000000000000000001100100, 32'sb00000000000000000000000000000000 {0 0 0};
    %cmpi/u 50, 0, 32;
    %flag_get/vec4 5;
    %assign/vec4 v000001c7e0e17810_0, 0;
    %pushi/vec4 15, 15, 4;
    %assign/vec4 v000001c7e0e17090_0, 0;
    %pushi/vec4 0, 0, 1;
    %assign/vec4 v000001c7e0e18530_0, 0;
    %wait E_000001c7e0e10300;
    %jmp T_9.28;
T_9.29 ;
    %load/vec4 v000001c7e0e171d0_0;
    %assign/vec4 v000001c7e0e17090_0, 0;
    %pushi/vec4 1, 0, 1;
    %assign/vec4 v000001c7e0e18530_0, 0;
    %vpi_func 3 224 "$urandom_range" 32, 32'sb00000000000000000000000001100100, 32'sb00000000000000000000000000000000 {0 0 0};
    %cmpi/u 50, 0, 32;
    %flag_get/vec4 5;
    %assign/vec4 v000001c7e0e16730_0, 0;
    %vpi_func 3 225 "$urandom_range" 32, 32'sb00000000000000000000000001100100, 32'sb00000000000000000000000000000000 {0 0 0};
    %cmpi/u 50, 0, 32;
    %flag_get/vec4 5;
    %assign/vec4 v000001c7e0e17810_0, 0;
    %vpi_func 3 227 "$urandom_range" 32, P_000001c7e0ddbc70, 32'sb00000000000000000000000000000000 {0 0 0};
    %pad/u 4;
    %assign/vec4 v000001c7e0e171d0_0, 0;
    %load/vec4 v000001c7e0e18490_0;
    %inv;
    %flag_set/vec4 8;
    %jmp/0xz  T_9.30, 8;
T_9.32 ;
    %load/vec4 v000001c7e0e18490_0;
    %inv;
    %flag_set/vec4 8;
    %jmp/0xz T_9.33, 8;
    %vpi_func 3 231 "$urandom_range" 32, 32'sb00000000000000000000000001100100, 32'sb00000000000000000000000000000000 {0 0 0};
    %cmpi/u 50, 0, 32;
    %flag_get/vec4 5;
    %assign/vec4 v000001c7e0e17810_0, 0;
    %wait E_000001c7e0e10300;
    %jmp T_9.32;
T_9.33 ;
    %jmp T_9.31;
T_9.30 ;
    %wait E_000001c7e0e10300;
T_9.31 ;
    %load/vec4 v000001c7e0e18490_0;
    %inv;
    %flag_set/vec4 8;
    %jmp/0xz  T_9.34, 8;
T_9.36 ;
    %load/vec4 v000001c7e0e18490_0;
    %inv;
    %flag_set/vec4 8;
    %jmp/0xz T_9.37, 8;
    %vpi_func 3 239 "$urandom_range" 32, 32'sb00000000000000000000000001100100, 32'sb00000000000000000000000000000000 {0 0 0};
    %cmpi/u 50, 0, 32;
    %flag_get/vec4 5;
    %assign/vec4 v000001c7e0e17810_0, 0;
    %wait E_000001c7e0e10300;
    %jmp T_9.36;
T_9.37 ;
T_9.34 ;
    %ix/load 4, 0, 0;
    %load/vec4 v000001c7e0e17090_0;
    %store/qf/v v000001c7e0e180d0_0, 4, 4;
    %jmp T_9.26;
T_9.27 ;
    %pop/vec4 1;
    %pushi/vec4 0, 0, 1;
    %assign/vec4 v000001c7e0e18530_0, 0;
    %pushi/vec4 1, 0, 1;
    %assign/vec4 v000001c7e0e17810_0, 0;
    %pushi/vec4 3, 0, 32;
T_9.38 %dup/vec4;
    %pushi/vec4 0, 0, 32;
    %cmp/s;
    %jmp/1xz T_9.39, 5;
    %jmp/1 T_9.39, 4;
    %pushi/vec4 1, 0, 32;
    %sub;
    %wait E_000001c7e0e10300;
    %jmp T_9.38;
T_9.39 ;
    %pop/vec4 1;
    %load/vec4 v000001c7e0e17f90_0;
    %cmpi/e 0, 0, 32;
    %jmp/0xz  T_9.40, 4;
    %vpi_call/w 3 256 "$display", "FAIL %s", "./testbench.sv" {0 0 0};
    %vpi_call/w 3 257 "$display", "NO input tokens" {0 0 0};
    %vpi_call/w 3 258 "$finish", 32'sb00000000000000000000000000000001 {0 0 0};
T_9.40 ;
    %vpi_func 3 261 "$size" 32, v000001c7e0e180d0_0 {0 0 0};
    %cmpi/ne 0, 0, 32;
    %jmp/0xz  T_9.42, 4;
    %vpi_call/w 3 262 "$display", "FAIL %s", "./testbench.sv" {0 0 0};
    %vpi_func 3 263 "$size" 32, v000001c7e0e180d0_0 {0 0 0};
    %vpi_call/w 3 263 "$display", "Queue is not empty. Queue size = %d", S<0,vec4,s32> {1 0 0};
    %qpop/b/v v000001c7e0e180d0_0, 4;
    %vpi_call/w 3 264 "$display", "token is : %b", S<0,vec4,u4> {1 0 0};
    %vpi_call/w 3 265 "$finish", 32'sb00000000000000000000000000000001 {0 0 0};
T_9.42 ;
    %vpi_call/w 3 268 "$display", "PASS %s", "./testbench.sv" {0 0 0};
    %vpi_call/w 3 269 "$finish" {0 0 0};
    %end;
    .thread T_9;
    .scope S_000001c7e0ddbae0;
T_10 ;
    %pushi/vec4 50000, 0, 32;
T_10.0 %dup/vec4;
    %pushi/vec4 0, 0, 32;
    %cmp/s;
    %jmp/1xz T_10.1, 5;
    %jmp/1 T_10.1, 4;
    %pushi/vec4 1, 0, 32;
    %sub;
    %wait E_000001c7e0e10300;
    %jmp T_10.0;
T_10.1 ;
    %pop/vec4 1;
    %vpi_call/w 3 275 "$display", "FAIL %s: timeout!", "./testbench.sv" {0 0 0};
    %vpi_call/w 3 276 "$finish" {0 0 0};
    %end;
    .thread T_10;
# The file index is used to find the file name in the following table.
:file_names 5;
    "N/A";
    "<interactive>";
    "-";
    "./testbench.sv";
    "./08_06_gearbox_2_to_1_fc.sv";
