#! /c/Source/iverilog-install/bin/vvp
:ivl_version "12.0 (devel)" "(s20150603-1539-g2693dd32b)";
:ivl_delay_selection "TYPICAL";
:vpi_time_precision + 0;
:vpi_module "C:\iverilog\lib\ivl\system.vpi";
:vpi_module "C:\iverilog\lib\ivl\vhdl_sys.vpi";
:vpi_module "C:\iverilog\lib\ivl\vhdl_textio.vpi";
:vpi_module "C:\iverilog\lib\ivl\v2005_math.vpi";
:vpi_module "C:\iverilog\lib\ivl\va_math.vpi";
:vpi_module "C:\iverilog\lib\ivl\v2009.vpi";
S_000001d2283f2250 .scope package, "$unit" "$unit" 2 1;
 .timescale 0 0;
S_000001d2283ed8c0 .scope module, "testbench" "testbench" 3 5;
 .timescale 0 0;
P_000001d2283eeab0 .param/l "depth" 0 3 7, +C4<00000000000000000000000000000100>;
P_000001d2283eeae8 .param/l "max_transfers" 1 3 218, +C4<00000000000000000000000001100100>;
P_000001d2283eeb20 .param/l "width" 0 3 7, +C4<00000000000000000000000000000100>;
v000001d228490c60_0 .var "a_count", 32 0;
v000001d228491b60_0 .var "a_data", 3 0;
v000001d228491020_0 .var/queue "a_queue", 4;
v000001d228490e40_0 .net "a_ready", 0 0, v000001d22842c670_0;  1 drivers
v000001d228491200_0 .var "a_valid", 0 0;
v000001d228491d40_0 .var "b_count", 32 0;
v000001d228491e80_0 .var "b_data", 3 0;
v000001d228490ee0_0 .var/queue "b_queue", 4;
v000001d2284903a0_0 .net "b_ready", 0 0, v000001d22842cad0_0;  1 drivers
v000001d2284910c0_0 .var "b_valid", 0 0;
v000001d2284912a0_0 .var "clk", 0 0;
v000001d228491340_0 .var/2u "cycle", 31 0;
v000001d2284913e0_0 .var "n_cycles", 32 0;
v000001d228491de0_0 .var "rst", 0 0;
v000001d228491660_0 .var "sum_count", 32 0;
v000001d2284917a0_0 .net "sum_data", 3 0, v000001d228490f80_0;  1 drivers
v000001d228491f20_0 .var "sum_data_expected", 3 0;
v000001d228491840_0 .var "sum_ready", 0 0;
v000001d228491480_0 .net "sum_valid", 0 0, v000001d228491160_0;  1 drivers
v000001d228491700_0 .var "was_reset", 0 0;
S_000001d2283f4b90 .scope begin, "$ivl_for_loop0" "$ivl_for_loop0" 3 164, 3 164 0, S_000001d2283ed8c0;
 .timescale 0 0;
v000001d22842d2f0_0 .var/2s "i", 31 0;
S_000001d228429830 .scope begin, "$ivl_for_loop1" "$ivl_for_loop1" 3 174, 3 174 0, S_000001d2283ed8c0;
 .timescale 0 0;
v000001d22842c990_0 .var/2s "i", 31 0;
S_000001d2284299c0 .scope module, "dut" "a_plus_b_using_double_buffers" 3 39, 4 1 0, S_000001d2283ed8c0;
 .timescale 0 0;
    .port_info 0 /INPUT 1 "clk";
    .port_info 1 /INPUT 1 "rst";
    .port_info 2 /INPUT 1 "a_valid";
    .port_info 3 /OUTPUT 1 "a_ready";
    .port_info 4 /INPUT 4 "a_data";
    .port_info 5 /INPUT 1 "b_valid";
    .port_info 6 /OUTPUT 1 "b_ready";
    .port_info 7 /INPUT 4 "b_data";
    .port_info 8 /OUTPUT 1 "sum_valid";
    .port_info 9 /INPUT 1 "sum_ready";
    .port_info 10 /OUTPUT 4 "sum_data";
P_000001d228434d40 .param/l "width" 0 4 3, +C4<00000000000000000000000000000100>;
v000001d228491ac0_0 .net "a_data", 3 0, v000001d228491b60_0;  1 drivers
v000001d228490300_0 .net "a_down_data", 3 0, v000001d22842ce90_0;  1 drivers
o000001d22843a628 .functor BUFZ 1, C4<z>; HiZ drive
v000001d2284906c0_0 .net "a_down_ready", 0 0, o000001d22843a628;  0 drivers
v000001d228490a80_0 .net "a_down_valid", 0 0, v000001d22842cf30_0;  1 drivers
v000001d228490580_0 .net "a_ready", 0 0, v000001d22842c670_0;  alias, 1 drivers
v000001d228490940_0 .net "a_valid", 0 0, v000001d228491200_0;  1 drivers
v000001d2284918e0_0 .net "b_data", 3 0, v000001d228491e80_0;  1 drivers
v000001d2284904e0_0 .net "b_down_data", 3 0, v000001d22842cfd0_0;  1 drivers
o000001d22843a958 .functor BUFZ 1, C4<z>; HiZ drive
v000001d228491ca0_0 .net "b_down_ready", 0 0, o000001d22843a958;  0 drivers
v000001d228490260_0 .net "b_down_valid", 0 0, v000001d22842d110_0;  1 drivers
v000001d228490760_0 .net "b_ready", 0 0, v000001d22842cad0_0;  alias, 1 drivers
v000001d2284901c0_0 .net "b_valid", 0 0, v000001d2284910c0_0;  1 drivers
v000001d228490800_0 .net "clk", 0 0, v000001d2284912a0_0;  1 drivers
v000001d228491c00_0 .net "rst", 0 0, v000001d228491de0_0;  1 drivers
v000001d228490b20_0 .net "sum_data", 3 0, v000001d228490f80_0;  alias, 1 drivers
v000001d228491980_0 .net "sum_ready", 0 0, v000001d228491840_0;  1 drivers
v000001d2284915c0_0 .net "sum_up_ready", 0 0, v000001d228490d00_0;  1 drivers
o000001d22843ad18 .functor BUFZ 1, C4<z>; HiZ drive
v000001d228491520_0 .net "sum_up_valid", 0 0, o000001d22843ad18;  0 drivers
v000001d228490bc0_0 .net "sum_valid", 0 0, v000001d228491160_0;  alias, 1 drivers
S_000001d2283ff5f0 .scope module, "buffer_a" "double_buffer_from_dally_harting" 4 30, 5 8 0, S_000001d2284299c0;
 .timescale 0 0;
    .port_info 0 /INPUT 1 "clk";
    .port_info 1 /INPUT 1 "rst";
    .port_info 2 /INPUT 1 "up_valid";
    .port_info 3 /OUTPUT 1 "up_ready";
    .port_info 4 /INPUT 4 "up_data";
    .port_info 5 /OUTPUT 1 "down_valid";
    .port_info 6 /INPUT 1 "down_ready";
    .port_info 7 /OUTPUT 4 "down_data";
P_000001d228435240 .param/l "width" 0 5 10, +C4<00000000000000000000000000000100>;
v000001d22842c530_0 .var "buf_data", 3 0;
v000001d22842cdf0_0 .var "buf_valid", 0 0;
v000001d22842ccb0_0 .net "clk", 0 0, v000001d2284912a0_0;  alias, 1 drivers
v000001d22842ce90_0 .var "down_data", 3 0;
v000001d22842cb70_0 .net "down_ready", 0 0, o000001d22843a628;  alias, 0 drivers
v000001d22842cf30_0 .var "down_valid", 0 0;
v000001d22842ca30_0 .net "rst", 0 0, v000001d228491de0_0;  alias, 1 drivers
v000001d22842c850_0 .net "up_data", 3 0, v000001d228491b60_0;  alias, 1 drivers
v000001d22842c670_0 .var "up_ready", 0 0;
v000001d22842c3f0_0 .net "up_valid", 0 0, v000001d228491200_0;  alias, 1 drivers
E_000001d228434580 .event posedge, v000001d22842ca30_0, v000001d22842ccb0_0;
E_000001d228435000 .event posedge, v000001d22842ccb0_0;
S_000001d2283ff780 .scope module, "buffer_b" "double_buffer_from_dally_harting" 4 52, 5 8 0, S_000001d2284299c0;
 .timescale 0 0;
    .port_info 0 /INPUT 1 "clk";
    .port_info 1 /INPUT 1 "rst";
    .port_info 2 /INPUT 1 "up_valid";
    .port_info 3 /OUTPUT 1 "up_ready";
    .port_info 4 /INPUT 4 "up_data";
    .port_info 5 /OUTPUT 1 "down_valid";
    .port_info 6 /INPUT 1 "down_ready";
    .port_info 7 /OUTPUT 4 "down_data";
P_000001d2284351c0 .param/l "width" 0 5 10, +C4<00000000000000000000000000000100>;
v000001d22842d1b0_0 .var "buf_data", 3 0;
v000001d22842cc10_0 .var "buf_valid", 0 0;
v000001d22842cd50_0 .net "clk", 0 0, v000001d2284912a0_0;  alias, 1 drivers
v000001d22842cfd0_0 .var "down_data", 3 0;
v000001d22842c8f0_0 .net "down_ready", 0 0, o000001d22843a958;  alias, 0 drivers
v000001d22842d110_0 .var "down_valid", 0 0;
v000001d22842c7b0_0 .net "rst", 0 0, v000001d228491de0_0;  alias, 1 drivers
v000001d22842c490_0 .net "up_data", 3 0, v000001d228491e80_0;  alias, 1 drivers
v000001d22842cad0_0 .var "up_ready", 0 0;
v000001d22842d250_0 .net "up_valid", 0 0, v000001d2284910c0_0;  alias, 1 drivers
S_000001d2283fa000 .scope module, "buffer_sum" "double_buffer_from_dally_harting" 4 82, 5 8 0, S_000001d2284299c0;
 .timescale 0 0;
    .port_info 0 /INPUT 1 "clk";
    .port_info 1 /INPUT 1 "rst";
    .port_info 2 /INPUT 1 "up_valid";
    .port_info 3 /OUTPUT 1 "up_ready";
    .port_info 4 /INPUT 4 "up_data";
    .port_info 5 /OUTPUT 1 "down_valid";
    .port_info 6 /INPUT 1 "down_ready";
    .port_info 7 /OUTPUT 4 "down_data";
P_000001d228434940 .param/l "width" 0 5 10, +C4<00000000000000000000000000000100>;
v000001d22842c5d0_0 .var "buf_data", 3 0;
v000001d22842c710_0 .var "buf_valid", 0 0;
v000001d228490da0_0 .net "clk", 0 0, v000001d2284912a0_0;  alias, 1 drivers
v000001d228490f80_0 .var "down_data", 3 0;
v000001d2284908a0_0 .net "down_ready", 0 0, v000001d228491840_0;  alias, 1 drivers
v000001d228491160_0 .var "down_valid", 0 0;
v000001d228490120_0 .net "rst", 0 0, v000001d228491de0_0;  alias, 1 drivers
L_000001d228520088 .functor BUFT 1, C4<000z>, C4<0>, C4<0>, C4<0>;
v000001d228490620_0 .net "up_data", 3 0, L_000001d228520088;  1 drivers
v000001d228490d00_0 .var "up_ready", 0 0;
v000001d2284909e0_0 .net "up_valid", 0 0, o000001d22843ad18;  alias, 0 drivers
    .scope S_000001d2283ff5f0;
T_0 ;
    %wait E_000001d228435000;
    %load/vec4 v000001d22842c670_0;
    %load/vec4 v000001d22842cb70_0;
    %inv;
    %and;
    %flag_set/vec4 8;
    %jmp/0xz  T_0.0, 8;
    %load/vec4 v000001d22842c850_0;
    %assign/vec4 v000001d22842c530_0, 0;
T_0.0 ;
    %load/vec4 v000001d22842cb70_0;
    %flag_set/vec4 8;
    %jmp/0xz  T_0.2, 8;
    %load/vec4 v000001d22842c670_0;
    %flag_set/vec4 8;
    %jmp/0 T_0.4, 8;
    %load/vec4 v000001d22842c850_0;
    %jmp/1 T_0.5, 8;
T_0.4 ; End of true expr.
    %load/vec4 v000001d22842c530_0;
    %jmp/0 T_0.5, 8;
 ; End of false expr.
    %blend;
T_0.5;
    %assign/vec4 v000001d22842ce90_0, 0;
T_0.2 ;
    %jmp T_0;
    .thread T_0;
    .scope S_000001d2283ff5f0;
T_1 ;
    %wait E_000001d228434580;
    %load/vec4 v000001d22842ca30_0;
    %flag_set/vec4 8;
    %jmp/0xz  T_1.0, 8;
    %pushi/vec4 0, 0, 1;
    %assign/vec4 v000001d22842cdf0_0, 0;
    %pushi/vec4 0, 0, 1;
    %assign/vec4 v000001d22842cf30_0, 0;
    %pushi/vec4 1, 0, 1;
    %assign/vec4 v000001d22842c670_0, 0;
    %jmp T_1.1;
T_1.0 ;
    %load/vec4 v000001d22842c670_0;
    %load/vec4 v000001d22842cb70_0;
    %inv;
    %and;
    %flag_set/vec4 8;
    %jmp/0xz  T_1.2, 8;
    %load/vec4 v000001d22842c3f0_0;
    %assign/vec4 v000001d22842cdf0_0, 0;
T_1.2 ;
    %load/vec4 v000001d22842cb70_0;
    %flag_set/vec4 8;
    %jmp/0xz  T_1.4, 8;
    %load/vec4 v000001d22842c670_0;
    %flag_set/vec4 8;
    %jmp/0 T_1.6, 8;
    %load/vec4 v000001d22842c3f0_0;
    %jmp/1 T_1.7, 8;
T_1.6 ; End of true expr.
    %load/vec4 v000001d22842cdf0_0;
    %jmp/0 T_1.7, 8;
 ; End of false expr.
    %blend;
T_1.7;
    %assign/vec4 v000001d22842cf30_0, 0;
T_1.4 ;
    %load/vec4 v000001d22842cb70_0;
    %assign/vec4 v000001d22842c670_0, 0;
T_1.1 ;
    %jmp T_1;
    .thread T_1;
    .scope S_000001d2283ff780;
T_2 ;
    %wait E_000001d228435000;
    %load/vec4 v000001d22842cad0_0;
    %load/vec4 v000001d22842c8f0_0;
    %inv;
    %and;
    %flag_set/vec4 8;
    %jmp/0xz  T_2.0, 8;
    %load/vec4 v000001d22842c490_0;
    %assign/vec4 v000001d22842d1b0_0, 0;
T_2.0 ;
    %load/vec4 v000001d22842c8f0_0;
    %flag_set/vec4 8;
    %jmp/0xz  T_2.2, 8;
    %load/vec4 v000001d22842cad0_0;
    %flag_set/vec4 8;
    %jmp/0 T_2.4, 8;
    %load/vec4 v000001d22842c490_0;
    %jmp/1 T_2.5, 8;
T_2.4 ; End of true expr.
    %load/vec4 v000001d22842d1b0_0;
    %jmp/0 T_2.5, 8;
 ; End of false expr.
    %blend;
T_2.5;
    %assign/vec4 v000001d22842cfd0_0, 0;
T_2.2 ;
    %jmp T_2;
    .thread T_2;
    .scope S_000001d2283ff780;
T_3 ;
    %wait E_000001d228434580;
    %load/vec4 v000001d22842c7b0_0;
    %flag_set/vec4 8;
    %jmp/0xz  T_3.0, 8;
    %pushi/vec4 0, 0, 1;
    %assign/vec4 v000001d22842cc10_0, 0;
    %pushi/vec4 0, 0, 1;
    %assign/vec4 v000001d22842d110_0, 0;
    %pushi/vec4 1, 0, 1;
    %assign/vec4 v000001d22842cad0_0, 0;
    %jmp T_3.1;
T_3.0 ;
    %load/vec4 v000001d22842cad0_0;
    %load/vec4 v000001d22842c8f0_0;
    %inv;
    %and;
    %flag_set/vec4 8;
    %jmp/0xz  T_3.2, 8;
    %load/vec4 v000001d22842d250_0;
    %assign/vec4 v000001d22842cc10_0, 0;
T_3.2 ;
    %load/vec4 v000001d22842c8f0_0;
    %flag_set/vec4 8;
    %jmp/0xz  T_3.4, 8;
    %load/vec4 v000001d22842cad0_0;
    %flag_set/vec4 8;
    %jmp/0 T_3.6, 8;
    %load/vec4 v000001d22842d250_0;
    %jmp/1 T_3.7, 8;
T_3.6 ; End of true expr.
    %load/vec4 v000001d22842cc10_0;
    %jmp/0 T_3.7, 8;
 ; End of false expr.
    %blend;
T_3.7;
    %assign/vec4 v000001d22842d110_0, 0;
T_3.4 ;
    %load/vec4 v000001d22842c8f0_0;
    %assign/vec4 v000001d22842cad0_0, 0;
T_3.1 ;
    %jmp T_3;
    .thread T_3;
    .scope S_000001d2283fa000;
T_4 ;
    %wait E_000001d228435000;
    %load/vec4 v000001d228490d00_0;
    %load/vec4 v000001d2284908a0_0;
    %inv;
    %and;
    %flag_set/vec4 8;
    %jmp/0xz  T_4.0, 8;
    %load/vec4 v000001d228490620_0;
    %assign/vec4 v000001d22842c5d0_0, 0;
T_4.0 ;
    %load/vec4 v000001d2284908a0_0;
    %flag_set/vec4 8;
    %jmp/0xz  T_4.2, 8;
    %load/vec4 v000001d228490d00_0;
    %flag_set/vec4 8;
    %jmp/0 T_4.4, 8;
    %load/vec4 v000001d228490620_0;
    %jmp/1 T_4.5, 8;
T_4.4 ; End of true expr.
    %load/vec4 v000001d22842c5d0_0;
    %jmp/0 T_4.5, 8;
 ; End of false expr.
    %blend;
T_4.5;
    %assign/vec4 v000001d228490f80_0, 0;
T_4.2 ;
    %jmp T_4;
    .thread T_4;
    .scope S_000001d2283fa000;
T_5 ;
    %wait E_000001d228434580;
    %load/vec4 v000001d228490120_0;
    %flag_set/vec4 8;
    %jmp/0xz  T_5.0, 8;
    %pushi/vec4 0, 0, 1;
    %assign/vec4 v000001d22842c710_0, 0;
    %pushi/vec4 0, 0, 1;
    %assign/vec4 v000001d228491160_0, 0;
    %pushi/vec4 1, 0, 1;
    %assign/vec4 v000001d228490d00_0, 0;
    %jmp T_5.1;
T_5.0 ;
    %load/vec4 v000001d228490d00_0;
    %load/vec4 v000001d2284908a0_0;
    %inv;
    %and;
    %flag_set/vec4 8;
    %jmp/0xz  T_5.2, 8;
    %load/vec4 v000001d2284909e0_0;
    %assign/vec4 v000001d22842c710_0, 0;
T_5.2 ;
    %load/vec4 v000001d2284908a0_0;
    %flag_set/vec4 8;
    %jmp/0xz  T_5.4, 8;
    %load/vec4 v000001d228490d00_0;
    %flag_set/vec4 8;
    %jmp/0 T_5.6, 8;
    %load/vec4 v000001d2284909e0_0;
    %jmp/1 T_5.7, 8;
T_5.6 ; End of true expr.
    %load/vec4 v000001d22842c710_0;
    %jmp/0 T_5.7, 8;
 ; End of false expr.
    %blend;
T_5.7;
    %assign/vec4 v000001d228491160_0, 0;
T_5.4 ;
    %load/vec4 v000001d2284908a0_0;
    %assign/vec4 v000001d228490d00_0, 0;
T_5.1 ;
    %jmp T_5;
    .thread T_5;
    .scope S_000001d2283ed8c0;
T_6 ;
    %pushi/vec4 0, 0, 32;
    %store/vec4 v000001d228491340_0, 0, 32;
    %pushi/vec4 0, 0, 1;
    %store/vec4 v000001d228491700_0, 0, 1;
    %end;
    .thread T_6, $init;
    .scope S_000001d2283ed8c0;
T_7 ;
    %pushi/vec4 1, 0, 1;
    %store/vec4 v000001d2284912a0_0, 0, 1;
T_7.0 ;
    %delay 5, 0;
    %load/vec4 v000001d2284912a0_0;
    %inv;
    %store/vec4 v000001d2284912a0_0, 0, 1;
    %jmp T_7.0;
    %end;
    .thread T_7;
    .scope S_000001d2283ed8c0;
T_8 ;
    %pushi/vec4 10000, 0, 32;
T_8.0 %dup/vec4;
    %pushi/vec4 0, 0, 32;
    %cmp/s;
    %jmp/1xz T_8.1, 5;
    %jmp/1 T_8.1, 4;
    %pushi/vec4 1, 0, 32;
    %sub;
    %wait E_000001d228435000;
    %jmp T_8.0;
T_8.1 ;
    %pop/vec4 1;
    %vpi_call/w 3 53 "$display", "FAIL %s: timeout!", "./testbench.sv" {0 0 0};
    %vpi_call/w 3 54 "$finish" {0 0 0};
    %end;
    .thread T_8;
    .scope S_000001d2283ed8c0;
T_9 ;
    %wait E_000001d228435000;
    %vpi_call/w 3 64 "$write", "time %7d cycle %5d", $time, v000001d228491340_0 {0 0 0};
    %load/vec4 v000001d228491340_0;
    %addi 1, 0, 32;
    %cast2;
    %assign/vec4 v000001d228491340_0, 0;
    %load/vec4 v000001d228491de0_0;
    %flag_set/vec4 8;
    %jmp/0xz  T_9.0, 8;
    %vpi_call/w 3 67 "$write", " rst" {0 0 0};
    %jmp T_9.1;
T_9.0 ;
    %vpi_call/w 3 67 "$write", "    " {0 0 0};
T_9.1 ;
    %load/vec4 v000001d228491200_0;
    %flag_set/vec4 8;
    %jmp/0xz  T_9.2, 8;
    %vpi_call/w 3 69 "$write", " a_valid" {0 0 0};
    %jmp T_9.3;
T_9.2 ;
    %vpi_call/w 3 69 "$write", "        " {0 0 0};
T_9.3 ;
    %load/vec4 v000001d228490e40_0;
    %flag_set/vec4 8;
    %jmp/0xz  T_9.4, 8;
    %vpi_call/w 3 70 "$write", " a_ready" {0 0 0};
    %jmp T_9.5;
T_9.4 ;
    %vpi_call/w 3 70 "$write", "        " {0 0 0};
T_9.5 ;
    %load/vec4 v000001d228491200_0;
    %load/vec4 v000001d228490e40_0;
    %and;
    %flag_set/vec4 8;
    %jmp/0xz  T_9.6, 8;
    %vpi_call/w 3 73 "$write", " %h", v000001d228491b60_0 {0 0 0};
    %jmp T_9.7;
T_9.6 ;
    %vpi_call/w 3 75 "$write", "  " {0 0 0};
T_9.7 ;
    %load/vec4 v000001d2284910c0_0;
    %flag_set/vec4 8;
    %jmp/0xz  T_9.8, 8;
    %vpi_call/w 3 77 "$write", " b_valid" {0 0 0};
    %jmp T_9.9;
T_9.8 ;
    %vpi_call/w 3 77 "$write", "        " {0 0 0};
T_9.9 ;
    %load/vec4 v000001d2284903a0_0;
    %flag_set/vec4 8;
    %jmp/0xz  T_9.10, 8;
    %vpi_call/w 3 78 "$write", " b_ready" {0 0 0};
    %jmp T_9.11;
T_9.10 ;
    %vpi_call/w 3 78 "$write", "        " {0 0 0};
T_9.11 ;
    %load/vec4 v000001d2284910c0_0;
    %load/vec4 v000001d2284903a0_0;
    %and;
    %flag_set/vec4 8;
    %jmp/0xz  T_9.12, 8;
    %vpi_call/w 3 81 "$write", " %h", v000001d228491e80_0 {0 0 0};
    %jmp T_9.13;
T_9.12 ;
    %vpi_call/w 3 83 "$write", "  " {0 0 0};
T_9.13 ;
    %load/vec4 v000001d228491480_0;
    %flag_set/vec4 8;
    %jmp/0xz  T_9.14, 8;
    %vpi_call/w 3 85 "$write", " sum_valid" {0 0 0};
    %jmp T_9.15;
T_9.14 ;
    %vpi_call/w 3 85 "$write", "          " {0 0 0};
T_9.15 ;
    %load/vec4 v000001d228491840_0;
    %flag_set/vec4 8;
    %jmp/0xz  T_9.16, 8;
    %vpi_call/w 3 86 "$write", " sum_ready" {0 0 0};
    %jmp T_9.17;
T_9.16 ;
    %vpi_call/w 3 86 "$write", "          " {0 0 0};
T_9.17 ;
    %load/vec4 v000001d228491480_0;
    %load/vec4 v000001d228491840_0;
    %and;
    %flag_set/vec4 8;
    %jmp/0xz  T_9.18, 8;
    %vpi_call/w 3 89 "$write", " %h", v000001d2284917a0_0 {0 0 0};
    %jmp T_9.19;
T_9.18 ;
    %vpi_call/w 3 91 "$write", "  " {0 0 0};
T_9.19 ;
    %vpi_call/w 3 93 "$display" {0 0 0};
    %jmp T_9;
    .thread T_9;
    .scope S_000001d2283ed8c0;
T_10 ;
    %wait E_000001d228435000;
    %load/vec4 v000001d228491de0_0;
    %flag_set/vec4 8;
    %jmp/0xz  T_10.0, 8;
    %ix/load 4, 0, 0;
    %null;
    %store/obj v000001d228491020_0;
    %ix/load 4, 0, 0;
    %null;
    %store/obj v000001d228490ee0_0;
    %pushi/vec4 1, 0, 1;
    %store/vec4 v000001d228491700_0, 0, 1;
    %jmp T_10.1;
T_10.0 ;
    %load/vec4 v000001d228491700_0;
    %flag_set/vec4 8;
    %jmp/0xz  T_10.2, 8;
    %load/vec4 v000001d228491200_0;
    %load/vec4 v000001d228490e40_0;
    %and;
    %flag_set/vec4 8;
    %jmp/0xz  T_10.4, 8;
    %ix/load 4, 0, 0;
    %load/vec4 v000001d228491b60_0;
    %store/qb/v v000001d228491020_0, 4, 4;
T_10.4 ;
    %load/vec4 v000001d2284910c0_0;
    %load/vec4 v000001d2284903a0_0;
    %and;
    %flag_set/vec4 8;
    %jmp/0xz  T_10.6, 8;
    %ix/load 4, 0, 0;
    %load/vec4 v000001d228491e80_0;
    %store/qb/v v000001d228490ee0_0, 4, 4;
T_10.6 ;
    %load/vec4 v000001d228491480_0;
    %load/vec4 v000001d228491840_0;
    %and;
    %flag_set/vec4 8;
    %jmp/0xz  T_10.8, 8;
    %vpi_func 3 129 "$size" 32, v000001d228491020_0 {0 0 0};
    %cmpi/e 0, 0, 32;
    %jmp/1 T_10.12, 4;
    %flag_mov 8, 4;
    %vpi_func 3 129 "$size" 32, v000001d228490ee0_0 {0 0 0};
    %cmpi/e 0, 0, 32;
    %flag_or 4, 8;
T_10.12;
    %jmp/0xz  T_10.10, 4;
    %vpi_call/w 3 131 "$display", "\012ERROR: unexpected sum %h", v000001d2284917a0_0 {0 0 0};
    %jmp T_10.11;
T_10.10 ;
    %ix/load 3, 0, 0;
    %flag_set/imm 4, 0;
    %load/dar/vec4 v000001d228491020_0;
    %ix/load 3, 0, 0;
    %flag_set/imm 4, 0;
    %load/dar/vec4 v000001d228490ee0_0;
    %add;
    %store/vec4 v000001d228491f20_0, 0, 4;
    %ix/load 3, 0, 0;
    %flag_set/imm 4, 0;
    %delete/elem v000001d228491020_0;
    %ix/load 3, 0, 0;
    %flag_set/imm 4, 0;
    %delete/elem v000001d228490ee0_0;
    %load/vec4 v000001d228491f20_0;
    %load/vec4 v000001d2284917a0_0;
    %cmp/ne;
    %jmp/0xz  T_10.13, 6;
    %vpi_call/w 3 146 "$display", "\012ERROR: downstream data mismatch. Expected %h, actual %h", v000001d228491f20_0, v000001d2284917a0_0 {0 0 0};
T_10.13 ;
T_10.11 ;
T_10.8 ;
T_10.2 ;
T_10.1 ;
    %jmp T_10;
    .thread T_10;
    .scope S_000001d2283ed8c0;
T_11 ;
    %vpi_func 3 160 "$size" 32, v000001d228491020_0 {0 0 0};
    %cmpi/ne 0, 0, 32;
    %jmp/0xz  T_11.0, 4;
    %vpi_call/w 3 162 "$write", "\012ERROR: data is left sitting in the model a_queue:" {0 0 0};
    %fork t_1, S_000001d2283f4b90;
    %jmp t_0;
    .scope S_000001d2283f4b90;
t_1 ;
    %pushi/vec4 0, 0, 32;
    %store/vec4 v000001d22842d2f0_0, 0, 32;
T_11.2 ;
    %load/vec4 v000001d22842d2f0_0;
    %vpi_func 3 164 "$size" 32, v000001d228491020_0 {0 0 0};
    %cmp/s;
    %jmp/0xz T_11.3, 5;
    %vpi_func 3 165 "$size" 32, v000001d228491020_0 {0 0 0};
    %load/vec4 v000001d22842d2f0_0;
    %sub;
    %subi 1, 0, 32;
    %ix/vec4/s 3;
    %load/dar/vec4 v000001d228491020_0;
    %vpi_call/w 3 165 "$write", " %h", S<0,vec4,u4> {1 0 0};
    ; show_stmt_assign_vector: Get l-value for compressed += operand
    %load/vec4 v000001d22842d2f0_0;
    %pushi/vec4 1, 0, 32;
    %add;
    %cast2;
    %store/vec4 v000001d22842d2f0_0, 0, 32;
    %jmp T_11.2;
T_11.3 ;
    %end;
    .scope S_000001d2283ed8c0;
t_0 %join;
    %vpi_call/w 3 167 "$display" {0 0 0};
T_11.0 ;
    %vpi_func 3 170 "$size" 32, v000001d228490ee0_0 {0 0 0};
    %cmpi/ne 0, 0, 32;
    %jmp/0xz  T_11.4, 4;
    %vpi_call/w 3 172 "$write", "\012ERROR: data is left sitting in the model b_queue:" {0 0 0};
    %fork t_3, S_000001d228429830;
    %jmp t_2;
    .scope S_000001d228429830;
t_3 ;
    %pushi/vec4 0, 0, 32;
    %store/vec4 v000001d22842c990_0, 0, 32;
T_11.6 ;
    %load/vec4 v000001d22842c990_0;
    %vpi_func 3 174 "$size" 32, v000001d228490ee0_0 {0 0 0};
    %cmp/s;
    %jmp/0xz T_11.7, 5;
    %vpi_func 3 175 "$size" 32, v000001d228490ee0_0 {0 0 0};
    %load/vec4 v000001d22842c990_0;
    %sub;
    %subi 1, 0, 32;
    %ix/vec4/s 3;
    %load/dar/vec4 v000001d228490ee0_0;
    %vpi_call/w 3 175 "$write", " %h", S<0,vec4,u4> {1 0 0};
    ; show_stmt_assign_vector: Get l-value for compressed += operand
    %load/vec4 v000001d22842c990_0;
    %pushi/vec4 1, 0, 32;
    %add;
    %cast2;
    %store/vec4 v000001d22842c990_0, 0, 32;
    %jmp T_11.6;
T_11.7 ;
    %end;
    .scope S_000001d2283ed8c0;
t_2 %join;
    %vpi_call/w 3 177 "$display" {0 0 0};
T_11.4 ;
    %end;
    .thread T_11, $final;
    .scope S_000001d2283ed8c0;
T_12 ;
    %wait E_000001d228435000;
    %load/vec4 v000001d228491de0_0;
    %flag_set/vec4 8;
    %jmp/0xz  T_12.0, 8;
    %pushi/vec4 0, 0, 33;
    %assign/vec4 v000001d2284913e0_0, 0;
    %pushi/vec4 0, 0, 33;
    %assign/vec4 v000001d228490c60_0, 0;
    %pushi/vec4 0, 0, 33;
    %assign/vec4 v000001d228491d40_0, 0;
    %pushi/vec4 0, 0, 33;
    %assign/vec4 v000001d228491660_0, 0;
    %jmp T_12.1;
T_12.0 ;
    %load/vec4 v000001d2284913e0_0;
    %addi 1, 0, 33;
    %assign/vec4 v000001d2284913e0_0, 0;
    %load/vec4 v000001d228491200_0;
    %load/vec4 v000001d228490e40_0;
    %and;
    %flag_set/vec4 8;
    %jmp/0xz  T_12.2, 8;
    %load/vec4 v000001d228490c60_0;
    %addi 1, 0, 33;
    %assign/vec4 v000001d228490c60_0, 0;
T_12.2 ;
    %load/vec4 v000001d2284910c0_0;
    %load/vec4 v000001d2284903a0_0;
    %and;
    %flag_set/vec4 8;
    %jmp/0xz  T_12.4, 8;
    %load/vec4 v000001d228491d40_0;
    %addi 1, 0, 33;
    %assign/vec4 v000001d228491d40_0, 0;
T_12.4 ;
    %load/vec4 v000001d228491480_0;
    %load/vec4 v000001d228491840_0;
    %and;
    %flag_set/vec4 8;
    %jmp/0xz  T_12.6, 8;
    %load/vec4 v000001d228491660_0;
    %addi 1, 0, 33;
    %assign/vec4 v000001d228491660_0, 0;
T_12.6 ;
T_12.1 ;
    %jmp T_12;
    .thread T_12;
    .scope S_000001d2283ed8c0;
T_13 ;
    %vpi_call/w 3 207 "$display", "\012\012number of sum transfers : %0d per %0d cycles", v000001d228491660_0, v000001d2284913e0_0 {0 0 0};
    %load/vec4 v000001d228490c60_0;
    %load/vec4 v000001d228491d40_0;
    %cmp/ne;
    %flag_get/vec4 4;
    %load/vec4 v000001d228490c60_0;
    %load/vec4 v000001d228491660_0;
    %cmp/ne;
    %flag_get/vec4 4;
    %or;
    %flag_set/vec4 8;
    %jmp/0xz  T_13.0, 8;
    %vpi_call/w 3 211 "$display", "\012ERROR: number of transfers do not match: a: %0d b: %0s sum %0d", v000001d228490c60_0, v000001d228491d40_0, v000001d228491660_0 {0 0 0};
T_13.0 ;
    %end;
    .thread T_13, $final;
    .scope S_000001d2283ed8c0;
T_14 ;
    %pushi/vec4 0, 0, 1;
    %assign/vec4 v000001d228491200_0, 0;
    %pushi/vec4 0, 0, 1;
    %assign/vec4 v000001d2284910c0_0, 0;
    %pushi/vec4 0, 0, 1;
    %assign/vec4 v000001d228491840_0, 0;
    %pushi/vec4 3, 0, 32;
T_14.0 %dup/vec4;
    %pushi/vec4 0, 0, 32;
    %cmp/s;
    %jmp/1xz T_14.1, 5;
    %jmp/1 T_14.1, 4;
    %pushi/vec4 1, 0, 32;
    %sub;
    %wait E_000001d228435000;
    %jmp T_14.0;
T_14.1 ;
    %pop/vec4 1;
    %pushi/vec4 1, 0, 1;
    %assign/vec4 v000001d228491de0_0, 0;
    %pushi/vec4 3, 0, 32;
T_14.2 %dup/vec4;
    %pushi/vec4 0, 0, 32;
    %cmp/s;
    %jmp/1xz T_14.3, 5;
    %jmp/1 T_14.3, 4;
    %pushi/vec4 1, 0, 32;
    %sub;
    %wait E_000001d228435000;
    %jmp T_14.2;
T_14.3 ;
    %pop/vec4 1;
    %pushi/vec4 0, 0, 1;
    %assign/vec4 v000001d228491de0_0, 0;
    %vpi_call/w 3 246 "$display", "*** Run back-to-back" {0 0 0};
    %pushi/vec4 1, 0, 1;
    %assign/vec4 v000001d228491200_0, 0;
    %pushi/vec4 1, 0, 1;
    %assign/vec4 v000001d2284910c0_0, 0;
    %pushi/vec4 1, 0, 1;
    %assign/vec4 v000001d228491840_0, 0;
    %pushi/vec4 20, 0, 32;
T_14.4 %dup/vec4;
    %pushi/vec4 0, 0, 32;
    %cmp/s;
    %jmp/1xz T_14.5, 5;
    %jmp/1 T_14.5, 4;
    %pushi/vec4 1, 0, 32;
    %sub;
    %wait E_000001d228435000;
    %jmp T_14.4;
T_14.5 ;
    %pop/vec4 1;
    %vpi_call/w 3 254 "$display", "*** Supplying only \042a\042" {0 0 0};
T_14.6 ;
    %load/vec4 v000001d2284903a0_0;
    %inv;
    %flag_set/vec4 8;
    %jmp/0xz T_14.7, 8;
    %wait E_000001d228435000;
    %jmp T_14.6;
T_14.7 ;
    %pushi/vec4 0, 0, 1;
    %assign/vec4 v000001d2284910c0_0, 0;
    %pushi/vec4 20, 0, 32;
T_14.8 %dup/vec4;
    %pushi/vec4 0, 0, 32;
    %cmp/s;
    %jmp/1xz T_14.9, 5;
    %jmp/1 T_14.9, 4;
    %pushi/vec4 1, 0, 32;
    %sub;
    %wait E_000001d228435000;
    %jmp T_14.8;
T_14.9 ;
    %pop/vec4 1;
    %vpi_call/w 3 265 "$display", "*** Supplying only \042b\042" {0 0 0};
    %pushi/vec4 1, 0, 1;
    %assign/vec4 v000001d2284910c0_0, 0;
T_14.10 ;
    %load/vec4 v000001d228490e40_0;
    %inv;
    %flag_set/vec4 8;
    %jmp/0xz T_14.11, 8;
    %wait E_000001d228435000;
    %jmp T_14.10;
T_14.11 ;
    %pushi/vec4 0, 0, 1;
    %assign/vec4 v000001d228491200_0, 0;
    %pushi/vec4 20, 0, 32;
T_14.12 %dup/vec4;
    %pushi/vec4 0, 0, 32;
    %cmp/s;
    %jmp/1xz T_14.13, 5;
    %jmp/1 T_14.13, 4;
    %pushi/vec4 1, 0, 32;
    %sub;
    %wait E_000001d228435000;
    %jmp T_14.12;
T_14.13 ;
    %pop/vec4 1;
    %vpi_call/w 3 278 "$display", "*** Applying backpressure" {0 0 0};
    %pushi/vec4 1, 0, 1;
    %assign/vec4 v000001d228491200_0, 0;
    %pushi/vec4 1, 0, 1;
    %assign/vec4 v000001d2284910c0_0, 0;
    %pushi/vec4 0, 0, 1;
    %assign/vec4 v000001d228491840_0, 0;
    %pushi/vec4 20, 0, 32;
T_14.14 %dup/vec4;
    %pushi/vec4 0, 0, 32;
    %cmp/s;
    %jmp/1xz T_14.15, 5;
    %jmp/1 T_14.15, 4;
    %pushi/vec4 1, 0, 32;
    %sub;
    %wait E_000001d228435000;
    %jmp T_14.14;
T_14.15 ;
    %pop/vec4 1;
    %vpi_call/w 3 286 "$display", "*** Random" {0 0 0};
T_14.16 ;
    %load/vec4 v000001d228491660_0;
    %cmpi/ne 100, 0, 33;
    %jmp/0xz T_14.17, 4;
    %load/vec4 v000001d228490c60_0;
    %cmpi/u 100, 0, 33;
    %flag_or 5, 4;
    %jmp/0xz  T_14.18, 5;
    %jmp T_14.19;
T_14.18 ;
    %vpi_call/w 3 291 "$error" {0 0 0};
T_14.19 ;
    %load/vec4 v000001d228490c60_0;
    %pushi/vec4 100, 0, 33;
    %cmp/e;
    %flag_get/vec4 4;
    %load/vec4 v000001d228490c60_0;
    %pushi/vec4 99, 0, 33;
    %cmp/e;
    %flag_get/vec4 4;
    %load/vec4 v000001d228491200_0;
    %and;
    %load/vec4 v000001d228490e40_0;
    %and;
    %or;
    %flag_set/vec4 8;
    %jmp/0xz  T_14.20, 8;
    %pushi/vec4 0, 0, 1;
    %assign/vec4 v000001d228491200_0, 0;
    %jmp T_14.21;
T_14.20 ;
    %load/vec4 v000001d228491200_0;
    %inv;
    %load/vec4 v000001d228490e40_0;
    %or;
    %flag_set/vec4 8;
    %jmp/0xz  T_14.22, 8;
    %vpi_func 3 300 "$urandom" 32 {0 0 0};
    %pad/u 1;
    %assign/vec4 v000001d228491200_0, 0;
T_14.22 ;
T_14.21 ;
    %load/vec4 v000001d228491d40_0;
    %cmpi/u 100, 0, 33;
    %flag_or 5, 4;
    %jmp/0xz  T_14.24, 5;
    %jmp T_14.25;
T_14.24 ;
    %vpi_call/w 3 304 "$error" {0 0 0};
T_14.25 ;
    %load/vec4 v000001d228491d40_0;
    %pushi/vec4 100, 0, 33;
    %cmp/e;
    %flag_get/vec4 4;
    %load/vec4 v000001d228491d40_0;
    %pushi/vec4 99, 0, 33;
    %cmp/e;
    %flag_get/vec4 4;
    %load/vec4 v000001d2284910c0_0;
    %and;
    %load/vec4 v000001d2284903a0_0;
    %and;
    %or;
    %flag_set/vec4 8;
    %jmp/0xz  T_14.26, 8;
    %pushi/vec4 0, 0, 1;
    %assign/vec4 v000001d2284910c0_0, 0;
    %jmp T_14.27;
T_14.26 ;
    %load/vec4 v000001d2284910c0_0;
    %inv;
    %load/vec4 v000001d2284903a0_0;
    %or;
    %flag_set/vec4 8;
    %jmp/0xz  T_14.28, 8;
    %vpi_func 3 313 "$urandom" 32 {0 0 0};
    %pad/u 1;
    %assign/vec4 v000001d2284910c0_0, 0;
T_14.28 ;
T_14.27 ;
    %vpi_func 3 316 "$urandom" 32 {0 0 0};
    %pad/u 1;
    %assign/vec4 v000001d228491840_0, 0;
    %wait E_000001d228435000;
    %jmp T_14.16;
T_14.17 ;
    %vpi_call/w 3 321 "$display", "*** Draining the results" {0 0 0};
    %pushi/vec4 1, 0, 1;
    %assign/vec4 v000001d228491840_0, 0;
    %pushi/vec4 11, 0, 32;
T_14.30 %dup/vec4;
    %pushi/vec4 0, 0, 32;
    %cmp/s;
    %jmp/1xz T_14.31, 5;
    %jmp/1 T_14.31, 4;
    %pushi/vec4 1, 0, 32;
    %sub;
    %wait E_000001d228435000;
    %jmp T_14.30;
T_14.31 ;
    %pop/vec4 1;
    %vpi_call/w 3 326 "$display", "PASS %s", "./testbench.sv" {0 0 0};
    %vpi_call/w 3 327 "$finish" {0 0 0};
    %end;
    .thread T_14;
    .scope S_000001d2283ed8c0;
T_15 ;
    %wait E_000001d228435000;
    %load/vec4 v000001d228491de0_0;
    %flag_set/vec4 8;
    %jmp/0xz  T_15.0, 8;
    %pushi/vec4 0, 0, 4;
    %assign/vec4 v000001d228491b60_0, 0;
    %jmp T_15.1;
T_15.0 ;
    %load/vec4 v000001d228491200_0;
    %load/vec4 v000001d228490e40_0;
    %and;
    %flag_set/vec4 8;
    %jmp/0xz  T_15.2, 8;
    %vpi_func 3 337 "$urandom" 32 {0 0 0};
    %pad/u 4;
    %assign/vec4 v000001d228491b60_0, 0;
T_15.2 ;
T_15.1 ;
    %jmp T_15;
    .thread T_15;
    .scope S_000001d2283ed8c0;
T_16 ;
    %wait E_000001d228435000;
    %load/vec4 v000001d228491de0_0;
    %flag_set/vec4 8;
    %jmp/0xz  T_16.0, 8;
    %pushi/vec4 0, 0, 4;
    %assign/vec4 v000001d228491e80_0, 0;
    %jmp T_16.1;
T_16.0 ;
    %load/vec4 v000001d2284910c0_0;
    %load/vec4 v000001d2284903a0_0;
    %and;
    %flag_set/vec4 8;
    %jmp/0xz  T_16.2, 8;
    %vpi_func 3 343 "$urandom" 32 {0 0 0};
    %pad/u 4;
    %assign/vec4 v000001d228491e80_0, 0;
T_16.2 ;
T_16.1 ;
    %jmp T_16;
    .thread T_16;
# The file index is used to find the file name in the following table.
:file_names 6;
    "N/A";
    "<interactive>";
    "-";
    "./testbench.sv";
    "./a_plus_b_using_double_buffers.sv";
    "./double_buffer_from_dally_harting.sv";
