#! /c/Source/iverilog-install/bin/vvp
:ivl_version "12.0 (devel)" "(s20150603-1539-g2693dd32b)";
:ivl_delay_selection "TYPICAL";
:vpi_time_precision + 0;
:vpi_module "C:\iverilog\lib\ivl\system.vpi";
:vpi_module "C:\iverilog\lib\ivl\vhdl_sys.vpi";
:vpi_module "C:\iverilog\lib\ivl\vhdl_textio.vpi";
:vpi_module "C:\iverilog\lib\ivl\v2005_math.vpi";
:vpi_module "C:\iverilog\lib\ivl\va_math.vpi";
:vpi_module "C:\iverilog\lib\ivl\v2009.vpi";
S_00000262ec980c00 .scope package, "$unit" "$unit" 2 1;
 .timescale 0 0;
S_00000262ec9817d0 .scope module, "testbench" "testbench" 3 5;
 .timescale 0 0;
P_00000262ec93de60 .param/real "MAX_A" 1 3 31, Cr<m7800000000000000gfc5>; value=15.0000
P_00000262ec93de98 .param/l "N" 1 3 26, +C4<00000000000000000000000001100100>;
P_00000262ec93ded0 .param/l "WIDTH_A" 1 3 30, +C4<00000000000000000000000000000100>;
P_00000262ec93df08 .param/l "pro_ready" 1 3 29, +C4<00000000000000000000000000110010>;
P_00000262ec93df40 .param/l "pro_token" 1 3 27, +C4<00000000000000000000000000110010>;
P_00000262ec93df78 .param/l "pro_valid" 1 3 28, +C4<00000000000000000000000000110010>;
L_00000262ec994090 .functor AND 1, v00000262ec9ed420_0, L_00000262ec9ec5c0, C4<1>, C4<1>;
L_00000262ec9ee928 .functor BUFT 1, C4<1>, C4<0>, C4<0>, C4<0>;
L_00000262ec9935a0 .functor AND 1, L_00000262ec9ee928, v00000262ec982dc0_0, C4<1>, C4<1>;
v00000262ec982b40_0 .var "clk", 0 0;
v00000262ec982be0_0 .net "down_handshake", 0 0, L_00000262ec9935a0;  1 drivers
v00000262ec982dc0_0 .var "down_ready", 0 0;
v00000262ec982320_0 .net "down_valid", 0 0, L_00000262ec9ee928;  1 drivers
v00000262ec983040_0 .var "n_tokens", 3 0;
v00000262ec982f00_0 .var/2s "n_tokens_out", 31 0;
v00000262ec982fa0_0 .var/2s "n_tokens_up", 31 0;
v00000262ec9825a0_0 .net "out_token", 0 0, L_00000262ec9edec0;  1 drivers
v00000262ec9821e0_0 .var "rst", 0 0;
v00000262ec982640_0 .net "up_handshake", 0 0, L_00000262ec994090;  1 drivers
v00000262ec9ed880_0 .net "up_ready", 0 0, L_00000262ec9ec5c0;  1 drivers
v00000262ec9ed420_0 .var "up_valid", 0 0;
v00000262ec9ecc00_0 .var/2u "was_reset", 0 0;
E_00000262ec97eb30 .event negedge, v00000262ec982e60_0;
S_00000262ec93dfc0 .scope module, "i_gen_tokens_by_num_with_fc" "generate_tokens_by_number_with_flow_control" 3 47, 4 5 0, S_00000262ec9817d0;
 .timescale 0 0;
    .port_info 0 /INPUT 1 "clk";
    .port_info 1 /INPUT 1 "rst";
    .port_info 2 /INPUT 1 "up_valid";
    .port_info 3 /OUTPUT 1 "up_ready";
    .port_info 4 /INPUT 4 "n_tokens";
    .port_info 5 /OUTPUT 1 "down_valid";
    .port_info 6 /INPUT 1 "down_ready";
    .port_info 7 /OUTPUT 1 "down_token";
P_00000262ec97ebb0 .param/l "WIDTH" 0 4 7, +C4<00000000000000000000000000000100>;
v00000262ec982960_0 .net *"_ivl_0", 31 0, L_00000262ec9ec3e0;  1 drivers
v00000262ec982780_0 .net *"_ivl_10", 31 0, L_00000262ec9ecfc0;  1 drivers
L_00000262ec9ee970 .functor BUFT 1, C4<0000000000000000000000000000>, C4<0>, C4<0>, C4<0>;
v00000262ec982460_0 .net *"_ivl_13", 27 0, L_00000262ec9ee970;  1 drivers
L_00000262ec9ee9b8 .functor BUFT 1, C4<00000000000000000000000000000000>, C4<0>, C4<0>, C4<0>;
v00000262ec9826e0_0 .net/2u *"_ivl_14", 31 0, L_00000262ec9ee9b8;  1 drivers
L_00000262ec9ee898 .functor BUFT 1, C4<0000000000000000000000000000>, C4<0>, C4<0>, C4<0>;
v00000262ec982280_0 .net *"_ivl_3", 27 0, L_00000262ec9ee898;  1 drivers
L_00000262ec9ee8e0 .functor BUFT 1, C4<00000000000000000000000000000000>, C4<0>, C4<0>, C4<0>;
v00000262ec982d20_0 .net/2u *"_ivl_4", 31 0, L_00000262ec9ee8e0;  1 drivers
v00000262ec982820_0 .net "clk", 0 0, v00000262ec982b40_0;  1 drivers
v00000262ec982a00_0 .var "cnt", 3 0;
v00000262ec982c80_0 .net "down_ready", 0 0, v00000262ec982dc0_0;  1 drivers
v00000262ec982140_0 .net "down_token", 0 0, L_00000262ec9edec0;  alias, 1 drivers
v00000262ec9828c0_0 .net "down_valid", 0 0, L_00000262ec9ee928;  alias, 1 drivers
v00000262ec982aa0_0 .net "n_tokens", 3 0, v00000262ec983040_0;  1 drivers
v00000262ec982e60_0 .net "rst", 0 0, v00000262ec9821e0_0;  1 drivers
v00000262ec982500_0 .net "up_ready", 0 0, L_00000262ec9ec5c0;  alias, 1 drivers
v00000262ec9823c0_0 .net "up_valid", 0 0, v00000262ec9ed420_0;  1 drivers
E_00000262ec97e470 .event posedge, v00000262ec982820_0;
E_00000262ec97e370 .event posedge, v00000262ec982e60_0, v00000262ec982820_0;
L_00000262ec9ec3e0 .concat [ 4 28 0 0], v00000262ec982a00_0, L_00000262ec9ee898;
L_00000262ec9ec5c0 .cmp/eq 32, L_00000262ec9ec3e0, L_00000262ec9ee8e0;
L_00000262ec9ecfc0 .concat [ 4 28 0 0], v00000262ec982a00_0, L_00000262ec9ee970;
L_00000262ec9edec0 .cmp/gt 32, L_00000262ec9ecfc0, L_00000262ec9ee9b8;
    .scope S_00000262ec93dfc0;
T_0 ;
    %wait E_00000262ec97e370;
    %load/vec4 v00000262ec982e60_0;
    %flag_set/vec4 8;
    %jmp/0xz  T_0.0, 8;
    %pushi/vec4 0, 0, 4;
    %assign/vec4 v00000262ec982a00_0, 0;
    %jmp T_0.1;
T_0.0 ;
    %load/vec4 v00000262ec9823c0_0;
    %load/vec4 v00000262ec982500_0;
    %and;
    %flag_set/vec4 8;
    %jmp/0xz  T_0.2, 8;
    %load/vec4 v00000262ec982aa0_0;
    %assign/vec4 v00000262ec982a00_0, 0;
T_0.2 ;
T_0.1 ;
    %jmp T_0;
    .thread T_0;
    .scope S_00000262ec93dfc0;
T_1 ;
    %wait E_00000262ec97e470;
    %load/vec4 v00000262ec9828c0_0;
    %load/vec4 v00000262ec982c80_0;
    %and;
    %pushi/vec4 0, 0, 32;
    %load/vec4 v00000262ec982a00_0;
    %pad/u 32;
    %cmp/u;
    %flag_get/vec4 5;
    %and;
    %flag_set/vec4 8;
    %jmp/0xz  T_1.0, 8;
    %load/vec4 v00000262ec982a00_0;
    %subi 1, 0, 4;
    %assign/vec4 v00000262ec982a00_0, 0;
T_1.0 ;
    %jmp T_1;
    .thread T_1;
    .scope S_00000262ec9817d0;
T_2 ;
    %pushi/vec4 0, 0, 1;
    %store/vec4 v00000262ec9ecc00_0, 0, 1;
    %pushi/vec4 0, 0, 32;
    %store/vec4 v00000262ec982fa0_0, 0, 32;
    %pushi/vec4 0, 0, 32;
    %store/vec4 v00000262ec982f00_0, 0, 32;
    %end;
    .thread T_2, $init;
    .scope S_00000262ec9817d0;
T_3 ;
    %pushi/vec4 0, 0, 1;
    %store/vec4 v00000262ec982b40_0, 0, 1;
T_3.0 ;
    %delay 500, 0;
    %load/vec4 v00000262ec982b40_0;
    %inv;
    %store/vec4 v00000262ec982b40_0, 0, 1;
    %jmp T_3.0;
    %end;
    .thread T_3;
    .scope S_00000262ec9817d0;
T_4 ;
    %pushi/vec4 1, 1, 1;
    %assign/vec4 v00000262ec9821e0_0, 0;
    %pushi/vec4 2, 0, 32;
T_4.0 %dup/vec4;
    %pushi/vec4 0, 0, 32;
    %cmp/s;
    %jmp/1xz T_4.1, 5;
    %jmp/1 T_4.1, 4;
    %pushi/vec4 1, 0, 32;
    %sub;
    %wait E_00000262ec97e470;
    %jmp T_4.0;
T_4.1 ;
    %pop/vec4 1;
    %pushi/vec4 1, 0, 1;
    %assign/vec4 v00000262ec9821e0_0, 0;
    %pushi/vec4 2, 0, 32;
T_4.2 %dup/vec4;
    %pushi/vec4 0, 0, 32;
    %cmp/s;
    %jmp/1xz T_4.3, 5;
    %jmp/1 T_4.3, 4;
    %pushi/vec4 1, 0, 32;
    %sub;
    %wait E_00000262ec97e470;
    %jmp T_4.2;
T_4.3 ;
    %pop/vec4 1;
    %pushi/vec4 0, 0, 1;
    %assign/vec4 v00000262ec9821e0_0, 0;
    %end;
    .thread T_4;
    .scope S_00000262ec9817d0;
T_5 ;
    %wait E_00000262ec97e470;
    %load/vec4 v00000262ec9821e0_0;
    %flag_set/vec4 8;
    %jmp/0xz  T_5.0, 8;
    %pushi/vec4 1, 0, 1;
    %assign/vec4 v00000262ec9ecc00_0, 0;
T_5.0 ;
    %jmp T_5;
    .thread T_5;
    .scope S_00000262ec9817d0;
T_6 ;
    %wait E_00000262ec97e470;
    %load/vec4 v00000262ec9821e0_0;
    %inv;
    %load/vec4 v00000262ec9ecc00_0;
    %and;
    %load/vec4 v00000262ec982640_0;
    %and;
    %flag_set/vec4 8;
    %jmp/0xz  T_6.0, 8;
    %load/vec4 v00000262ec982fa0_0;
    %load/vec4 v00000262ec983040_0;
    %pad/u 32;
    %add;
    %cast2;
    %assign/vec4 v00000262ec982fa0_0, 0;
T_6.0 ;
    %load/vec4 v00000262ec9821e0_0;
    %inv;
    %load/vec4 v00000262ec9ecc00_0;
    %and;
    %load/vec4 v00000262ec982be0_0;
    %and;
    %flag_set/vec4 8;
    %jmp/0xz  T_6.2, 8;
    %load/vec4 v00000262ec982f00_0;
    %load/vec4 v00000262ec9825a0_0;
    %pad/u 32;
    %add;
    %cast2;
    %assign/vec4 v00000262ec982f00_0, 0;
T_6.2 ;
    %jmp T_6;
    .thread T_6;
    .scope S_00000262ec9817d0;
T_7 ;
    %wait E_00000262ec97eb30;
    %pushi/vec4 0, 0, 4;
    %assign/vec4 v00000262ec983040_0, 0;
    %pushi/vec4 1, 0, 1;
    %assign/vec4 v00000262ec9ed420_0, 0;
    %pushi/vec4 100, 0, 32;
T_7.0 %dup/vec4;
    %pushi/vec4 0, 0, 32;
    %cmp/s;
    %jmp/1xz T_7.1, 5;
    %jmp/1 T_7.1, 4;
    %pushi/vec4 1, 0, 32;
    %sub;
    %load/vec4 v00000262ec9ed880_0;
    %flag_set/vec4 8;
    %jmp/0xz  T_7.2, 8;
    %vpi_func 3 102 "$urandom_range" 32, P_00000262ec93de60, 32'sb00000000000000000000000000000000 {0 0 0};
    %pad/u 4;
    %assign/vec4 v00000262ec983040_0, 0;
    %vpi_func 3 103 "$urandom_range" 32, 32'sb00000000000000000000000001100100, 32'sb00000000000000000000000000000000 {0 0 0};
    %cmpi/u 50, 0, 32;
    %flag_get/vec4 5;
    %assign/vec4 v00000262ec9ed420_0, 0;
    %jmp T_7.3;
T_7.2 ;
    %load/vec4 v00000262ec9ed420_0;
    %inv;
    %flag_set/vec4 8;
    %jmp/0xz  T_7.4, 8;
    %vpi_func 3 106 "$urandom_range" 32, 32'sb00000000000000000000000001100100, 32'sb00000000000000000000000000000000 {0 0 0};
    %cmpi/u 50, 0, 32;
    %flag_get/vec4 5;
    %assign/vec4 v00000262ec9ed420_0, 0;
T_7.4 ;
T_7.3 ;
    %vpi_func 3 108 "$urandom_range" 32, 32'sb00000000000000000000000001100100, 32'sb00000000000000000000000000000000 {0 0 0};
    %cmpi/u 50, 0, 32;
    %flag_get/vec4 5;
    %assign/vec4 v00000262ec982dc0_0, 0;
    %wait E_00000262ec97e470;
    %jmp T_7.0;
T_7.1 ;
    %pop/vec4 1;
    %pushi/vec4 0, 0, 4;
    %assign/vec4 v00000262ec983040_0, 0;
    %pushi/vec4 1, 0, 1;
    %assign/vec4 v00000262ec982dc0_0, 0;
    %pushi/vec4 203, 0, 32;
T_7.6 %dup/vec4;
    %pushi/vec4 0, 0, 32;
    %cmp/s;
    %jmp/1xz T_7.7, 5;
    %jmp/1 T_7.7, 4;
    %pushi/vec4 1, 0, 32;
    %sub;
    %wait E_00000262ec97e470;
    %jmp T_7.6;
T_7.7 ;
    %pop/vec4 1;
    %load/vec4 v00000262ec982fa0_0;
    %cmpi/e 0, 0, 32;
    %jmp/0xz  T_7.8, 4;
    %vpi_call/w 3 123 "$display", "FAIL %s", "./testbench.sv" {0 0 0};
    %vpi_call/w 3 124 "$display", "NO input tokens" {0 0 0};
    %vpi_call/w 3 125 "$finish", 32'sb00000000000000000000000000000001 {0 0 0};
T_7.8 ;
    %load/vec4 v00000262ec982fa0_0;
    %load/vec4 v00000262ec982f00_0;
    %cmp/ne;
    %jmp/0xz  T_7.10, 6;
    %vpi_call/w 3 130 "$display", "FAIL %s", "./testbench.sv" {0 0 0};
    %vpi_call/w 3 131 "$display", "++ INPUT    => {%s}", v00000262ec982fa0_0 {0 0 0};
    %vpi_call/w 3 134 "$display", "++ TEST     => {%s}", v00000262ec982f00_0 {0 0 0};
    %vpi_call/w 3 136 "$finish", 32'sb00000000000000000000000000000001 {0 0 0};
T_7.10 ;
    %vpi_call/w 3 139 "$display", "PASS %s", "./testbench.sv" {0 0 0};
    %vpi_call/w 3 140 "$finish" {0 0 0};
    %end;
    .thread T_7;
# The file index is used to find the file name in the following table.
:file_names 5;
    "N/A";
    "<interactive>";
    "-";
    "./testbench.sv";
    "./08_03_generate_tokens_by_number_with_flow_control.sv";
