#! /c/Source/iverilog-install/bin/vvp
:ivl_version "12.0 (devel)" "(s20150603-1539-g2693dd32b)";
:ivl_delay_selection "TYPICAL";
:vpi_time_precision + 0;
:vpi_module "C:\iverilog\lib\ivl\system.vpi";
:vpi_module "C:\iverilog\lib\ivl\vhdl_sys.vpi";
:vpi_module "C:\iverilog\lib\ivl\vhdl_textio.vpi";
:vpi_module "C:\iverilog\lib\ivl\v2005_math.vpi";
:vpi_module "C:\iverilog\lib\ivl\va_math.vpi";
:vpi_module "C:\iverilog\lib\ivl\v2009.vpi";
S_000001f141257d60 .scope package, "$unit" "$unit" 2 1;
 .timescale 0 0;
S_000001f141213090 .scope module, "testbench" "testbench" 3 5;
 .timescale 0 0;
P_000001f141214f00 .param/l "depth" 0 3 7, +C4<00000000000000000000000000000100>;
P_000001f141214f38 .param/l "max_transfers" 1 3 218, +C4<00000000000000000000000001100100>;
P_000001f141214f70 .param/l "width" 0 3 7, +C4<00000000000000000000000000000100>;
v000001f1412bf020_0 .var "a_count", 32 0;
v000001f1412bf0c0_0 .var "a_data", 3 0;
v000001f1412be9e0_0 .var/queue "a_queue", 4;
o000001f141269b78 .functor BUFZ 1, C4<z>; HiZ drive
v000001f1412beda0_0 .net "a_ready", 0 0, o000001f141269b78;  0 drivers
v000001f1412be760_0 .var "a_valid", 0 0;
v000001f1412bfac0_0 .var "b_count", 32 0;
v000001f1412beb20_0 .var "b_data", 3 0;
v000001f1412bebc0_0 .var/queue "b_queue", 4;
o000001f141269c08 .functor BUFZ 1, C4<z>; HiZ drive
v000001f1412be120_0 .net "b_ready", 0 0, o000001f141269c08;  0 drivers
v000001f1412bfb60_0 .var "b_valid", 0 0;
v000001f1412be4e0_0 .var "clk", 0 0;
v000001f1412bfd40_0 .var/2u "cycle", 31 0;
v000001f1412bec60_0 .var "n_cycles", 32 0;
v000001f1412bfde0_0 .var "rst", 0 0;
v000001f1412bed00_0 .var "sum_count", 32 0;
v000001f1412bfca0_0 .net "sum_data", 3 0, v000001f141267e10_0;  1 drivers
v000001f1412be800_0 .var "sum_data_expected", 3 0;
v000001f1412bf660_0 .var "sum_ready", 0 0;
v000001f1412bf5c0_0 .net "sum_valid", 0 0, v000001f1412668d0_0;  1 drivers
v000001f1412be260_0 .var "was_reset", 0 0;
S_000001f141255450 .scope begin, "$ivl_for_loop0" "$ivl_for_loop0" 3 164, 3 164 0, S_000001f141213090;
 .timescale 0 0;
v000001f141267c30_0 .var/2s "i", 31 0;
S_000001f1412555e0 .scope begin, "$ivl_for_loop1" "$ivl_for_loop1" 3 174, 3 174 0, S_000001f141213090;
 .timescale 0 0;
v000001f141266dd0_0 .var/2s "i", 31 0;
S_000001f141221650 .scope module, "dut" "a_plus_b_using_fifos_and_double_buffer" 3 39, 4 1 0, S_000001f141213090;
 .timescale 0 0;
    .port_info 0 /INPUT 1 "clk";
    .port_info 1 /INPUT 1 "rst";
    .port_info 2 /INPUT 1 "a_valid";
    .port_info 3 /OUTPUT 1 "a_ready";
    .port_info 4 /INPUT 4 "a_data";
    .port_info 5 /INPUT 1 "b_valid";
    .port_info 6 /OUTPUT 1 "b_ready";
    .port_info 7 /INPUT 4 "b_data";
    .port_info 8 /OUTPUT 1 "sum_valid";
    .port_info 9 /INPUT 1 "sum_ready";
    .port_info 10 /OUTPUT 4 "sum_data";
P_000001f14123e470 .param/l "depth" 0 4 3, +C4<00000000000000000000000000000100>;
P_000001f14123e4a8 .param/l "width" 0 4 3, +C4<00000000000000000000000000000100>;
v000001f1412661f0_0 .net "a_data", 3 0, v000001f1412bf0c0_0;  1 drivers
v000001f141267a50_0 .net "a_fifo_empty", 0 0, L_000001f1412be580;  1 drivers
v000001f141267b90_0 .net "a_fifo_full", 0 0, L_000001f1412bee40;  1 drivers
o000001f141269488 .functor BUFZ 1, C4<z>; HiZ drive
v000001f141247ef0_0 .net "a_fifo_pop", 0 0, o000001f141269488;  0 drivers
o000001f1412694b8 .functor BUFZ 1, C4<z>; HiZ drive
v000001f1412473b0_0 .net "a_fifo_push", 0 0, o000001f1412694b8;  0 drivers
v000001f141247a90_0 .net "a_fifo_read_data", 3 0, L_000001f1412551b0;  1 drivers
o000001f141269578 .functor BUFZ 4, C4<zzzz>; HiZ drive
v000001f141247950_0 .net "a_fifo_write_data", 3 0, o000001f141269578;  0 drivers
v000001f141247310_0 .net "a_ready", 0 0, o000001f141269b78;  alias, 0 drivers
v000001f141247db0_0 .net "a_valid", 0 0, v000001f1412be760_0;  1 drivers
v000001f1412478b0_0 .net "b_data", 3 0, v000001f1412beb20_0;  1 drivers
v000001f1412476d0_0 .net "b_fifo_empty", 0 0, L_000001f1412bf7a0;  1 drivers
v000001f1412479f0_0 .net "b_fifo_full", 0 0, L_000001f1412bfa20;  1 drivers
o000001f1412698a8 .functor BUFZ 1, C4<z>; HiZ drive
v000001f141247770_0 .net "b_fifo_pop", 0 0, o000001f1412698a8;  0 drivers
o000001f1412698d8 .functor BUFZ 1, C4<z>; HiZ drive
v000001f141246ff0_0 .net "b_fifo_push", 0 0, o000001f1412698d8;  0 drivers
v000001f141247b30_0 .net "b_fifo_read_data", 3 0, L_000001f141254570;  1 drivers
o000001f141269998 .functor BUFZ 4, C4<zzzz>; HiZ drive
v000001f141247090_0 .net "b_fifo_write_data", 3 0, o000001f141269998;  0 drivers
v000001f141247130_0 .net "b_ready", 0 0, o000001f141269c08;  alias, 0 drivers
v000001f141247bd0_0 .net "b_valid", 0 0, v000001f1412bfb60_0;  1 drivers
v000001f1412471d0_0 .net "clk", 0 0, v000001f1412be4e0_0;  1 drivers
v000001f1412474f0_0 .net "rst", 0 0, v000001f1412bfde0_0;  1 drivers
v000001f141247c70_0 .net "sum_data", 3 0, v000001f141267e10_0;  alias, 1 drivers
v000001f141247590_0 .net "sum_ready", 0 0, v000001f1412bf660_0;  1 drivers
v000001f141247e50_0 .net "sum_up_ready", 0 0, v000001f141266d30_0;  1 drivers
o000001f141269158 .functor BUFZ 1, C4<z>; HiZ drive
v000001f141247810_0 .net "sum_up_valid", 0 0, o000001f141269158;  0 drivers
v000001f141247270_0 .net "sum_valid", 0 0, v000001f1412668d0_0;  alias, 1 drivers
S_000001f1412217e0 .scope module, "buffer_sum" "double_buffer_from_dally_harting" 4 100, 5 8 0, S_000001f141221650;
 .timescale 0 0;
    .port_info 0 /INPUT 1 "clk";
    .port_info 1 /INPUT 1 "rst";
    .port_info 2 /INPUT 1 "up_valid";
    .port_info 3 /OUTPUT 1 "up_ready";
    .port_info 4 /INPUT 4 "up_data";
    .port_info 5 /OUTPUT 1 "down_valid";
    .port_info 6 /INPUT 1 "down_ready";
    .port_info 7 /OUTPUT 4 "down_data";
P_000001f141251e90 .param/l "width" 0 5 10, +C4<00000000000000000000000000000100>;
v000001f141266c90_0 .var "buf_data", 3 0;
v000001f141266e70_0 .var "buf_valid", 0 0;
v000001f141266970_0 .net "clk", 0 0, v000001f1412be4e0_0;  alias, 1 drivers
v000001f141267e10_0 .var "down_data", 3 0;
v000001f141266330_0 .net "down_ready", 0 0, v000001f1412bf660_0;  alias, 1 drivers
v000001f1412668d0_0 .var "down_valid", 0 0;
v000001f1412666f0_0 .net "rst", 0 0, v000001f1412bfde0_0;  alias, 1 drivers
L_000001f141340238 .functor BUFT 1, C4<000z>, C4<0>, C4<0>, C4<0>;
v000001f141266290_0 .net "up_data", 3 0, L_000001f141340238;  1 drivers
v000001f141266d30_0 .var "up_ready", 0 0;
v000001f1412675f0_0 .net "up_valid", 0 0, o000001f141269158;  alias, 0 drivers
E_000001f141252990 .event posedge, v000001f1412666f0_0, v000001f141266970_0;
E_000001f141252490 .event posedge, v000001f141266970_0;
S_000001f14121b250 .scope module, "fifo_a" "flip_flop_fifo_with_counter" 4 33, 6 1 0, S_000001f141221650;
 .timescale 0 0;
    .port_info 0 /INPUT 1 "clk";
    .port_info 1 /INPUT 1 "rst";
    .port_info 2 /INPUT 1 "push";
    .port_info 3 /INPUT 1 "pop";
    .port_info 4 /INPUT 4 "write_data";
    .port_info 5 /OUTPUT 4 "read_data";
    .port_info 6 /OUTPUT 1 "empty";
    .port_info 7 /OUTPUT 1 "full";
P_000001f14120ffa0 .param/l "counter_width" 1 6 19, +C4<00000000000000000000000000000011>;
P_000001f14120ffd8 .param/l "depth" 0 6 3, +C4<00000000000000000000000000000100>;
P_000001f141210010 .param/l "max_ptr" 1 6 21, +C4<11>;
P_000001f141210048 .param/l "pointer_width" 1 6 18, +C4<00000000000000000000000000000010>;
P_000001f141210080 .param/l "width" 0 6 3, +C4<00000000000000000000000000000100>;
L_000001f1412551b0 .functor BUFZ 4, L_000001f1412bfc00, C4<0000>, C4<0000>, C4<0000>;
v000001f141266650_0 .net *"_ivl_0", 3 0, L_000001f1412bfc00;  1 drivers
L_000001f141340118 .functor BUFT 1, C4<100>, C4<0>, C4<0>, C4<0>;
v000001f141267870_0 .net/2u *"_ivl_12", 2 0, L_000001f141340118;  1 drivers
v000001f141266b50_0 .net *"_ivl_2", 3 0, L_000001f1412bf700;  1 drivers
L_000001f141340088 .functor BUFT 1, C4<00>, C4<0>, C4<0>, C4<0>;
v000001f141267410_0 .net *"_ivl_5", 1 0, L_000001f141340088;  1 drivers
L_000001f1413400d0 .functor BUFT 1, C4<000>, C4<0>, C4<0>, C4<0>;
v000001f1412663d0_0 .net/2u *"_ivl_8", 2 0, L_000001f1413400d0;  1 drivers
v000001f1412672d0_0 .net "clk", 0 0, v000001f1412be4e0_0;  alias, 1 drivers
v000001f1412665b0_0 .var "cnt", 2 0;
v000001f141266470 .array "data", 3 0, 3 0;
v000001f141267050_0 .net "empty", 0 0, L_000001f1412be580;  alias, 1 drivers
v000001f141266150_0 .net "full", 0 0, L_000001f1412bee40;  alias, 1 drivers
v000001f141266790_0 .net "pop", 0 0, o000001f141269488;  alias, 0 drivers
v000001f141267cd0_0 .net "push", 0 0, o000001f1412694b8;  alias, 0 drivers
v000001f141267550_0 .var "rd_ptr", 1 0;
v000001f141267690_0 .net "read_data", 3 0, L_000001f1412551b0;  alias, 1 drivers
v000001f1412679b0_0 .net "rst", 0 0, v000001f1412bfde0_0;  alias, 1 drivers
v000001f141266830_0 .var "wr_ptr", 1 0;
v000001f141266010_0 .net "write_data", 3 0, o000001f141269578;  alias, 0 drivers
L_000001f1412bfc00 .array/port v000001f141266470, L_000001f1412bf700;
L_000001f1412bf700 .concat [ 2 2 0 0], v000001f141267550_0, L_000001f141340088;
L_000001f1412be580 .cmp/eq 3, v000001f1412665b0_0, L_000001f1413400d0;
L_000001f1412bee40 .cmp/eq 3, v000001f1412665b0_0, L_000001f141340118;
S_000001f14121b3e0 .scope module, "fifo_b" "flip_flop_fifo_with_counter" 4 64, 6 1 0, S_000001f141221650;
 .timescale 0 0;
    .port_info 0 /INPUT 1 "clk";
    .port_info 1 /INPUT 1 "rst";
    .port_info 2 /INPUT 1 "push";
    .port_info 3 /INPUT 1 "pop";
    .port_info 4 /INPUT 4 "write_data";
    .port_info 5 /OUTPUT 4 "read_data";
    .port_info 6 /OUTPUT 1 "empty";
    .port_info 7 /OUTPUT 1 "full";
P_000001f14120f460 .param/l "counter_width" 1 6 19, +C4<00000000000000000000000000000011>;
P_000001f14120f498 .param/l "depth" 0 6 3, +C4<00000000000000000000000000000100>;
P_000001f14120f4d0 .param/l "max_ptr" 1 6 21, +C4<11>;
P_000001f14120f508 .param/l "pointer_width" 1 6 18, +C4<00000000000000000000000000000010>;
P_000001f14120f540 .param/l "width" 0 6 3, +C4<00000000000000000000000000000100>;
L_000001f141254570 .functor BUFZ 4, L_000001f1412beee0, C4<0000>, C4<0000>, C4<0000>;
v000001f141266f10_0 .net *"_ivl_0", 3 0, L_000001f1412beee0;  1 drivers
L_000001f1413401f0 .functor BUFT 1, C4<100>, C4<0>, C4<0>, C4<0>;
v000001f141265f70_0 .net/2u *"_ivl_12", 2 0, L_000001f1413401f0;  1 drivers
v000001f141266fb0_0 .net *"_ivl_2", 3 0, L_000001f1412be8a0;  1 drivers
L_000001f141340160 .functor BUFT 1, C4<00>, C4<0>, C4<0>, C4<0>;
v000001f141267230_0 .net *"_ivl_5", 1 0, L_000001f141340160;  1 drivers
L_000001f1413401a8 .functor BUFT 1, C4<000>, C4<0>, C4<0>, C4<0>;
v000001f141266510_0 .net/2u *"_ivl_8", 2 0, L_000001f1413401a8;  1 drivers
v000001f141266a10_0 .net "clk", 0 0, v000001f1412be4e0_0;  alias, 1 drivers
v000001f1412670f0_0 .var "cnt", 2 0;
v000001f141267190 .array "data", 3 0, 3 0;
v000001f141266ab0_0 .net "empty", 0 0, L_000001f1412bf7a0;  alias, 1 drivers
v000001f141266bf0_0 .net "full", 0 0, L_000001f1412bfa20;  alias, 1 drivers
v000001f141267730_0 .net "pop", 0 0, o000001f1412698a8;  alias, 0 drivers
v000001f1412674b0_0 .net "push", 0 0, o000001f1412698d8;  alias, 0 drivers
v000001f1412677d0_0 .var "rd_ptr", 1 0;
v000001f141267d70_0 .net "read_data", 3 0, L_000001f141254570;  alias, 1 drivers
v000001f141267910_0 .net "rst", 0 0, v000001f1412bfde0_0;  alias, 1 drivers
v000001f141267af0_0 .var "wr_ptr", 1 0;
v000001f141267370_0 .net "write_data", 3 0, o000001f141269998;  alias, 0 drivers
L_000001f1412beee0 .array/port v000001f141267190, L_000001f1412be8a0;
L_000001f1412be8a0 .concat [ 2 2 0 0], v000001f1412677d0_0, L_000001f141340160;
L_000001f1412bf7a0 .cmp/eq 3, v000001f1412670f0_0, L_000001f1413401a8;
L_000001f1412bfa20 .cmp/eq 3, v000001f1412670f0_0, L_000001f1413401f0;
    .scope S_000001f14121b250;
T_0 ;
    %wait E_000001f141252990;
    %load/vec4 v000001f1412679b0_0;
    %flag_set/vec4 8;
    %jmp/0xz  T_0.0, 8;
    %pushi/vec4 0, 0, 2;
    %assign/vec4 v000001f141266830_0, 0;
    %jmp T_0.1;
T_0.0 ;
    %load/vec4 v000001f141267cd0_0;
    %flag_set/vec4 8;
    %jmp/0xz  T_0.2, 8;
    %load/vec4 v000001f141266830_0;
    %cmpi/e 3, 0, 2;
    %flag_mov 8, 4;
    %jmp/0 T_0.4, 8;
    %pushi/vec4 0, 0, 2;
    %jmp/1 T_0.5, 8;
T_0.4 ; End of true expr.
    %load/vec4 v000001f141266830_0;
    %addi 1, 0, 2;
    %jmp/0 T_0.5, 8;
 ; End of false expr.
    %blend;
T_0.5;
    %assign/vec4 v000001f141266830_0, 0;
T_0.2 ;
T_0.1 ;
    %jmp T_0;
    .thread T_0;
    .scope S_000001f14121b250;
T_1 ;
    %wait E_000001f141252990;
    %load/vec4 v000001f1412679b0_0;
    %flag_set/vec4 8;
    %jmp/0xz  T_1.0, 8;
    %pushi/vec4 0, 0, 2;
    %assign/vec4 v000001f141267550_0, 0;
    %jmp T_1.1;
T_1.0 ;
    %load/vec4 v000001f141266790_0;
    %flag_set/vec4 8;
    %jmp/0xz  T_1.2, 8;
    %load/vec4 v000001f141267550_0;
    %cmpi/e 3, 0, 2;
    %flag_mov 8, 4;
    %jmp/0 T_1.4, 8;
    %pushi/vec4 0, 0, 2;
    %jmp/1 T_1.5, 8;
T_1.4 ; End of true expr.
    %load/vec4 v000001f141267550_0;
    %addi 1, 0, 2;
    %jmp/0 T_1.5, 8;
 ; End of false expr.
    %blend;
T_1.5;
    %assign/vec4 v000001f141267550_0, 0;
T_1.2 ;
T_1.1 ;
    %jmp T_1;
    .thread T_1;
    .scope S_000001f14121b250;
T_2 ;
    %wait E_000001f141252490;
    %load/vec4 v000001f141267cd0_0;
    %flag_set/vec4 8;
    %jmp/0xz  T_2.0, 8;
    %load/vec4 v000001f141266010_0;
    %load/vec4 v000001f141266830_0;
    %pad/u 4;
    %ix/vec4 3;
    %ix/load 4, 0, 0; Constant delay
    %assign/vec4/a/d v000001f141266470, 0, 4;
T_2.0 ;
    %jmp T_2;
    .thread T_2;
    .scope S_000001f14121b250;
T_3 ;
    %wait E_000001f141252990;
    %load/vec4 v000001f1412679b0_0;
    %flag_set/vec4 8;
    %jmp/0xz  T_3.0, 8;
    %pushi/vec4 0, 0, 3;
    %assign/vec4 v000001f1412665b0_0, 0;
    %jmp T_3.1;
T_3.0 ;
    %load/vec4 v000001f141267cd0_0;
    %load/vec4 v000001f141266790_0;
    %inv;
    %and;
    %flag_set/vec4 8;
    %jmp/0xz  T_3.2, 8;
    %load/vec4 v000001f1412665b0_0;
    %addi 1, 0, 3;
    %assign/vec4 v000001f1412665b0_0, 0;
    %jmp T_3.3;
T_3.2 ;
    %load/vec4 v000001f141266790_0;
    %load/vec4 v000001f141267cd0_0;
    %inv;
    %and;
    %flag_set/vec4 8;
    %jmp/0xz  T_3.4, 8;
    %load/vec4 v000001f1412665b0_0;
    %subi 1, 0, 3;
    %assign/vec4 v000001f1412665b0_0, 0;
T_3.4 ;
T_3.3 ;
T_3.1 ;
    %jmp T_3;
    .thread T_3;
    .scope S_000001f14121b3e0;
T_4 ;
    %wait E_000001f141252990;
    %load/vec4 v000001f141267910_0;
    %flag_set/vec4 8;
    %jmp/0xz  T_4.0, 8;
    %pushi/vec4 0, 0, 2;
    %assign/vec4 v000001f141267af0_0, 0;
    %jmp T_4.1;
T_4.0 ;
    %load/vec4 v000001f1412674b0_0;
    %flag_set/vec4 8;
    %jmp/0xz  T_4.2, 8;
    %load/vec4 v000001f141267af0_0;
    %cmpi/e 3, 0, 2;
    %flag_mov 8, 4;
    %jmp/0 T_4.4, 8;
    %pushi/vec4 0, 0, 2;
    %jmp/1 T_4.5, 8;
T_4.4 ; End of true expr.
    %load/vec4 v000001f141267af0_0;
    %addi 1, 0, 2;
    %jmp/0 T_4.5, 8;
 ; End of false expr.
    %blend;
T_4.5;
    %assign/vec4 v000001f141267af0_0, 0;
T_4.2 ;
T_4.1 ;
    %jmp T_4;
    .thread T_4;
    .scope S_000001f14121b3e0;
T_5 ;
    %wait E_000001f141252990;
    %load/vec4 v000001f141267910_0;
    %flag_set/vec4 8;
    %jmp/0xz  T_5.0, 8;
    %pushi/vec4 0, 0, 2;
    %assign/vec4 v000001f1412677d0_0, 0;
    %jmp T_5.1;
T_5.0 ;
    %load/vec4 v000001f141267730_0;
    %flag_set/vec4 8;
    %jmp/0xz  T_5.2, 8;
    %load/vec4 v000001f1412677d0_0;
    %cmpi/e 3, 0, 2;
    %flag_mov 8, 4;
    %jmp/0 T_5.4, 8;
    %pushi/vec4 0, 0, 2;
    %jmp/1 T_5.5, 8;
T_5.4 ; End of true expr.
    %load/vec4 v000001f1412677d0_0;
    %addi 1, 0, 2;
    %jmp/0 T_5.5, 8;
 ; End of false expr.
    %blend;
T_5.5;
    %assign/vec4 v000001f1412677d0_0, 0;
T_5.2 ;
T_5.1 ;
    %jmp T_5;
    .thread T_5;
    .scope S_000001f14121b3e0;
T_6 ;
    %wait E_000001f141252490;
    %load/vec4 v000001f1412674b0_0;
    %flag_set/vec4 8;
    %jmp/0xz  T_6.0, 8;
    %load/vec4 v000001f141267370_0;
    %load/vec4 v000001f141267af0_0;
    %pad/u 4;
    %ix/vec4 3;
    %ix/load 4, 0, 0; Constant delay
    %assign/vec4/a/d v000001f141267190, 0, 4;
T_6.0 ;
    %jmp T_6;
    .thread T_6;
    .scope S_000001f14121b3e0;
T_7 ;
    %wait E_000001f141252990;
    %load/vec4 v000001f141267910_0;
    %flag_set/vec4 8;
    %jmp/0xz  T_7.0, 8;
    %pushi/vec4 0, 0, 3;
    %assign/vec4 v000001f1412670f0_0, 0;
    %jmp T_7.1;
T_7.0 ;
    %load/vec4 v000001f1412674b0_0;
    %load/vec4 v000001f141267730_0;
    %inv;
    %and;
    %flag_set/vec4 8;
    %jmp/0xz  T_7.2, 8;
    %load/vec4 v000001f1412670f0_0;
    %addi 1, 0, 3;
    %assign/vec4 v000001f1412670f0_0, 0;
    %jmp T_7.3;
T_7.2 ;
    %load/vec4 v000001f141267730_0;
    %load/vec4 v000001f1412674b0_0;
    %inv;
    %and;
    %flag_set/vec4 8;
    %jmp/0xz  T_7.4, 8;
    %load/vec4 v000001f1412670f0_0;
    %subi 1, 0, 3;
    %assign/vec4 v000001f1412670f0_0, 0;
T_7.4 ;
T_7.3 ;
T_7.1 ;
    %jmp T_7;
    .thread T_7;
    .scope S_000001f1412217e0;
T_8 ;
    %wait E_000001f141252490;
    %load/vec4 v000001f141266d30_0;
    %load/vec4 v000001f141266330_0;
    %inv;
    %and;
    %flag_set/vec4 8;
    %jmp/0xz  T_8.0, 8;
    %load/vec4 v000001f141266290_0;
    %assign/vec4 v000001f141266c90_0, 0;
T_8.0 ;
    %load/vec4 v000001f141266330_0;
    %flag_set/vec4 8;
    %jmp/0xz  T_8.2, 8;
    %load/vec4 v000001f141266d30_0;
    %flag_set/vec4 8;
    %jmp/0 T_8.4, 8;
    %load/vec4 v000001f141266290_0;
    %jmp/1 T_8.5, 8;
T_8.4 ; End of true expr.
    %load/vec4 v000001f141266c90_0;
    %jmp/0 T_8.5, 8;
 ; End of false expr.
    %blend;
T_8.5;
    %assign/vec4 v000001f141267e10_0, 0;
T_8.2 ;
    %jmp T_8;
    .thread T_8;
    .scope S_000001f1412217e0;
T_9 ;
    %wait E_000001f141252990;
    %load/vec4 v000001f1412666f0_0;
    %flag_set/vec4 8;
    %jmp/0xz  T_9.0, 8;
    %pushi/vec4 0, 0, 1;
    %assign/vec4 v000001f141266e70_0, 0;
    %pushi/vec4 0, 0, 1;
    %assign/vec4 v000001f1412668d0_0, 0;
    %pushi/vec4 1, 0, 1;
    %assign/vec4 v000001f141266d30_0, 0;
    %jmp T_9.1;
T_9.0 ;
    %load/vec4 v000001f141266d30_0;
    %load/vec4 v000001f141266330_0;
    %inv;
    %and;
    %flag_set/vec4 8;
    %jmp/0xz  T_9.2, 8;
    %load/vec4 v000001f1412675f0_0;
    %assign/vec4 v000001f141266e70_0, 0;
T_9.2 ;
    %load/vec4 v000001f141266330_0;
    %flag_set/vec4 8;
    %jmp/0xz  T_9.4, 8;
    %load/vec4 v000001f141266d30_0;
    %flag_set/vec4 8;
    %jmp/0 T_9.6, 8;
    %load/vec4 v000001f1412675f0_0;
    %jmp/1 T_9.7, 8;
T_9.6 ; End of true expr.
    %load/vec4 v000001f141266e70_0;
    %jmp/0 T_9.7, 8;
 ; End of false expr.
    %blend;
T_9.7;
    %assign/vec4 v000001f1412668d0_0, 0;
T_9.4 ;
    %load/vec4 v000001f141266330_0;
    %assign/vec4 v000001f141266d30_0, 0;
T_9.1 ;
    %jmp T_9;
    .thread T_9;
    .scope S_000001f141213090;
T_10 ;
    %pushi/vec4 0, 0, 32;
    %store/vec4 v000001f1412bfd40_0, 0, 32;
    %pushi/vec4 0, 0, 1;
    %store/vec4 v000001f1412be260_0, 0, 1;
    %end;
    .thread T_10, $init;
    .scope S_000001f141213090;
T_11 ;
    %pushi/vec4 1, 0, 1;
    %store/vec4 v000001f1412be4e0_0, 0, 1;
T_11.0 ;
    %delay 5, 0;
    %load/vec4 v000001f1412be4e0_0;
    %inv;
    %store/vec4 v000001f1412be4e0_0, 0, 1;
    %jmp T_11.0;
    %end;
    .thread T_11;
    .scope S_000001f141213090;
T_12 ;
    %pushi/vec4 10000, 0, 32;
T_12.0 %dup/vec4;
    %pushi/vec4 0, 0, 32;
    %cmp/s;
    %jmp/1xz T_12.1, 5;
    %jmp/1 T_12.1, 4;
    %pushi/vec4 1, 0, 32;
    %sub;
    %wait E_000001f141252490;
    %jmp T_12.0;
T_12.1 ;
    %pop/vec4 1;
    %vpi_call/w 3 53 "$display", "FAIL %s: timeout!", "./testbench.sv" {0 0 0};
    %vpi_call/w 3 54 "$finish" {0 0 0};
    %end;
    .thread T_12;
    .scope S_000001f141213090;
T_13 ;
    %wait E_000001f141252490;
    %vpi_call/w 3 64 "$write", "time %7d cycle %5d", $time, v000001f1412bfd40_0 {0 0 0};
    %load/vec4 v000001f1412bfd40_0;
    %addi 1, 0, 32;
    %cast2;
    %assign/vec4 v000001f1412bfd40_0, 0;
    %load/vec4 v000001f1412bfde0_0;
    %flag_set/vec4 8;
    %jmp/0xz  T_13.0, 8;
    %vpi_call/w 3 67 "$write", " rst" {0 0 0};
    %jmp T_13.1;
T_13.0 ;
    %vpi_call/w 3 67 "$write", "    " {0 0 0};
T_13.1 ;
    %load/vec4 v000001f1412be760_0;
    %flag_set/vec4 8;
    %jmp/0xz  T_13.2, 8;
    %vpi_call/w 3 69 "$write", " a_valid" {0 0 0};
    %jmp T_13.3;
T_13.2 ;
    %vpi_call/w 3 69 "$write", "        " {0 0 0};
T_13.3 ;
    %load/vec4 v000001f1412beda0_0;
    %flag_set/vec4 8;
    %jmp/0xz  T_13.4, 8;
    %vpi_call/w 3 70 "$write", " a_ready" {0 0 0};
    %jmp T_13.5;
T_13.4 ;
    %vpi_call/w 3 70 "$write", "        " {0 0 0};
T_13.5 ;
    %load/vec4 v000001f1412be760_0;
    %load/vec4 v000001f1412beda0_0;
    %and;
    %flag_set/vec4 8;
    %jmp/0xz  T_13.6, 8;
    %vpi_call/w 3 73 "$write", " %h", v000001f1412bf0c0_0 {0 0 0};
    %jmp T_13.7;
T_13.6 ;
    %vpi_call/w 3 75 "$write", "  " {0 0 0};
T_13.7 ;
    %load/vec4 v000001f1412bfb60_0;
    %flag_set/vec4 8;
    %jmp/0xz  T_13.8, 8;
    %vpi_call/w 3 77 "$write", " b_valid" {0 0 0};
    %jmp T_13.9;
T_13.8 ;
    %vpi_call/w 3 77 "$write", "        " {0 0 0};
T_13.9 ;
    %load/vec4 v000001f1412be120_0;
    %flag_set/vec4 8;
    %jmp/0xz  T_13.10, 8;
    %vpi_call/w 3 78 "$write", " b_ready" {0 0 0};
    %jmp T_13.11;
T_13.10 ;
    %vpi_call/w 3 78 "$write", "        " {0 0 0};
T_13.11 ;
    %load/vec4 v000001f1412bfb60_0;
    %load/vec4 v000001f1412be120_0;
    %and;
    %flag_set/vec4 8;
    %jmp/0xz  T_13.12, 8;
    %vpi_call/w 3 81 "$write", " %h", v000001f1412beb20_0 {0 0 0};
    %jmp T_13.13;
T_13.12 ;
    %vpi_call/w 3 83 "$write", "  " {0 0 0};
T_13.13 ;
    %load/vec4 v000001f1412bf5c0_0;
    %flag_set/vec4 8;
    %jmp/0xz  T_13.14, 8;
    %vpi_call/w 3 85 "$write", " sum_valid" {0 0 0};
    %jmp T_13.15;
T_13.14 ;
    %vpi_call/w 3 85 "$write", "          " {0 0 0};
T_13.15 ;
    %load/vec4 v000001f1412bf660_0;
    %flag_set/vec4 8;
    %jmp/0xz  T_13.16, 8;
    %vpi_call/w 3 86 "$write", " sum_ready" {0 0 0};
    %jmp T_13.17;
T_13.16 ;
    %vpi_call/w 3 86 "$write", "          " {0 0 0};
T_13.17 ;
    %load/vec4 v000001f1412bf5c0_0;
    %load/vec4 v000001f1412bf660_0;
    %and;
    %flag_set/vec4 8;
    %jmp/0xz  T_13.18, 8;
    %vpi_call/w 3 89 "$write", " %h", v000001f1412bfca0_0 {0 0 0};
    %jmp T_13.19;
T_13.18 ;
    %vpi_call/w 3 91 "$write", "  " {0 0 0};
T_13.19 ;
    %vpi_call/w 3 93 "$display" {0 0 0};
    %jmp T_13;
    .thread T_13;
    .scope S_000001f141213090;
T_14 ;
    %wait E_000001f141252490;
    %load/vec4 v000001f1412bfde0_0;
    %flag_set/vec4 8;
    %jmp/0xz  T_14.0, 8;
    %ix/load 4, 0, 0;
    %null;
    %store/obj v000001f1412be9e0_0;
    %ix/load 4, 0, 0;
    %null;
    %store/obj v000001f1412bebc0_0;
    %pushi/vec4 1, 0, 1;
    %store/vec4 v000001f1412be260_0, 0, 1;
    %jmp T_14.1;
T_14.0 ;
    %load/vec4 v000001f1412be260_0;
    %flag_set/vec4 8;
    %jmp/0xz  T_14.2, 8;
    %load/vec4 v000001f1412be760_0;
    %load/vec4 v000001f1412beda0_0;
    %and;
    %flag_set/vec4 8;
    %jmp/0xz  T_14.4, 8;
    %ix/load 4, 0, 0;
    %load/vec4 v000001f1412bf0c0_0;
    %store/qb/v v000001f1412be9e0_0, 4, 4;
T_14.4 ;
    %load/vec4 v000001f1412bfb60_0;
    %load/vec4 v000001f1412be120_0;
    %and;
    %flag_set/vec4 8;
    %jmp/0xz  T_14.6, 8;
    %ix/load 4, 0, 0;
    %load/vec4 v000001f1412beb20_0;
    %store/qb/v v000001f1412bebc0_0, 4, 4;
T_14.6 ;
    %load/vec4 v000001f1412bf5c0_0;
    %load/vec4 v000001f1412bf660_0;
    %and;
    %flag_set/vec4 8;
    %jmp/0xz  T_14.8, 8;
    %vpi_func 3 129 "$size" 32, v000001f1412be9e0_0 {0 0 0};
    %cmpi/e 0, 0, 32;
    %jmp/1 T_14.12, 4;
    %flag_mov 8, 4;
    %vpi_func 3 129 "$size" 32, v000001f1412bebc0_0 {0 0 0};
    %cmpi/e 0, 0, 32;
    %flag_or 4, 8;
T_14.12;
    %jmp/0xz  T_14.10, 4;
    %vpi_call/w 3 131 "$display", "\012ERROR: unexpected sum %h", v000001f1412bfca0_0 {0 0 0};
    %jmp T_14.11;
T_14.10 ;
    %ix/load 3, 0, 0;
    %flag_set/imm 4, 0;
    %load/dar/vec4 v000001f1412be9e0_0;
    %ix/load 3, 0, 0;
    %flag_set/imm 4, 0;
    %load/dar/vec4 v000001f1412bebc0_0;
    %add;
    %store/vec4 v000001f1412be800_0, 0, 4;
    %ix/load 3, 0, 0;
    %flag_set/imm 4, 0;
    %delete/elem v000001f1412be9e0_0;
    %ix/load 3, 0, 0;
    %flag_set/imm 4, 0;
    %delete/elem v000001f1412bebc0_0;
    %load/vec4 v000001f1412be800_0;
    %load/vec4 v000001f1412bfca0_0;
    %cmp/ne;
    %jmp/0xz  T_14.13, 6;
    %vpi_call/w 3 146 "$display", "\012ERROR: downstream data mismatch. Expected %h, actual %h", v000001f1412be800_0, v000001f1412bfca0_0 {0 0 0};
T_14.13 ;
T_14.11 ;
T_14.8 ;
T_14.2 ;
T_14.1 ;
    %jmp T_14;
    .thread T_14;
    .scope S_000001f141213090;
T_15 ;
    %vpi_func 3 160 "$size" 32, v000001f1412be9e0_0 {0 0 0};
    %cmpi/ne 0, 0, 32;
    %jmp/0xz  T_15.0, 4;
    %vpi_call/w 3 162 "$write", "\012ERROR: data is left sitting in the model a_queue:" {0 0 0};
    %fork t_1, S_000001f141255450;
    %jmp t_0;
    .scope S_000001f141255450;
t_1 ;
    %pushi/vec4 0, 0, 32;
    %store/vec4 v000001f141267c30_0, 0, 32;
T_15.2 ;
    %load/vec4 v000001f141267c30_0;
    %vpi_func 3 164 "$size" 32, v000001f1412be9e0_0 {0 0 0};
    %cmp/s;
    %jmp/0xz T_15.3, 5;
    %vpi_func 3 165 "$size" 32, v000001f1412be9e0_0 {0 0 0};
    %load/vec4 v000001f141267c30_0;
    %sub;
    %subi 1, 0, 32;
    %ix/vec4/s 3;
    %load/dar/vec4 v000001f1412be9e0_0;
    %vpi_call/w 3 165 "$write", " %h", S<0,vec4,u4> {1 0 0};
    ; show_stmt_assign_vector: Get l-value for compressed += operand
    %load/vec4 v000001f141267c30_0;
    %pushi/vec4 1, 0, 32;
    %add;
    %cast2;
    %store/vec4 v000001f141267c30_0, 0, 32;
    %jmp T_15.2;
T_15.3 ;
    %end;
    .scope S_000001f141213090;
t_0 %join;
    %vpi_call/w 3 167 "$display" {0 0 0};
T_15.0 ;
    %vpi_func 3 170 "$size" 32, v000001f1412bebc0_0 {0 0 0};
    %cmpi/ne 0, 0, 32;
    %jmp/0xz  T_15.4, 4;
    %vpi_call/w 3 172 "$write", "\012ERROR: data is left sitting in the model b_queue:" {0 0 0};
    %fork t_3, S_000001f1412555e0;
    %jmp t_2;
    .scope S_000001f1412555e0;
t_3 ;
    %pushi/vec4 0, 0, 32;
    %store/vec4 v000001f141266dd0_0, 0, 32;
T_15.6 ;
    %load/vec4 v000001f141266dd0_0;
    %vpi_func 3 174 "$size" 32, v000001f1412bebc0_0 {0 0 0};
    %cmp/s;
    %jmp/0xz T_15.7, 5;
    %vpi_func 3 175 "$size" 32, v000001f1412bebc0_0 {0 0 0};
    %load/vec4 v000001f141266dd0_0;
    %sub;
    %subi 1, 0, 32;
    %ix/vec4/s 3;
    %load/dar/vec4 v000001f1412bebc0_0;
    %vpi_call/w 3 175 "$write", " %h", S<0,vec4,u4> {1 0 0};
    ; show_stmt_assign_vector: Get l-value for compressed += operand
    %load/vec4 v000001f141266dd0_0;
    %pushi/vec4 1, 0, 32;
    %add;
    %cast2;
    %store/vec4 v000001f141266dd0_0, 0, 32;
    %jmp T_15.6;
T_15.7 ;
    %end;
    .scope S_000001f141213090;
t_2 %join;
    %vpi_call/w 3 177 "$display" {0 0 0};
T_15.4 ;
    %end;
    .thread T_15, $final;
    .scope S_000001f141213090;
T_16 ;
    %wait E_000001f141252490;
    %load/vec4 v000001f1412bfde0_0;
    %flag_set/vec4 8;
    %jmp/0xz  T_16.0, 8;
    %pushi/vec4 0, 0, 33;
    %assign/vec4 v000001f1412bec60_0, 0;
    %pushi/vec4 0, 0, 33;
    %assign/vec4 v000001f1412bf020_0, 0;
    %pushi/vec4 0, 0, 33;
    %assign/vec4 v000001f1412bfac0_0, 0;
    %pushi/vec4 0, 0, 33;
    %assign/vec4 v000001f1412bed00_0, 0;
    %jmp T_16.1;
T_16.0 ;
    %load/vec4 v000001f1412bec60_0;
    %addi 1, 0, 33;
    %assign/vec4 v000001f1412bec60_0, 0;
    %load/vec4 v000001f1412be760_0;
    %load/vec4 v000001f1412beda0_0;
    %and;
    %flag_set/vec4 8;
    %jmp/0xz  T_16.2, 8;
    %load/vec4 v000001f1412bf020_0;
    %addi 1, 0, 33;
    %assign/vec4 v000001f1412bf020_0, 0;
T_16.2 ;
    %load/vec4 v000001f1412bfb60_0;
    %load/vec4 v000001f1412be120_0;
    %and;
    %flag_set/vec4 8;
    %jmp/0xz  T_16.4, 8;
    %load/vec4 v000001f1412bfac0_0;
    %addi 1, 0, 33;
    %assign/vec4 v000001f1412bfac0_0, 0;
T_16.4 ;
    %load/vec4 v000001f1412bf5c0_0;
    %load/vec4 v000001f1412bf660_0;
    %and;
    %flag_set/vec4 8;
    %jmp/0xz  T_16.6, 8;
    %load/vec4 v000001f1412bed00_0;
    %addi 1, 0, 33;
    %assign/vec4 v000001f1412bed00_0, 0;
T_16.6 ;
T_16.1 ;
    %jmp T_16;
    .thread T_16;
    .scope S_000001f141213090;
T_17 ;
    %vpi_call/w 3 207 "$display", "\012\012number of sum transfers : %0d per %0d cycles", v000001f1412bed00_0, v000001f1412bec60_0 {0 0 0};
    %load/vec4 v000001f1412bf020_0;
    %load/vec4 v000001f1412bfac0_0;
    %cmp/ne;
    %flag_get/vec4 4;
    %load/vec4 v000001f1412bf020_0;
    %load/vec4 v000001f1412bed00_0;
    %cmp/ne;
    %flag_get/vec4 4;
    %or;
    %flag_set/vec4 8;
    %jmp/0xz  T_17.0, 8;
    %vpi_call/w 3 211 "$display", "\012ERROR: number of transfers do not match: a: %0d b: %0s sum %0d", v000001f1412bf020_0, v000001f1412bfac0_0, v000001f1412bed00_0 {0 0 0};
T_17.0 ;
    %end;
    .thread T_17, $final;
    .scope S_000001f141213090;
T_18 ;
    %pushi/vec4 0, 0, 1;
    %assign/vec4 v000001f1412be760_0, 0;
    %pushi/vec4 0, 0, 1;
    %assign/vec4 v000001f1412bfb60_0, 0;
    %pushi/vec4 0, 0, 1;
    %assign/vec4 v000001f1412bf660_0, 0;
    %pushi/vec4 3, 0, 32;
T_18.0 %dup/vec4;
    %pushi/vec4 0, 0, 32;
    %cmp/s;
    %jmp/1xz T_18.1, 5;
    %jmp/1 T_18.1, 4;
    %pushi/vec4 1, 0, 32;
    %sub;
    %wait E_000001f141252490;
    %jmp T_18.0;
T_18.1 ;
    %pop/vec4 1;
    %pushi/vec4 1, 0, 1;
    %assign/vec4 v000001f1412bfde0_0, 0;
    %pushi/vec4 3, 0, 32;
T_18.2 %dup/vec4;
    %pushi/vec4 0, 0, 32;
    %cmp/s;
    %jmp/1xz T_18.3, 5;
    %jmp/1 T_18.3, 4;
    %pushi/vec4 1, 0, 32;
    %sub;
    %wait E_000001f141252490;
    %jmp T_18.2;
T_18.3 ;
    %pop/vec4 1;
    %pushi/vec4 0, 0, 1;
    %assign/vec4 v000001f1412bfde0_0, 0;
    %vpi_call/w 3 246 "$display", "*** Run back-to-back" {0 0 0};
    %pushi/vec4 1, 0, 1;
    %assign/vec4 v000001f1412be760_0, 0;
    %pushi/vec4 1, 0, 1;
    %assign/vec4 v000001f1412bfb60_0, 0;
    %pushi/vec4 1, 0, 1;
    %assign/vec4 v000001f1412bf660_0, 0;
    %pushi/vec4 20, 0, 32;
T_18.4 %dup/vec4;
    %pushi/vec4 0, 0, 32;
    %cmp/s;
    %jmp/1xz T_18.5, 5;
    %jmp/1 T_18.5, 4;
    %pushi/vec4 1, 0, 32;
    %sub;
    %wait E_000001f141252490;
    %jmp T_18.4;
T_18.5 ;
    %pop/vec4 1;
    %vpi_call/w 3 254 "$display", "*** Supplying only \042a\042" {0 0 0};
T_18.6 ;
    %load/vec4 v000001f1412be120_0;
    %inv;
    %flag_set/vec4 8;
    %jmp/0xz T_18.7, 8;
    %wait E_000001f141252490;
    %jmp T_18.6;
T_18.7 ;
    %pushi/vec4 0, 0, 1;
    %assign/vec4 v000001f1412bfb60_0, 0;
    %pushi/vec4 20, 0, 32;
T_18.8 %dup/vec4;
    %pushi/vec4 0, 0, 32;
    %cmp/s;
    %jmp/1xz T_18.9, 5;
    %jmp/1 T_18.9, 4;
    %pushi/vec4 1, 0, 32;
    %sub;
    %wait E_000001f141252490;
    %jmp T_18.8;
T_18.9 ;
    %pop/vec4 1;
    %vpi_call/w 3 265 "$display", "*** Supplying only \042b\042" {0 0 0};
    %pushi/vec4 1, 0, 1;
    %assign/vec4 v000001f1412bfb60_0, 0;
T_18.10 ;
    %load/vec4 v000001f1412beda0_0;
    %inv;
    %flag_set/vec4 8;
    %jmp/0xz T_18.11, 8;
    %wait E_000001f141252490;
    %jmp T_18.10;
T_18.11 ;
    %pushi/vec4 0, 0, 1;
    %assign/vec4 v000001f1412be760_0, 0;
    %pushi/vec4 20, 0, 32;
T_18.12 %dup/vec4;
    %pushi/vec4 0, 0, 32;
    %cmp/s;
    %jmp/1xz T_18.13, 5;
    %jmp/1 T_18.13, 4;
    %pushi/vec4 1, 0, 32;
    %sub;
    %wait E_000001f141252490;
    %jmp T_18.12;
T_18.13 ;
    %pop/vec4 1;
    %vpi_call/w 3 278 "$display", "*** Applying backpressure" {0 0 0};
    %pushi/vec4 1, 0, 1;
    %assign/vec4 v000001f1412be760_0, 0;
    %pushi/vec4 1, 0, 1;
    %assign/vec4 v000001f1412bfb60_0, 0;
    %pushi/vec4 0, 0, 1;
    %assign/vec4 v000001f1412bf660_0, 0;
    %pushi/vec4 20, 0, 32;
T_18.14 %dup/vec4;
    %pushi/vec4 0, 0, 32;
    %cmp/s;
    %jmp/1xz T_18.15, 5;
    %jmp/1 T_18.15, 4;
    %pushi/vec4 1, 0, 32;
    %sub;
    %wait E_000001f141252490;
    %jmp T_18.14;
T_18.15 ;
    %pop/vec4 1;
    %vpi_call/w 3 286 "$display", "*** Random" {0 0 0};
T_18.16 ;
    %load/vec4 v000001f1412bed00_0;
    %cmpi/ne 100, 0, 33;
    %jmp/0xz T_18.17, 4;
    %load/vec4 v000001f1412bf020_0;
    %cmpi/u 100, 0, 33;
    %flag_or 5, 4;
    %jmp/0xz  T_18.18, 5;
    %jmp T_18.19;
T_18.18 ;
    %vpi_call/w 3 291 "$error" {0 0 0};
T_18.19 ;
    %load/vec4 v000001f1412bf020_0;
    %pushi/vec4 100, 0, 33;
    %cmp/e;
    %flag_get/vec4 4;
    %load/vec4 v000001f1412bf020_0;
    %pushi/vec4 99, 0, 33;
    %cmp/e;
    %flag_get/vec4 4;
    %load/vec4 v000001f1412be760_0;
    %and;
    %load/vec4 v000001f1412beda0_0;
    %and;
    %or;
    %flag_set/vec4 8;
    %jmp/0xz  T_18.20, 8;
    %pushi/vec4 0, 0, 1;
    %assign/vec4 v000001f1412be760_0, 0;
    %jmp T_18.21;
T_18.20 ;
    %load/vec4 v000001f1412be760_0;
    %inv;
    %load/vec4 v000001f1412beda0_0;
    %or;
    %flag_set/vec4 8;
    %jmp/0xz  T_18.22, 8;
    %vpi_func 3 300 "$urandom" 32 {0 0 0};
    %pad/u 1;
    %assign/vec4 v000001f1412be760_0, 0;
T_18.22 ;
T_18.21 ;
    %load/vec4 v000001f1412bfac0_0;
    %cmpi/u 100, 0, 33;
    %flag_or 5, 4;
    %jmp/0xz  T_18.24, 5;
    %jmp T_18.25;
T_18.24 ;
    %vpi_call/w 3 304 "$error" {0 0 0};
T_18.25 ;
    %load/vec4 v000001f1412bfac0_0;
    %pushi/vec4 100, 0, 33;
    %cmp/e;
    %flag_get/vec4 4;
    %load/vec4 v000001f1412bfac0_0;
    %pushi/vec4 99, 0, 33;
    %cmp/e;
    %flag_get/vec4 4;
    %load/vec4 v000001f1412bfb60_0;
    %and;
    %load/vec4 v000001f1412be120_0;
    %and;
    %or;
    %flag_set/vec4 8;
    %jmp/0xz  T_18.26, 8;
    %pushi/vec4 0, 0, 1;
    %assign/vec4 v000001f1412bfb60_0, 0;
    %jmp T_18.27;
T_18.26 ;
    %load/vec4 v000001f1412bfb60_0;
    %inv;
    %load/vec4 v000001f1412be120_0;
    %or;
    %flag_set/vec4 8;
    %jmp/0xz  T_18.28, 8;
    %vpi_func 3 313 "$urandom" 32 {0 0 0};
    %pad/u 1;
    %assign/vec4 v000001f1412bfb60_0, 0;
T_18.28 ;
T_18.27 ;
    %vpi_func 3 316 "$urandom" 32 {0 0 0};
    %pad/u 1;
    %assign/vec4 v000001f1412bf660_0, 0;
    %wait E_000001f141252490;
    %jmp T_18.16;
T_18.17 ;
    %vpi_call/w 3 321 "$display", "*** Draining the results" {0 0 0};
    %pushi/vec4 1, 0, 1;
    %assign/vec4 v000001f1412bf660_0, 0;
    %pushi/vec4 11, 0, 32;
T_18.30 %dup/vec4;
    %pushi/vec4 0, 0, 32;
    %cmp/s;
    %jmp/1xz T_18.31, 5;
    %jmp/1 T_18.31, 4;
    %pushi/vec4 1, 0, 32;
    %sub;
    %wait E_000001f141252490;
    %jmp T_18.30;
T_18.31 ;
    %pop/vec4 1;
    %vpi_call/w 3 326 "$display", "PASS %s", "./testbench.sv" {0 0 0};
    %vpi_call/w 3 327 "$finish" {0 0 0};
    %end;
    .thread T_18;
    .scope S_000001f141213090;
T_19 ;
    %wait E_000001f141252490;
    %load/vec4 v000001f1412bfde0_0;
    %flag_set/vec4 8;
    %jmp/0xz  T_19.0, 8;
    %pushi/vec4 0, 0, 4;
    %assign/vec4 v000001f1412bf0c0_0, 0;
    %jmp T_19.1;
T_19.0 ;
    %load/vec4 v000001f1412be760_0;
    %load/vec4 v000001f1412beda0_0;
    %and;
    %flag_set/vec4 8;
    %jmp/0xz  T_19.2, 8;
    %vpi_func 3 337 "$urandom" 32 {0 0 0};
    %pad/u 4;
    %assign/vec4 v000001f1412bf0c0_0, 0;
T_19.2 ;
T_19.1 ;
    %jmp T_19;
    .thread T_19;
    .scope S_000001f141213090;
T_20 ;
    %wait E_000001f141252490;
    %load/vec4 v000001f1412bfde0_0;
    %flag_set/vec4 8;
    %jmp/0xz  T_20.0, 8;
    %pushi/vec4 0, 0, 4;
    %assign/vec4 v000001f1412beb20_0, 0;
    %jmp T_20.1;
T_20.0 ;
    %load/vec4 v000001f1412bfb60_0;
    %load/vec4 v000001f1412be120_0;
    %and;
    %flag_set/vec4 8;
    %jmp/0xz  T_20.2, 8;
    %vpi_func 3 343 "$urandom" 32 {0 0 0};
    %pad/u 4;
    %assign/vec4 v000001f1412beb20_0, 0;
T_20.2 ;
T_20.1 ;
    %jmp T_20;
    .thread T_20;
# The file index is used to find the file name in the following table.
:file_names 7;
    "N/A";
    "<interactive>";
    "-";
    "./testbench.sv";
    "./a_plus_b_using_fifos_and_double_buffer.sv";
    "./double_buffer_from_dally_harting.sv";
    "./flip_flop_fifo_with_counter.sv";
