#! /c/Source/iverilog-install/bin/vvp
:ivl_version "12.0 (devel)" "(s20150603-1539-g2693dd32b)";
:ivl_delay_selection "TYPICAL";
:vpi_time_precision + 0;
:vpi_module "C:\iverilog\lib\ivl\system.vpi";
:vpi_module "C:\iverilog\lib\ivl\vhdl_sys.vpi";
:vpi_module "C:\iverilog\lib\ivl\vhdl_textio.vpi";
:vpi_module "C:\iverilog\lib\ivl\v2005_math.vpi";
:vpi_module "C:\iverilog\lib\ivl\va_math.vpi";
:vpi_module "C:\iverilog\lib\ivl\v2009.vpi";
S_00000238100c3420 .scope package, "$unit" "$unit" 2 1;
 .timescale 0 0;
S_00000238100e0ae0 .scope module, "testbench" "testbench" 3 5;
 .timescale 0 0;
P_000002381009b7b0 .param/l "MAX_TOKEN" 1 3 27, +C4<000000000000000000000000000001111>;
P_000002381009b7e8 .param/l "N" 1 3 81, +C4<00000000000000000000000001100100>;
P_000002381009b820 .param/l "TIMEOUT" 1 3 86, +C4<00000000000000001100001101010000>;
P_000002381009b858 .param/l "WIDTH" 1 3 26, +C4<00000000000000000000000000000010>;
P_000002381009b890 .param/l "pro_ready" 1 3 84, +C4<00000000000000000000000000110010>;
P_000002381009b8c8 .param/l "pro_token" 1 3 82, +C4<00000000000000000000000000110010>;
P_000002381009b900 .param/l "pro_valid" 1 3 83, +C4<00000000000000000000000000110010>;
L_00000238100d4ca0 .functor AND 1, v0000023810132600_0, L_00000238100d5560, C4<1>, C4<1>;
L_00000238100d5100 .functor AND 1, L_0000023810133500, v0000023810133780_0, C4<1>, C4<1>;
v00000238100caca0_0 .var "clk", 0 0;
v0000023810132b00_0 .var/2s "count_token", 31 0;
v0000023810132ba0_0 .net "down_handshake", 0 0, L_00000238100d5100;  1 drivers
v0000023810133780_0 .var "down_ready", 0 0;
v0000023810132380_0 .net "down_valid", 0 0, L_0000023810133500;  1 drivers
v0000023810132c40_0 .var "expected_token", 3 0;
v0000023810133820_0 .var "in_token", 1 0;
v0000023810132920_0 .net "out_token", 3 0, L_00000238100d59c0;  1 drivers
v0000023810132ec0_0 .var/queue "queue_tokens", 4;
v0000023810133aa0_0 .var "rst", 0 0;
v00000238101326a0_0 .var "sample", 3 0;
v0000023810132a60_0 .var/2s "stage", 31 0;
v00000238101335a0_0 .net "up_handshake", 0 0, L_00000238100d4ca0;  1 drivers
v0000023810132100_0 .net "up_ready", 0 0, L_00000238100d5560;  1 drivers
v0000023810132600_0 .var "up_valid", 0 0;
v00000238101321a0_0 .var "valid_tmp", 0 0;
v0000023810132240_0 .var/2u "was_reset", 0 0;
E_00000238100d7e30 .event negedge, v00000238100cb240_0;
S_000002381009b940 .scope module, "dut" "gearbox_1_to_2_fc" 3 46, 4 5 0, S_00000238100e0ae0;
 .timescale 0 0;
    .port_info 0 /INPUT 1 "clk";
    .port_info 1 /INPUT 1 "rst";
    .port_info 2 /INPUT 1 "up_valid";
    .port_info 3 /OUTPUT 1 "up_ready";
    .port_info 4 /INPUT 2 "up_data";
    .port_info 5 /OUTPUT 1 "down_valid";
    .port_info 6 /OUTPUT 4 "down_data";
    .port_info 7 /INPUT 1 "down_ready";
P_00000238100d80b0 .param/l "width" 0 4 7, +C4<00000000000000000000000000000010>;
enum00000238100b3600 .enum4 (2)
   "EMPTY" 2'b00,
   "FIRST" 2'b01,
   "SECOND" 2'b10
 ;
L_00000238100d5950 .functor OR 1, L_0000023810132d80, L_00000238101330a0, C4<0>, C4<0>;
L_00000238100d5410 .functor AND 1, L_0000023810133500, v0000023810133780_0, C4<1>, C4<1>;
L_00000238100d5480 .functor AND 1, L_00000238100d5410, L_00000238101338c0, C4<1>, C4<1>;
L_00000238100d5560 .functor OR 1, L_00000238100d5950, L_00000238100d5480, C4<0>, C4<0>;
L_00000238100d59c0 .functor BUFZ 4, v00000238100cb100_0, C4<0000>, C4<0000>, C4<0000>;
L_0000023810150088 .functor BUFT 1, C4<00>, C4<0>, C4<0>, C4<0>;
v00000238100cab60_0 .net/2u *"_ivl_0", 1 0, L_0000023810150088;  1 drivers
v00000238100cb600_0 .net *"_ivl_10", 0 0, L_00000238100d5410;  1 drivers
L_0000023810150118 .functor BUFT 1, C4<10>, C4<0>, C4<0>, C4<0>;
v00000238100cad40_0 .net/2u *"_ivl_12", 1 0, L_0000023810150118;  1 drivers
v00000238100cade0_0 .net *"_ivl_14", 0 0, L_00000238101338c0;  1 drivers
v00000238100cae80_0 .net *"_ivl_16", 0 0, L_00000238100d5480;  1 drivers
v00000238100cb380_0 .net *"_ivl_2", 0 0, L_0000023810132d80;  1 drivers
L_0000023810150160 .functor BUFT 1, C4<10>, C4<0>, C4<0>, C4<0>;
v00000238100cb7e0_0 .net/2u *"_ivl_20", 1 0, L_0000023810150160;  1 drivers
L_00000238101500d0 .functor BUFT 1, C4<01>, C4<0>, C4<0>, C4<0>;
v00000238100caf20_0 .net/2u *"_ivl_4", 1 0, L_00000238101500d0;  1 drivers
v00000238100cb4c0_0 .net *"_ivl_6", 0 0, L_00000238101330a0;  1 drivers
v00000238100cb740_0 .net *"_ivl_8", 0 0, L_00000238100d5950;  1 drivers
v00000238100cafc0_0 .net "clk", 0 0, v00000238100caca0_0;  1 drivers
v00000238100cb420_0 .net "down_data", 3 0, L_00000238100d59c0;  alias, 1 drivers
v00000238100cb880_0 .net "down_ready", 0 0, v0000023810133780_0;  1 drivers
v00000238100cb060_0 .net "down_valid", 0 0, L_0000023810133500;  alias, 1 drivers
v00000238100cb920_0 .var "first_data", 1 0;
v00000238100cb100_0 .var "full_data", 3 0;
v00000238100cb9c0_0 .var "next_state", 1 0;
v00000238100cb240_0 .net "rst", 0 0, v0000023810133aa0_0;  1 drivers
v00000238100cb1a0_0 .var "second_data", 1 0;
v00000238100cba60_0 .var "state", 1 0;
v00000238100cb2e0_0 .net "up_data", 1 0, v0000023810133820_0;  1 drivers
v00000238100cb6a0_0 .net "up_ready", 0 0, L_00000238100d5560;  alias, 1 drivers
v00000238100cb560_0 .net "up_valid", 0 0, v0000023810132600_0;  1 drivers
E_00000238100d8ab0 .event posedge, v00000238100cafc0_0;
E_00000238100d89b0/0 .event anyedge, v00000238100cba60_0, v00000238100cb560_0, v00000238100cb6a0_0, v00000238100cb2e0_0;
E_00000238100d89b0/1 .event anyedge, v00000238100cb060_0, v00000238100cb880_0;
E_00000238100d89b0 .event/or E_00000238100d89b0/0, E_00000238100d89b0/1;
E_00000238100d86f0/0 .event anyedge, v00000238100cba60_0, v00000238100cb560_0, v00000238100cb6a0_0, v00000238100cb060_0;
E_00000238100d86f0/1 .event anyedge, v00000238100cb880_0;
E_00000238100d86f0 .event/or E_00000238100d86f0/0, E_00000238100d86f0/1;
E_00000238100d7eb0 .event posedge, v00000238100cb240_0, v00000238100cafc0_0;
L_0000023810132d80 .cmp/eq 2, v00000238100cba60_0, L_0000023810150088;
L_00000238101330a0 .cmp/eq 2, v00000238100cba60_0, L_00000238101500d0;
L_00000238101338c0 .cmp/eq 2, v00000238100cba60_0, L_0000023810150118;
L_0000023810133500 .cmp/eq 2, v00000238100cba60_0, L_0000023810150160;
    .scope S_000002381009b940;
T_0 ;
    %wait E_00000238100d7eb0;
    %load/vec4 v00000238100cb240_0;
    %flag_set/vec4 8;
    %jmp/0xz  T_0.0, 8;
    %pushi/vec4 0, 0, 2;
    %assign/vec4 v00000238100cba60_0, 0;
    %jmp T_0.1;
T_0.0 ;
    %load/vec4 v00000238100cb9c0_0;
    %assign/vec4 v00000238100cba60_0, 0;
T_0.1 ;
    %jmp T_0;
    .thread T_0;
    .scope S_000002381009b940;
T_1 ;
Ewait_0 .event/or E_00000238100d86f0, E_0x0;
    %wait Ewait_0;
    %load/vec4 v00000238100cba60_0;
    %store/vec4 v00000238100cb9c0_0, 0, 2;
    %load/vec4 v00000238100cba60_0;
    %dup/vec4;
    %pushi/vec4 0, 0, 2;
    %cmp/u;
    %jmp/1 T_1.0, 6;
    %dup/vec4;
    %pushi/vec4 1, 0, 2;
    %cmp/u;
    %jmp/1 T_1.1, 6;
    %dup/vec4;
    %pushi/vec4 2, 0, 2;
    %cmp/u;
    %jmp/1 T_1.2, 6;
    %jmp T_1.3;
T_1.0 ;
    %load/vec4 v00000238100cb560_0;
    %load/vec4 v00000238100cb6a0_0;
    %and;
    %flag_set/vec4 8;
    %jmp/0xz  T_1.4, 8;
    %pushi/vec4 1, 0, 2;
    %store/vec4 v00000238100cb9c0_0, 0, 2;
T_1.4 ;
    %jmp T_1.3;
T_1.1 ;
    %load/vec4 v00000238100cb560_0;
    %load/vec4 v00000238100cb6a0_0;
    %and;
    %flag_set/vec4 8;
    %jmp/0xz  T_1.6, 8;
    %pushi/vec4 2, 0, 2;
    %store/vec4 v00000238100cb9c0_0, 0, 2;
T_1.6 ;
    %jmp T_1.3;
T_1.2 ;
    %load/vec4 v00000238100cb560_0;
    %load/vec4 v00000238100cb6a0_0;
    %and;
    %load/vec4 v00000238100cb060_0;
    %load/vec4 v00000238100cb880_0;
    %and;
    %and;
    %flag_set/vec4 8;
    %jmp/0xz  T_1.8, 8;
    %pushi/vec4 1, 0, 2;
    %store/vec4 v00000238100cb9c0_0, 0, 2;
    %jmp T_1.9;
T_1.8 ;
    %load/vec4 v00000238100cb060_0;
    %load/vec4 v00000238100cb880_0;
    %and;
    %flag_set/vec4 8;
    %jmp/0xz  T_1.10, 8;
    %pushi/vec4 0, 0, 2;
    %store/vec4 v00000238100cb9c0_0, 0, 2;
T_1.10 ;
T_1.9 ;
    %jmp T_1.3;
T_1.3 ;
    %pop/vec4 1;
    %jmp T_1;
    .thread T_1, $push;
    .scope S_000002381009b940;
T_2 ;
Ewait_1 .event/or E_00000238100d89b0, E_0x0;
    %wait Ewait_1;
    %load/vec4 v00000238100cba60_0;
    %dup/vec4;
    %pushi/vec4 0, 0, 2;
    %cmp/u;
    %jmp/1 T_2.0, 6;
    %dup/vec4;
    %pushi/vec4 1, 0, 2;
    %cmp/u;
    %jmp/1 T_2.1, 6;
    %dup/vec4;
    %pushi/vec4 2, 0, 2;
    %cmp/u;
    %jmp/1 T_2.2, 6;
    %jmp T_2.3;
T_2.0 ;
    %load/vec4 v00000238100cb560_0;
    %load/vec4 v00000238100cb6a0_0;
    %and;
    %flag_set/vec4 8;
    %jmp/0xz  T_2.4, 8;
    %load/vec4 v00000238100cb2e0_0;
    %store/vec4 v00000238100cb920_0, 0, 2;
T_2.4 ;
    %jmp T_2.3;
T_2.1 ;
    %load/vec4 v00000238100cb560_0;
    %load/vec4 v00000238100cb6a0_0;
    %and;
    %flag_set/vec4 8;
    %jmp/0xz  T_2.6, 8;
    %load/vec4 v00000238100cb2e0_0;
    %store/vec4 v00000238100cb1a0_0, 0, 2;
T_2.6 ;
    %jmp T_2.3;
T_2.2 ;
    %load/vec4 v00000238100cb560_0;
    %load/vec4 v00000238100cb6a0_0;
    %and;
    %load/vec4 v00000238100cb060_0;
    %load/vec4 v00000238100cb880_0;
    %and;
    %and;
    %flag_set/vec4 8;
    %jmp/0xz  T_2.8, 8;
    %load/vec4 v00000238100cb2e0_0;
    %store/vec4 v00000238100cb920_0, 0, 2;
T_2.8 ;
    %jmp T_2.3;
T_2.3 ;
    %pop/vec4 1;
    %jmp T_2;
    .thread T_2, $push;
    .scope S_000002381009b940;
T_3 ;
    %wait E_00000238100d8ab0;
    %load/vec4 v00000238100cb920_0;
    %load/vec4 v00000238100cb1a0_0;
    %concat/vec4; draw_concat_vec4
    %assign/vec4 v00000238100cb100_0, 0;
    %jmp T_3;
    .thread T_3;
    .scope S_00000238100e0ae0;
T_4 ;
    %pushi/vec4 0, 0, 32;
    %store/vec4 v0000023810132b00_0, 0, 32;
    %pushi/vec4 0, 0, 32;
    %store/vec4 v0000023810132a60_0, 0, 32;
    %pushi/vec4 0, 0, 1;
    %store/vec4 v0000023810132240_0, 0, 1;
    %end;
    .thread T_4, $init;
    .scope S_00000238100e0ae0;
T_5 ;
    %pushi/vec4 0, 0, 1;
    %store/vec4 v00000238100caca0_0, 0, 1;
T_5.0 ;
    %delay 500, 0;
    %load/vec4 v00000238100caca0_0;
    %inv;
    %store/vec4 v00000238100caca0_0, 0, 1;
    %jmp T_5.0;
    %end;
    .thread T_5;
    .scope S_00000238100e0ae0;
T_6 ;
    %pushi/vec4 1, 1, 1;
    %assign/vec4 v0000023810133aa0_0, 0;
    %pushi/vec4 2, 0, 32;
T_6.0 %dup/vec4;
    %pushi/vec4 0, 0, 32;
    %cmp/s;
    %jmp/1xz T_6.1, 5;
    %jmp/1 T_6.1, 4;
    %pushi/vec4 1, 0, 32;
    %sub;
    %wait E_00000238100d8ab0;
    %jmp T_6.0;
T_6.1 ;
    %pop/vec4 1;
    %pushi/vec4 1, 0, 1;
    %assign/vec4 v0000023810133aa0_0, 0;
    %pushi/vec4 2, 0, 32;
T_6.2 %dup/vec4;
    %pushi/vec4 0, 0, 32;
    %cmp/s;
    %jmp/1xz T_6.3, 5;
    %jmp/1 T_6.3, 4;
    %pushi/vec4 1, 0, 32;
    %sub;
    %wait E_00000238100d8ab0;
    %jmp T_6.2;
T_6.3 ;
    %pop/vec4 1;
    %pushi/vec4 0, 0, 1;
    %assign/vec4 v0000023810133aa0_0, 0;
    %end;
    .thread T_6;
    .scope S_00000238100e0ae0;
T_7 ;
    %wait E_00000238100d8ab0;
    %load/vec4 v0000023810133aa0_0;
    %flag_set/vec4 8;
    %jmp/0xz  T_7.0, 8;
    %pushi/vec4 1, 0, 1;
    %assign/vec4 v0000023810132240_0, 0;
T_7.0 ;
    %jmp T_7;
    .thread T_7;
    .scope S_00000238100e0ae0;
T_8 ;
    %wait E_00000238100d8ab0;
    %load/vec4 v0000023810133aa0_0;
    %inv;
    %load/vec4 v0000023810132240_0;
    %and;
    %load/vec4 v0000023810132ba0_0;
    %and;
    %flag_set/vec4 8;
    %jmp/0xz  T_8.0, 8;
    %load/vec4 v0000023810132b00_0;
    %addi 1, 0, 32;
    %cast2;
    %store/vec4 v0000023810132b00_0, 0, 32;
    %qpop/b/v v0000023810132ec0_0, 4;
    %store/vec4 v0000023810132c40_0, 0, 4;
    %load/vec4 v0000023810132920_0;
    %load/vec4 v0000023810132c40_0;
    %cmp/e;
    %flag_get/vec4 6;
    %inv;
    %flag_set/vec4 8;
    %jmp/0xz  T_8.2, 8;
    %vpi_call/w 3 70 "$display", "FAIL %s", "./testbench.sv" {0 0 0};
    %vpi_call/w 3 71 "$display", "unexpected token  %b expected %b", v0000023810132920_0, v0000023810132c40_0 {0 0 0};
    %vpi_call/w 3 72 "$display", "Number token  %d ", v0000023810132b00_0 {0 0 0};
    %pushi/vec4 3, 0, 32;
T_8.4 %dup/vec4;
    %pushi/vec4 0, 0, 32;
    %cmp/s;
    %jmp/1xz T_8.5, 5;
    %jmp/1 T_8.5, 4;
    %pushi/vec4 1, 0, 32;
    %sub;
    %wait E_00000238100d8ab0;
    %jmp T_8.4;
T_8.5 ;
    %pop/vec4 1;
    %vpi_call/w 3 74 "$finish", 32'sb00000000000000000000000000000001 {0 0 0};
T_8.2 ;
T_8.0 ;
    %jmp T_8;
    .thread T_8;
    .scope S_00000238100e0ae0;
T_9 ;
    %vpi_call/w 3 94 "$dumpvars" {0 0 0};
    %pushi/vec4 0, 0, 4;
    %store/vec4 v00000238101326a0_0, 0, 4;
    %wait E_00000238100d7e30;
    %pushi/vec4 1, 0, 1;
    %store/vec4 v0000023810133780_0, 0, 1;
    %pushi/vec4 1, 0, 1;
    %assign/vec4 v0000023810132600_0, 0;
    %pushi/vec4 10, 0, 32;
T_9.0 %dup/vec4;
    %pushi/vec4 0, 0, 32;
    %cmp/s;
    %jmp/1xz T_9.1, 5;
    %jmp/1 T_9.1, 4;
    %pushi/vec4 1, 0, 32;
    %sub;
    %vpi_func 3 108 "$urandom_range" 32, P_000002381009b7b0, 32'sb00000000000000000000000000000000 {0 0 0};
    %pad/u 4;
    %store/vec4 v00000238101326a0_0, 0, 4;
    %load/vec4 v00000238101326a0_0;
    %parti/s 2, 2, 3;
    %assign/vec4 v0000023810133820_0, 0;
    %wait E_00000238100d8ab0;
    %load/vec4 v00000238101326a0_0;
    %parti/s 2, 0, 2;
    %assign/vec4 v0000023810133820_0, 0;
    %ix/load 4, 0, 0;
    %load/vec4 v00000238101326a0_0;
    %store/qf/v v0000023810132ec0_0, 4, 4;
    %wait E_00000238100d8ab0;
    %jmp T_9.0;
T_9.1 ;
    %pop/vec4 1;
    %pushi/vec4 0, 0, 1;
    %store/vec4 v0000023810132600_0, 0, 1;
    %pushi/vec4 1, 0, 1;
    %assign/vec4 v0000023810133780_0, 0;
    %vpi_func 3 126 "$urandom_range" 32, P_000002381009b7b0, 32'sb00000000000000000000000000000000 {0 0 0};
    %pad/u 4;
    %assign/vec4 v00000238101326a0_0, 0;
    %vpi_func 3 127 "$urandom_range" 32, 32'sb00000000000000000000000001100100, 32'sb00000000000000000000000000000000 {0 0 0};
    %cmpi/u 50, 0, 32;
    %flag_get/vec4 5;
    %assign/vec4 v00000238101321a0_0, 0;
    %wait E_00000238100d8ab0;
    %pushi/vec4 10, 0, 32;
T_9.2 %dup/vec4;
    %pushi/vec4 0, 0, 32;
    %cmp/s;
    %jmp/1xz T_9.3, 5;
    %jmp/1 T_9.3, 4;
    %pushi/vec4 1, 0, 32;
    %sub;
T_9.4 ;
    %load/vec4 v00000238101321a0_0;
    %inv;
    %flag_set/vec4 8;
    %jmp/0xz T_9.5, 8;
    %pushi/vec4 0, 0, 1;
    %assign/vec4 v0000023810132600_0, 0;
    %vpi_func 3 133 "$urandom_range" 32, 32'sb00000000000000000000000001100100, 32'sb00000000000000000000000000000000 {0 0 0};
    %cmpi/u 50, 0, 32;
    %flag_get/vec4 5;
    %assign/vec4 v00000238101321a0_0, 0;
    %pushi/vec4 3, 3, 2;
    %assign/vec4 v0000023810133820_0, 0;
    %wait E_00000238100d8ab0;
    %jmp T_9.4;
T_9.5 ;
    %pushi/vec4 1, 0, 1;
    %assign/vec4 v0000023810132600_0, 0;
    %load/vec4 v00000238101326a0_0;
    %parti/s 2, 2, 3;
    %assign/vec4 v0000023810133820_0, 0;
    %load/vec4 v00000238101335a0_0;
    %inv;
    %flag_set/vec4 8;
    %jmp/0xz  T_9.6, 8;
T_9.8 ;
    %load/vec4 v00000238101335a0_0;
    %inv;
    %flag_set/vec4 8;
    %jmp/0xz T_9.9, 8;
    %wait E_00000238100d8ab0;
    %jmp T_9.8;
T_9.9 ;
    %jmp T_9.7;
T_9.6 ;
    %wait E_00000238100d8ab0;
T_9.7 ;
    %vpi_func 3 143 "$urandom_range" 32, 32'sb00000000000000000000000001100100, 32'sb00000000000000000000000000000000 {0 0 0};
    %cmpi/u 50, 0, 32;
    %flag_get/vec4 5;
    %assign/vec4 v00000238101321a0_0, 0;
T_9.10 ;
    %load/vec4 v00000238101321a0_0;
    %inv;
    %flag_set/vec4 8;
    %jmp/0xz T_9.11, 8;
    %pushi/vec4 0, 0, 1;
    %assign/vec4 v0000023810132600_0, 0;
    %vpi_func 3 146 "$urandom_range" 32, 32'sb00000000000000000000000001100100, 32'sb00000000000000000000000000000000 {0 0 0};
    %cmpi/u 50, 0, 32;
    %flag_get/vec4 5;
    %assign/vec4 v00000238101321a0_0, 0;
    %pushi/vec4 3, 3, 2;
    %assign/vec4 v0000023810133820_0, 0;
    %wait E_00000238100d8ab0;
    %jmp T_9.10;
T_9.11 ;
    %pushi/vec4 1, 0, 1;
    %assign/vec4 v0000023810132600_0, 0;
    %load/vec4 v00000238101326a0_0;
    %parti/s 2, 0, 2;
    %assign/vec4 v0000023810133820_0, 0;
    %ix/load 4, 0, 0;
    %load/vec4 v00000238101326a0_0;
    %store/qf/v v0000023810132ec0_0, 4, 4;
    %load/vec4 v00000238101335a0_0;
    %inv;
    %flag_set/vec4 8;
    %jmp/0xz  T_9.12, 8;
T_9.14 ;
    %load/vec4 v00000238101335a0_0;
    %inv;
    %flag_set/vec4 8;
    %jmp/0xz T_9.15, 8;
    %wait E_00000238100d8ab0;
    %jmp T_9.14;
T_9.15 ;
    %jmp T_9.13;
T_9.12 ;
    %wait E_00000238100d8ab0;
T_9.13 ;
    %jmp T_9.2;
T_9.3 ;
    %pop/vec4 1;
    %pushi/vec4 0, 0, 1;
    %assign/vec4 v0000023810132600_0, 0;
    %vpi_func 3 164 "$urandom_range" 32, P_000002381009b7b0, 32'sb00000000000000000000000000000000 {0 0 0};
    %pad/u 4;
    %assign/vec4 v00000238101326a0_0, 0;
    %wait E_00000238100d8ab0;
    %pushi/vec4 10, 0, 32;
T_9.16 %dup/vec4;
    %pushi/vec4 0, 0, 32;
    %cmp/s;
    %jmp/1xz T_9.17, 5;
    %jmp/1 T_9.17, 4;
    %pushi/vec4 1, 0, 32;
    %sub;
    %pushi/vec4 1, 0, 1;
    %assign/vec4 v0000023810132600_0, 0;
    %load/vec4 v00000238101326a0_0;
    %parti/s 2, 2, 3;
    %assign/vec4 v0000023810133820_0, 0;
    %vpi_func 3 172 "$urandom_range" 32, 32'sb00000000000000000000000001100100, 32'sb00000000000000000000000000000000 {0 0 0};
    %cmpi/u 50, 0, 32;
    %flag_get/vec4 5;
    %assign/vec4 v0000023810133780_0, 0;
    %wait E_00000238100d8ab0;
    %load/vec4 v00000238101335a0_0;
    %inv;
    %flag_set/vec4 8;
    %jmp/0xz  T_9.18, 8;
T_9.20 ;
    %load/vec4 v00000238101335a0_0;
    %inv;
    %flag_set/vec4 8;
    %jmp/0xz T_9.21, 8;
    %wait E_00000238100d8ab0;
    %vpi_func 3 178 "$urandom_range" 32, 32'sb00000000000000000000000001100100, 32'sb00000000000000000000000000000000 {0 0 0};
    %cmpi/u 50, 0, 32;
    %flag_get/vec4 5;
    %assign/vec4 v0000023810133780_0, 0;
    %jmp T_9.20;
T_9.21 ;
T_9.18 ;
    %load/vec4 v00000238101326a0_0;
    %parti/s 2, 0, 2;
    %assign/vec4 v0000023810133820_0, 0;
    %vpi_func 3 182 "$urandom_range" 32, 32'sb00000000000000000000000001100100, 32'sb00000000000000000000000000000000 {0 0 0};
    %cmpi/u 50, 0, 32;
    %flag_get/vec4 5;
    %assign/vec4 v0000023810133780_0, 0;
    %ix/load 4, 0, 0;
    %load/vec4 v00000238101326a0_0;
    %store/qf/v v0000023810132ec0_0, 4, 4;
    %vpi_func 3 188 "$urandom_range" 32, P_000002381009b7b0, 32'sb00000000000000000000000000000000 {0 0 0};
    %pad/u 4;
    %assign/vec4 v00000238101326a0_0, 0;
    %load/vec4 v00000238101335a0_0;
    %inv;
    %flag_set/vec4 8;
    %jmp/0xz  T_9.22, 8;
T_9.24 ;
    %load/vec4 v00000238101335a0_0;
    %inv;
    %flag_set/vec4 8;
    %jmp/0xz T_9.25, 8;
    %wait E_00000238100d8ab0;
    %vpi_func 3 192 "$urandom_range" 32, 32'sb00000000000000000000000001100100, 32'sb00000000000000000000000000000000 {0 0 0};
    %cmpi/u 50, 0, 32;
    %flag_get/vec4 5;
    %store/vec4 v0000023810133780_0, 0, 1;
    %jmp T_9.24;
T_9.25 ;
    %jmp T_9.23;
T_9.22 ;
    %wait E_00000238100d8ab0;
T_9.23 ;
    %jmp T_9.16;
T_9.17 ;
    %pop/vec4 1;
    %pushi/vec4 0, 0, 1;
    %assign/vec4 v0000023810132600_0, 0;
    %vpi_func 3 201 "$urandom_range" 32, P_000002381009b7b0, 32'sb00000000000000000000000000000000 {0 0 0};
    %pad/u 4;
    %assign/vec4 v00000238101326a0_0, 0;
    %vpi_func 3 203 "$urandom_range" 32, 32'sb00000000000000000000000001100100, 32'sb00000000000000000000000000000000 {0 0 0};
    %cmpi/u 50, 0, 32;
    %flag_get/vec4 5;
    %assign/vec4 v00000238101321a0_0, 0;
    %vpi_func 3 204 "$urandom_range" 32, 32'sb00000000000000000000000001100100, 32'sb00000000000000000000000000000000 {0 0 0};
    %cmpi/u 50, 0, 32;
    %flag_get/vec4 5;
    %assign/vec4 v0000023810133780_0, 0;
    %wait E_00000238100d8ab0;
    %pushi/vec4 100, 0, 32;
T_9.26 %dup/vec4;
    %pushi/vec4 0, 0, 32;
    %cmp/s;
    %jmp/1xz T_9.27, 5;
    %jmp/1 T_9.27, 4;
    %pushi/vec4 1, 0, 32;
    %sub;
T_9.28 ;
    %load/vec4 v00000238101321a0_0;
    %inv;
    %flag_set/vec4 8;
    %jmp/0xz T_9.29, 8;
    %vpi_func 3 212 "$urandom_range" 32, 32'sb00000000000000000000000001100100, 32'sb00000000000000000000000000000000 {0 0 0};
    %cmpi/u 50, 0, 32;
    %flag_get/vec4 5;
    %assign/vec4 v00000238101321a0_0, 0;
    %vpi_func 3 213 "$urandom_range" 32, 32'sb00000000000000000000000001100100, 32'sb00000000000000000000000000000000 {0 0 0};
    %cmpi/u 50, 0, 32;
    %flag_get/vec4 5;
    %assign/vec4 v0000023810133780_0, 0;
    %pushi/vec4 3, 3, 2;
    %assign/vec4 v0000023810133820_0, 0;
    %pushi/vec4 0, 0, 1;
    %assign/vec4 v0000023810132600_0, 0;
    %wait E_00000238100d8ab0;
    %jmp T_9.28;
T_9.29 ;
    %load/vec4 v00000238101326a0_0;
    %parti/s 2, 2, 3;
    %assign/vec4 v0000023810133820_0, 0;
    %pushi/vec4 1, 0, 1;
    %assign/vec4 v0000023810132600_0, 0;
    %vpi_func 3 223 "$urandom_range" 32, 32'sb00000000000000000000000001100100, 32'sb00000000000000000000000000000000 {0 0 0};
    %cmpi/u 50, 0, 32;
    %flag_get/vec4 5;
    %assign/vec4 v00000238101321a0_0, 0;
    %vpi_func 3 224 "$urandom_range" 32, 32'sb00000000000000000000000001100100, 32'sb00000000000000000000000000000000 {0 0 0};
    %cmpi/u 50, 0, 32;
    %flag_get/vec4 5;
    %assign/vec4 v0000023810133780_0, 0;
    %load/vec4 v0000023810132100_0;
    %inv;
    %flag_set/vec4 8;
    %jmp/0xz  T_9.30, 8;
T_9.32 ;
    %load/vec4 v0000023810132100_0;
    %inv;
    %flag_set/vec4 8;
    %jmp/0xz T_9.33, 8;
    %vpi_func 3 229 "$urandom_range" 32, 32'sb00000000000000000000000001100100, 32'sb00000000000000000000000000000000 {0 0 0};
    %cmpi/u 50, 0, 32;
    %flag_get/vec4 5;
    %assign/vec4 v0000023810133780_0, 0;
    %wait E_00000238100d8ab0;
    %jmp T_9.32;
T_9.33 ;
    %jmp T_9.31;
T_9.30 ;
    %wait E_00000238100d8ab0;
T_9.31 ;
    %load/vec4 v0000023810132100_0;
    %inv;
    %flag_set/vec4 8;
    %jmp/0xz  T_9.34, 8;
T_9.36 ;
    %load/vec4 v0000023810132100_0;
    %inv;
    %flag_set/vec4 8;
    %jmp/0xz T_9.37, 8;
    %vpi_func 3 237 "$urandom_range" 32, 32'sb00000000000000000000000001100100, 32'sb00000000000000000000000000000000 {0 0 0};
    %cmpi/u 50, 0, 32;
    %flag_get/vec4 5;
    %assign/vec4 v0000023810133780_0, 0;
    %wait E_00000238100d8ab0;
    %jmp T_9.36;
T_9.37 ;
T_9.34 ;
T_9.38 ;
    %load/vec4 v00000238101321a0_0;
    %inv;
    %flag_set/vec4 8;
    %jmp/0xz T_9.39, 8;
    %vpi_func 3 245 "$urandom_range" 32, 32'sb00000000000000000000000001100100, 32'sb00000000000000000000000000000000 {0 0 0};
    %cmpi/u 50, 0, 32;
    %flag_get/vec4 5;
    %assign/vec4 v00000238101321a0_0, 0;
    %vpi_func 3 246 "$urandom_range" 32, 32'sb00000000000000000000000001100100, 32'sb00000000000000000000000000000000 {0 0 0};
    %cmpi/u 50, 0, 32;
    %flag_get/vec4 5;
    %assign/vec4 v0000023810133780_0, 0;
    %pushi/vec4 3, 3, 2;
    %assign/vec4 v0000023810133820_0, 0;
    %pushi/vec4 0, 0, 1;
    %assign/vec4 v0000023810132600_0, 0;
    %wait E_00000238100d8ab0;
    %jmp T_9.38;
T_9.39 ;
    %load/vec4 v00000238101326a0_0;
    %parti/s 2, 0, 2;
    %assign/vec4 v0000023810133820_0, 0;
    %pushi/vec4 1, 0, 1;
    %assign/vec4 v0000023810132600_0, 0;
    %ix/load 4, 0, 0;
    %load/vec4 v00000238101326a0_0;
    %store/qf/v v0000023810132ec0_0, 4, 4;
    %vpi_func 3 258 "$urandom_range" 32, P_000002381009b7b0, 32'sb00000000000000000000000000000000 {0 0 0};
    %pad/u 4;
    %assign/vec4 v00000238101326a0_0, 0;
    %vpi_func 3 259 "$urandom_range" 32, 32'sb00000000000000000000000001100100, 32'sb00000000000000000000000000000000 {0 0 0};
    %cmpi/u 50, 0, 32;
    %flag_get/vec4 5;
    %assign/vec4 v00000238101321a0_0, 0;
    %vpi_func 3 260 "$urandom_range" 32, 32'sb00000000000000000000000001100100, 32'sb00000000000000000000000000000000 {0 0 0};
    %cmpi/u 50, 0, 32;
    %flag_get/vec4 5;
    %assign/vec4 v0000023810133780_0, 0;
    %load/vec4 v0000023810132100_0;
    %inv;
    %flag_set/vec4 8;
    %jmp/0xz  T_9.40, 8;
T_9.42 ;
    %load/vec4 v0000023810132100_0;
    %inv;
    %flag_set/vec4 8;
    %jmp/0xz T_9.43, 8;
    %pushi/vec4 7, 0, 32;
    %assign/vec4 v0000023810132a60_0, 0;
    %vpi_func 3 265 "$urandom_range" 32, 32'sb00000000000000000000000001100100, 32'sb00000000000000000000000000000000 {0 0 0};
    %cmpi/u 50, 0, 32;
    %flag_get/vec4 5;
    %assign/vec4 v0000023810133780_0, 0;
    %wait E_00000238100d8ab0;
    %jmp T_9.42;
T_9.43 ;
    %jmp T_9.41;
T_9.40 ;
    %wait E_00000238100d8ab0;
T_9.41 ;
    %load/vec4 v0000023810132100_0;
    %inv;
    %flag_set/vec4 8;
    %jmp/0xz  T_9.44, 8;
T_9.46 ;
    %load/vec4 v0000023810132100_0;
    %inv;
    %flag_set/vec4 8;
    %jmp/0xz T_9.47, 8;
    %pushi/vec4 4, 0, 32;
    %assign/vec4 v0000023810132a60_0, 0;
    %vpi_func 3 274 "$urandom_range" 32, 32'sb00000000000000000000000001100100, 32'sb00000000000000000000000000000000 {0 0 0};
    %cmpi/u 50, 0, 32;
    %flag_get/vec4 5;
    %assign/vec4 v0000023810133780_0, 0;
    %wait E_00000238100d8ab0;
    %jmp T_9.46;
T_9.47 ;
T_9.44 ;
    %jmp T_9.26;
T_9.27 ;
    %pop/vec4 1;
    %pushi/vec4 0, 0, 1;
    %store/vec4 v0000023810132600_0, 0, 1;
    %pushi/vec4 1, 0, 1;
    %store/vec4 v0000023810133780_0, 0, 1;
    %pushi/vec4 5, 0, 32;
T_9.48 %dup/vec4;
    %pushi/vec4 0, 0, 32;
    %cmp/s;
    %jmp/1xz T_9.49, 5;
    %jmp/1 T_9.49, 4;
    %pushi/vec4 1, 0, 32;
    %sub;
    %wait E_00000238100d8ab0;
    %jmp T_9.48;
T_9.49 ;
    %pop/vec4 1;
    %load/vec4 v0000023810132b00_0;
    %cmpi/e 0, 0, 32;
    %jmp/0xz  T_9.50, 4;
    %vpi_call/w 3 287 "$display", "FAIL %s", "./testbench.sv" {0 0 0};
    %vpi_call/w 3 288 "$display", "NO input tokens" {0 0 0};
    %vpi_call/w 3 289 "$finish", 32'sb00000000000000000000000000000001 {0 0 0};
T_9.50 ;
    %vpi_func 3 292 "$size" 32, v0000023810132ec0_0 {0 0 0};
    %cmpi/ne 0, 0, 32;
    %jmp/0xz  T_9.52, 4;
    %vpi_call/w 3 293 "$display", "FAIL %s", "./testbench.sv" {0 0 0};
    %vpi_func 3 294 "$size" 32, v0000023810132ec0_0 {0 0 0};
    %vpi_call/w 3 294 "$display", "Queue is not empty. Queue size = %d", S<0,vec4,s32> {1 0 0};
    %qpop/b/v v0000023810132ec0_0, 4;
    %vpi_call/w 3 295 "$display", "token is : %b", S<0,vec4,u4> {1 0 0};
    %vpi_call/w 3 296 "$finish", 32'sb00000000000000000000000000000001 {0 0 0};
T_9.52 ;
    %vpi_call/w 3 299 "$display", "PASS %s", "./testbench.sv" {0 0 0};
    %vpi_call/w 3 300 "$finish" {0 0 0};
    %end;
    .thread T_9;
    .scope S_00000238100e0ae0;
T_10 ;
    %pushi/vec4 50000, 0, 32;
T_10.0 %dup/vec4;
    %pushi/vec4 0, 0, 32;
    %cmp/s;
    %jmp/1xz T_10.1, 5;
    %jmp/1 T_10.1, 4;
    %pushi/vec4 1, 0, 32;
    %sub;
    %wait E_00000238100d8ab0;
    %jmp T_10.0;
T_10.1 ;
    %pop/vec4 1;
    %vpi_call/w 3 306 "$display", "FAIL %s: timeout!", "./testbench.sv" {0 0 0};
    %vpi_call/w 3 307 "$finish" {0 0 0};
    %end;
    .thread T_10;
# The file index is used to find the file name in the following table.
:file_names 5;
    "N/A";
    "<interactive>";
    "-";
    "./testbench.sv";
    "./08_05_gearbox_1_to_2_fc.sv";
