#! /c/Source/iverilog-install/bin/vvp
:ivl_version "12.0 (devel)" "(s20150603-1539-g2693dd32b)";
:ivl_delay_selection "TYPICAL";
:vpi_time_precision + 0;
:vpi_module "C:\iverilog\lib\ivl\system.vpi";
:vpi_module "C:\iverilog\lib\ivl\vhdl_sys.vpi";
:vpi_module "C:\iverilog\lib\ivl\vhdl_textio.vpi";
:vpi_module "C:\iverilog\lib\ivl\v2005_math.vpi";
:vpi_module "C:\iverilog\lib\ivl\va_math.vpi";
:vpi_module "C:\iverilog\lib\ivl\v2009.vpi";
S_0000024dfc235190 .scope package, "$unit" "$unit" 2 1;
 .timescale 0 0;
S_0000024dfc235320 .scope module, "testbench" "testbench" 3 5;
 .timescale 0 0;
P_0000024dfc232460 .param/l "check_first" 1 3 9, C4<0>;
P_0000024dfc232498 .param/l "check_last" 1 3 10, C4<1>;
P_0000024dfc2324d0 .param/l "use_backpressure" 1 3 11, C4<1>;
P_0000024dfc232508 .param/l "width" 1 3 7, +C4<00000000000000000000000000001000>;
v0000024dfc28f940_0 .var "clock", 0 0;
v0000024dfc28fb20_0 .var/2u "cycle", 31 0;
v0000024dfc290a20_0 .var "down_count", 32 0;
v0000024dfc290660_0 .net "down_data", 7 0, L_0000024dfc1ff1c0;  1 drivers
o0000024dfc23e5c8 .functor BUFZ 1, C4<z>; HiZ drive
v0000024dfc28f760_0 .net "down_first", 0 0, o0000024dfc23e5c8;  0 drivers
v0000024dfc290d40_0 .net "down_last", 0 0, L_0000024dfc1ffc40;  1 drivers
v0000024dfc290ca0_0 .var "down_ready", 0 0;
v0000024dfc28f120_0 .net "down_valid", 0 0, L_0000024dfc1ff3f0;  1 drivers
v0000024dfc290e80_0 .var/2u "err", 0 0;
v0000024dfc290160_0 .var "expected_data", 7 0;
v0000024dfc28fd00_0 .var "expected_first", 0 0;
v0000024dfc28f9e0_0 .var "expected_last", 0 0;
v0000024dfc290520_0 .var "n_cycles", 32 0;
v0000024dfc28f6c0_0 .var/queue "queue", 10;
v0000024dfc28f300_0 .var "reset", 0 0;
v0000024dfc28f800_0 .var "up_count", 32 0;
v0000024dfc28fda0_0 .net "up_data", 7 0, L_0000024dfc28fee0;  1 drivers
v0000024dfc290f20_0 .var "up_enable", 0 0;
v0000024dfc2908e0_0 .net "up_first", 0 0, L_0000024dfc2903e0;  1 drivers
v0000024dfc28f1c0_0 .net "up_last", 0 0, L_0000024dfc290de0;  1 drivers
v0000024dfc28fe40_0 .net "up_ready", 0 0, L_0000024dfc1ffa10;  1 drivers
v0000024dfc290020_0 .net "up_valid", 0 0, L_0000024dfc1ff7e0;  1 drivers
v0000024dfc28f8a0_0 .var "was_reset", 0 0;
S_0000024dfc223c50 .scope begin, "$ivl_for_loop0" "$ivl_for_loop0" 3 285, 3 285 0, S_0000024dfc235320;
 .timescale 0 0;
v0000024dfc2040c0_0 .var/2s "i", 31 0;
S_0000024dfc223de0 .scope module, "inst_conv_fst_to_lst_with_fc" "convert_first_to_last_with_flow_control" 3 38, 4 1 0, S_0000024dfc235320;
 .timescale 0 0;
    .port_info 0 /INPUT 1 "reset";
    .port_info 1 /INPUT 1 "clock";
    .port_info 2 /INPUT 1 "up_valid";
    .port_info 3 /OUTPUT 1 "up_ready";
    .port_info 4 /INPUT 1 "up_first";
    .port_info 5 /INPUT 8 "up_data";
    .port_info 6 /OUTPUT 1 "down_valid";
    .port_info 7 /INPUT 1 "down_ready";
    .port_info 8 /OUTPUT 1 "down_last";
    .port_info 9 /OUTPUT 8 "down_data";
P_0000024dfc237220 .param/l "width" 0 4 3, +C4<00000000000000000000000000001000>;
L_0000024dfc1ff310 .functor AND 1, v0000024dfc290ca0_0, L_0000024dfc1ff3f0, C4<1>, C4<1>;
L_0000024dfc1ffa10 .functor OR 1, L_0000024dfc1ff310, v0000024dfc203bc0_0, C4<0>, C4<0>;
L_0000024dfc1ffbd0 .functor NOT 1, v0000024dfc203bc0_0, C4<0>, C4<0>, C4<0>;
L_0000024dfc1ff3f0 .functor AND 1, L_0000024dfc1ffbd0, L_0000024dfc1ff7e0, C4<1>, C4<1>;
L_0000024dfc1ff1c0 .functor BUFZ 8, v0000024dfc204160_0, C4<00000000>, C4<00000000>, C4<00000000>;
L_0000024dfc1ff8c0 .functor AND 1, L_0000024dfc1ff7e0, L_0000024dfc1ffa10, C4<1>, C4<1>;
L_0000024dfc1ffc40 .functor AND 1, L_0000024dfc2903e0, L_0000024dfc1ff8c0, C4<1>, C4<1>;
v0000024dfc203ee0_0 .net *"_ivl_0", 0 0, L_0000024dfc1ff310;  1 drivers
v0000024dfc204660_0 .net *"_ivl_10", 0 0, L_0000024dfc1ff8c0;  1 drivers
v0000024dfc2042a0_0 .net *"_ivl_4", 0 0, L_0000024dfc1ffbd0;  1 drivers
v0000024dfc204020_0 .net "clock", 0 0, v0000024dfc28f940_0;  1 drivers
v0000024dfc204160_0 .var "delayed_data", 7 0;
v0000024dfc203940_0 .net "down_data", 7 0, L_0000024dfc1ff1c0;  alias, 1 drivers
v0000024dfc203800_0 .net "down_last", 0 0, L_0000024dfc1ffc40;  alias, 1 drivers
v0000024dfc203e40_0 .net "down_ready", 0 0, v0000024dfc290ca0_0;  1 drivers
v0000024dfc203f80_0 .net "down_valid", 0 0, L_0000024dfc1ff3f0;  alias, 1 drivers
v0000024dfc203bc0_0 .var "release_flag", 0 0;
v0000024dfc203d00_0 .net "reset", 0 0, v0000024dfc28f300_0;  1 drivers
v0000024dfc203da0_0 .net "up_data", 7 0, L_0000024dfc28fee0;  alias, 1 drivers
v0000024dfc204200_0 .net "up_first", 0 0, L_0000024dfc2903e0;  alias, 1 drivers
v0000024dfc2043e0_0 .net "up_ready", 0 0, L_0000024dfc1ffa10;  alias, 1 drivers
v0000024dfc203c60_0 .net "up_valid", 0 0, L_0000024dfc1ff7e0;  alias, 1 drivers
E_0000024dfc2370a0 .event posedge, v0000024dfc203d00_0, v0000024dfc204020_0;
S_0000024dfc1d2ca0 .scope module, "upstream" "upstream_traffic_generator" 3 41, 5 1 0, S_0000024dfc235320;
 .timescale 0 0;
    .port_info 0 /INPUT 1 "clock";
    .port_info 1 /INPUT 1 "reset";
    .port_info 2 /INPUT 1 "up_enable";
    .port_info 3 /OUTPUT 1 "up_valid";
    .port_info 4 /INPUT 1 "up_ready";
    .port_info 5 /OUTPUT 1 "up_first";
    .port_info 6 /OUTPUT 1 "up_last";
    .port_info 7 /OUTPUT 8 "up_data";
P_0000024dfc237260 .param/l "width" 0 5 3, +C4<00000000000000000000000000001000>;
L_0000024dfc1ff7e0 .functor BUFZ 1, v0000024dfc28fbc0_0, C4<0>, C4<0>, C4<0>;
L_0000024dfc1fef20 .functor BUFZ 1, L_0000024dfc1ffa10, C4<0>, C4<0>, C4<0>;
L_0000024dfc350118 .functor BUFT 1, C4<xxxxxxxx>, C4<0>, C4<0>, C4<0>;
v0000024dfc2039e0_0 .net *"_ivl_12", 7 0, L_0000024dfc350118;  1 drivers
L_0000024dfc350088 .functor BUFT 1, C4<x>, C4<0>, C4<0>, C4<0>;
v0000024dfc204340_0 .net *"_ivl_4", 0 0, L_0000024dfc350088;  1 drivers
L_0000024dfc3500d0 .functor BUFT 1, C4<x>, C4<0>, C4<0>, C4<0>;
v0000024dfc203a80_0 .net *"_ivl_8", 0 0, L_0000024dfc3500d0;  1 drivers
v0000024dfc204480_0 .net "clock", 0 0, v0000024dfc28f940_0;  alias, 1 drivers
v0000024dfc204520_0 .var "data", 7 0;
v0000024dfc2045c0_0 .var "first", 0 0;
v0000024dfc203b20_0 .var "last", 0 0;
v0000024dfc204700_0 .net "ready", 0 0, L_0000024dfc1fef20;  1 drivers
v0000024dfc2038a0_0 .net "reset", 0 0, v0000024dfc28f300_0;  alias, 1 drivers
v0000024dfc28f580_0 .net "up_data", 7 0, L_0000024dfc28fee0;  alias, 1 drivers
v0000024dfc28fc60_0 .net "up_enable", 0 0, v0000024dfc290f20_0;  1 drivers
v0000024dfc2900c0_0 .net "up_first", 0 0, L_0000024dfc2903e0;  alias, 1 drivers
v0000024dfc28f620_0 .net "up_last", 0 0, L_0000024dfc290de0;  alias, 1 drivers
v0000024dfc290340_0 .net "up_ready", 0 0, L_0000024dfc1ffa10;  alias, 1 drivers
v0000024dfc290200_0 .net "up_valid", 0 0, L_0000024dfc1ff7e0;  alias, 1 drivers
v0000024dfc28fbc0_0 .var "valid", 0 0;
E_0000024dfc2371a0 .event posedge, v0000024dfc204020_0;
L_0000024dfc2903e0 .functor MUXZ 1, L_0000024dfc350088, v0000024dfc2045c0_0, v0000024dfc28fbc0_0, C4<>;
L_0000024dfc290de0 .functor MUXZ 1, L_0000024dfc3500d0, v0000024dfc203b20_0, v0000024dfc28fbc0_0, C4<>;
L_0000024dfc28fee0 .functor MUXZ 8, L_0000024dfc350118, v0000024dfc204520_0, v0000024dfc28fbc0_0, C4<>;
    .scope S_0000024dfc223de0;
T_0 ;
    %wait E_0000024dfc2370a0;
    %load/vec4 v0000024dfc203d00_0;
    %flag_set/vec4 8;
    %jmp/0xz  T_0.0, 8;
    %pushi/vec4 0, 0, 8;
    %assign/vec4 v0000024dfc204160_0, 0;
    %jmp T_0.1;
T_0.0 ;
    %load/vec4 v0000024dfc203c60_0;
    %load/vec4 v0000024dfc2043e0_0;
    %and;
    %flag_set/vec4 8;
    %jmp/0xz  T_0.2, 8;
    %load/vec4 v0000024dfc203da0_0;
    %assign/vec4 v0000024dfc204160_0, 0;
T_0.2 ;
T_0.1 ;
    %jmp T_0;
    .thread T_0;
    .scope S_0000024dfc223de0;
T_1 ;
    %wait E_0000024dfc2370a0;
    %load/vec4 v0000024dfc203d00_0;
    %flag_set/vec4 8;
    %jmp/0xz  T_1.0, 8;
    %pushi/vec4 1, 0, 1;
    %assign/vec4 v0000024dfc203bc0_0, 0;
    %jmp T_1.1;
T_1.0 ;
    %load/vec4 v0000024dfc203c60_0;
    %load/vec4 v0000024dfc2043e0_0;
    %and;
    %flag_set/vec4 8;
    %jmp/0xz  T_1.2, 8;
    %pushi/vec4 0, 0, 1;
    %assign/vec4 v0000024dfc203bc0_0, 0;
    %jmp T_1.3;
T_1.2 ;
    %load/vec4 v0000024dfc203f80_0;
    %load/vec4 v0000024dfc203e40_0;
    %and;
    %flag_set/vec4 8;
    %jmp/0xz  T_1.4, 8;
    %pushi/vec4 1, 0, 1;
    %assign/vec4 v0000024dfc203bc0_0, 0;
T_1.4 ;
T_1.3 ;
T_1.1 ;
    %jmp T_1;
    .thread T_1;
    .scope S_0000024dfc1d2ca0;
T_2 ;
    %wait E_0000024dfc2371a0;
    %load/vec4 v0000024dfc2038a0_0;
    %flag_set/vec4 8;
    %jmp/0xz  T_2.0, 8;
    %pushi/vec4 0, 0, 1;
    %assign/vec4 v0000024dfc28fbc0_0, 0;
    %pushi/vec4 1, 0, 1;
    %assign/vec4 v0000024dfc2045c0_0, 0;
    %vpi_func 5 35 "$urandom_range" 32, 32'sb00000000000000000000000000000000, 32'sb00000000000000000000000001100011 {0 0 0};
    %cmpi/u 10, 0, 32;
    %flag_get/vec4 5;
    %assign/vec4 v0000024dfc203b20_0, 0;
    %pushi/vec4 65, 0, 8; draw_string_vec4
    %assign/vec4 v0000024dfc204520_0, 0;
    %jmp T_2.1;
T_2.0 ;
    %load/vec4 v0000024dfc28fbc0_0;
    %load/vec4 v0000024dfc204700_0;
    %inv;
    %and;
    %inv;
    %flag_set/vec4 8;
    %jmp/0xz  T_2.2, 8;
    %load/vec4 v0000024dfc28fc60_0;
    %vpi_func 5 41 "$urandom_range" 32, 32'sb00000000000000000000000000000000, 32'sb00000000000000000000000001100011 {0 0 0};
    %cmpi/u 60, 0, 32;
    %flag_get/vec4 5;
    %and;
    %assign/vec4 v0000024dfc28fbc0_0, 0;
T_2.2 ;
    %load/vec4 v0000024dfc28fbc0_0;
    %load/vec4 v0000024dfc204700_0;
    %and;
    %flag_set/vec4 8;
    %jmp/0xz  T_2.4, 8;
    %load/vec4 v0000024dfc203b20_0;
    %assign/vec4 v0000024dfc2045c0_0, 0;
    %vpi_func 5 46 "$urandom_range" 32, 32'sb00000000000000000000000000000000, 32'sb00000000000000000000000001100011 {0 0 0};
    %cmpi/u 30, 0, 32;
    %flag_get/vec4 5;
    %assign/vec4 v0000024dfc203b20_0, 0;
    %vpi_func 5 47 "$urandom_range" 32, "A", "Z" {0 0 0};
    %pad/u 8;
    %assign/vec4 v0000024dfc204520_0, 0;
T_2.4 ;
T_2.1 ;
    %jmp T_2;
    .thread T_2;
    .scope S_0000024dfc235320;
T_3 ;
    %pushi/vec4 0, 0, 32;
    %store/vec4 v0000024dfc28fb20_0, 0, 32;
    %pushi/vec4 0, 0, 1;
    %store/vec4 v0000024dfc28f8a0_0, 0, 1;
    %end;
    .thread T_3, $init;
    .scope S_0000024dfc235320;
T_4 ;
    %pushi/vec4 0, 0, 1;
    %store/vec4 v0000024dfc28f940_0, 0, 1;
T_4.0 ;
    %delay 5, 0;
    %load/vec4 v0000024dfc28f940_0;
    %inv;
    %store/vec4 v0000024dfc28f940_0, 0, 1;
    %jmp T_4.0;
    %end;
    .thread T_4;
    .scope S_0000024dfc235320;
T_5 ;
    %wait E_0000024dfc2371a0;
    %vpi_func 3 56 "$urandom" 32 {0 0 0};
    %pad/u 1;
    %pushi/vec4 0, 0, 1;
    %or;
    %assign/vec4 v0000024dfc290ca0_0, 0;
    %jmp T_5;
    .thread T_5;
    .scope S_0000024dfc235320;
T_6 ;
    %wait E_0000024dfc2371a0;
    %vpi_call/w 3 65 "$write", "time %7d cycle %5d", $time, v0000024dfc28fb20_0 {0 0 0};
    %load/vec4 v0000024dfc28fb20_0;
    %addi 1, 0, 32;
    %cast2;
    %assign/vec4 v0000024dfc28fb20_0, 0;
    %load/vec4 v0000024dfc28f300_0;
    %flag_set/vec4 8;
    %jmp/0xz  T_6.0, 8;
    %vpi_call/w 3 68 "$write", " reset" {0 0 0};
    %jmp T_6.1;
T_6.0 ;
    %vpi_call/w 3 68 "$write", "      " {0 0 0};
T_6.1 ;
    %load/vec4 v0000024dfc290020_0;
    %flag_set/vec4 8;
    %jmp/0xz  T_6.2, 8;
    %vpi_call/w 3 70 "$write", " up_valid" {0 0 0};
    %jmp T_6.3;
T_6.2 ;
    %vpi_call/w 3 70 "$write", "         " {0 0 0};
T_6.3 ;
    %load/vec4 v0000024dfc28fe40_0;
    %flag_set/vec4 8;
    %jmp/0xz  T_6.4, 8;
    %vpi_call/w 3 71 "$write", " up_ready" {0 0 0};
    %jmp T_6.5;
T_6.4 ;
    %vpi_call/w 3 71 "$write", "         " {0 0 0};
T_6.5 ;
    %load/vec4 v0000024dfc290020_0;
    %load/vec4 v0000024dfc28fe40_0;
    %and;
    %load/vec4 v0000024dfc2908e0_0;
    %and;
    %flag_set/vec4 8;
    %jmp/0xz  T_6.6, 8;
    %vpi_call/w 3 75 "$write", " up_first" {0 0 0};
    %jmp T_6.7;
T_6.6 ;
    %vpi_call/w 3 75 "$write", "         " {0 0 0};
T_6.7 ;
    %load/vec4 v0000024dfc290020_0;
    %load/vec4 v0000024dfc28fe40_0;
    %and;
    %flag_set/vec4 8;
    %jmp/0xz  T_6.8, 8;
    %vpi_call/w 3 84 "$write", " %s", v0000024dfc28fda0_0 {0 0 0};
    %jmp T_6.9;
T_6.8 ;
    %vpi_call/w 3 86 "$write", "  " {0 0 0};
T_6.9 ;
    %load/vec4 v0000024dfc28f120_0;
    %flag_set/vec4 8;
    %jmp/0xz  T_6.10, 8;
    %vpi_call/w 3 88 "$write", " down_valid" {0 0 0};
    %jmp T_6.11;
T_6.10 ;
    %vpi_call/w 3 88 "$write", "           " {0 0 0};
T_6.11 ;
    %load/vec4 v0000024dfc290ca0_0;
    %flag_set/vec4 8;
    %jmp/0xz  T_6.12, 8;
    %vpi_call/w 3 92 "$write", " down_ready" {0 0 0};
    %jmp T_6.13;
T_6.12 ;
    %vpi_call/w 3 92 "$write", "           " {0 0 0};
T_6.13 ;
    %load/vec4 v0000024dfc28f120_0;
    %load/vec4 v0000024dfc290ca0_0;
    %and;
    %load/vec4 v0000024dfc290d40_0;
    %and;
    %flag_set/vec4 8;
    %jmp/0xz  T_6.14, 8;
    %vpi_call/w 3 102 "$write", " down_last" {0 0 0};
    %jmp T_6.15;
T_6.14 ;
    %vpi_call/w 3 102 "$write", "          " {0 0 0};
T_6.15 ;
    %load/vec4 v0000024dfc28f120_0;
    %load/vec4 v0000024dfc290ca0_0;
    %and;
    %flag_set/vec4 8;
    %jmp/0xz  T_6.16, 8;
    %vpi_call/w 3 106 "$write", " %s", v0000024dfc290660_0 {0 0 0};
    %jmp T_6.17;
T_6.16 ;
    %vpi_call/w 3 108 "$write", "  " {0 0 0};
T_6.17 ;
    %vpi_call/w 3 110 "$display" {0 0 0};
    %jmp T_6;
    .thread T_6;
    .scope S_0000024dfc235320;
T_7 ;
    %wait E_0000024dfc2371a0;
    %load/vec4 v0000024dfc28f300_0;
    %flag_set/vec4 8;
    %jmp/0xz  T_7.0, 8;
    %ix/load 4, 0, 0;
    %null;
    %store/obj v0000024dfc28f6c0_0;
    %pushi/vec4 1, 0, 1;
    %store/vec4 v0000024dfc28f8a0_0, 0, 1;
    %jmp T_7.1;
T_7.0 ;
    %load/vec4 v0000024dfc28f8a0_0;
    %flag_set/vec4 8;
    %jmp/0xz  T_7.2, 8;
    %load/vec4 v0000024dfc290020_0;
    %load/vec4 v0000024dfc28fe40_0;
    %pushi/vec4 1, 0, 1;
    %cmp/e;
    %flag_get/vec4 6;
    %and;
    %flag_set/vec4 8;
    %jmp/0xz  T_7.4, 8;
    %ix/load 4, 0, 0;
    %load/vec4 v0000024dfc2908e0_0;
    %load/vec4 v0000024dfc28f1c0_0;
    %concat/vec4; draw_concat_vec4
    %load/vec4 v0000024dfc28fda0_0;
    %concat/vec4; draw_concat_vec4
    %store/qb/v v0000024dfc28f6c0_0, 4, 10;
T_7.4 ;
    %load/vec4 v0000024dfc28f120_0;
    %pushi/vec4 1, 0, 1;
    %cmp/e;
    %flag_get/vec4 6;
    %load/vec4 v0000024dfc290ca0_0;
    %and;
    %flag_set/vec4 8;
    %jmp/0xz  T_7.6, 8;
    %vpi_func 3 145 "$size" 32, v0000024dfc28f6c0_0 {0 0 0};
    %cmpi/e 0, 0, 32;
    %jmp/0xz  T_7.8, 4;
    %vpi_call/w 3 147 "$display", "\012ERROR: unexpected down_data %h", v0000024dfc290660_0 {0 0 0};
    %pushi/vec4 1, 0, 1;
    %store/vec4 v0000024dfc290e80_0, 0, 1;
    %jmp T_7.9;
T_7.8 ;
    %qpop/f/v v0000024dfc28f6c0_0, 10;
    %split/vec4 8;
    %store/vec4 v0000024dfc290160_0, 0, 8;
    %split/vec4 1;
    %store/vec4 v0000024dfc28f9e0_0, 0, 1;
    %store/vec4 v0000024dfc28fd00_0, 0, 1;
    %load/vec4 v0000024dfc290160_0;
    %load/vec4 v0000024dfc290660_0;
    %cmp/ne;
    %jmp/0xz  T_7.10, 6;
    %vpi_call/w 3 158 "$display", "\012ERROR: downstream data mismatch. Expected %s (%h), actual %s (%h)", v0000024dfc290160_0, v0000024dfc290160_0, v0000024dfc290660_0, v0000024dfc290660_0 {0 0 0};
    %pushi/vec4 1, 0, 1;
    %store/vec4 v0000024dfc290e80_0, 0, 1;
T_7.10 ;
    %pushi/vec4 0, 0, 1;
    %load/vec4 v0000024dfc28fd00_0;
    %load/vec4 v0000024dfc28f760_0;
    %cmp/ne;
    %flag_get/vec4 6;
    %and;
    %flag_set/vec4 8;
    %jmp/0xz  T_7.12, 8;
    %vpi_call/w 3 166 "$display", "\012ERROR: downstream first flag mismatch. Expected %b, actual %b. Data: %s (%h)", v0000024dfc28fd00_0, v0000024dfc28f760_0, v0000024dfc290660_0, v0000024dfc290660_0 {0 0 0};
    %pushi/vec4 1, 0, 1;
    %store/vec4 v0000024dfc290e80_0, 0, 1;
T_7.12 ;
    %pushi/vec4 1, 0, 1;
    %load/vec4 v0000024dfc28f9e0_0;
    %load/vec4 v0000024dfc290d40_0;
    %cmp/ne;
    %flag_get/vec4 6;
    %and;
    %flag_set/vec4 8;
    %jmp/0xz  T_7.14, 8;
    %vpi_call/w 3 174 "$display", "\012ERROR: downstream last flag mismatch. Expected %b, actual %b. Data: %s (%h)", v0000024dfc28f9e0_0, v0000024dfc290d40_0, v0000024dfc290660_0, v0000024dfc290660_0 {0 0 0};
    %pushi/vec4 1, 0, 1;
    %store/vec4 v0000024dfc290e80_0, 0, 1;
T_7.14 ;
T_7.9 ;
T_7.6 ;
T_7.2 ;
T_7.1 ;
    %jmp T_7;
    .thread T_7;
    .scope S_0000024dfc235320;
T_8 ;
    %wait E_0000024dfc2371a0;
    %load/vec4 v0000024dfc28f300_0;
    %flag_set/vec4 8;
    %jmp/0xz  T_8.0, 8;
    %pushi/vec4 0, 0, 33;
    %assign/vec4 v0000024dfc290520_0, 0;
    %pushi/vec4 0, 0, 33;
    %assign/vec4 v0000024dfc28f800_0, 0;
    %pushi/vec4 0, 0, 33;
    %assign/vec4 v0000024dfc290a20_0, 0;
    %jmp T_8.1;
T_8.0 ;
    %load/vec4 v0000024dfc290520_0;
    %addi 1, 0, 33;
    %assign/vec4 v0000024dfc290520_0, 0;
    %load/vec4 v0000024dfc290020_0;
    %load/vec4 v0000024dfc28fe40_0;
    %and;
    %flag_set/vec4 8;
    %jmp/0xz  T_8.2, 8;
    %load/vec4 v0000024dfc28f800_0;
    %addi 1, 0, 33;
    %assign/vec4 v0000024dfc28f800_0, 0;
T_8.2 ;
    %load/vec4 v0000024dfc28f120_0;
    %load/vec4 v0000024dfc290ca0_0;
    %and;
    %flag_set/vec4 8;
    %jmp/0xz  T_8.4, 8;
    %load/vec4 v0000024dfc290a20_0;
    %addi 1, 0, 33;
    %assign/vec4 v0000024dfc290a20_0, 0;
T_8.4 ;
T_8.1 ;
    %jmp T_8;
    .thread T_8;
    .scope S_0000024dfc235320;
T_9 ;
    %vpi_call/w 3 213 "$display", "\012\012number of transfers : %0d per %0d cycles", v0000024dfc290a20_0, v0000024dfc290520_0 {0 0 0};
    %load/vec4 v0000024dfc28f800_0;
    %cmpi/u 0, 0, 33;
    %flag_or 5, 4;
    %jmp/0xz  T_9.0, 5;
    %vpi_call/w 3 218 "$display", "\012ERROR: upstream locked by up_ready, no transfers detected" {0 0 0};
    %pushi/vec4 1, 0, 1;
    %store/vec4 v0000024dfc290e80_0, 0, 1;
T_9.0 ;
    %load/vec4 v0000024dfc28f800_0;
    %load/vec4 v0000024dfc290a20_0;
    %cmp/ne;
    %flag_get/vec4 4;
    %load/vec4 v0000024dfc28f800_0;
    %load/vec4 v0000024dfc290a20_0;
    %addi 1, 0, 33;
    %cmp/ne;
    %flag_get/vec4 4;
    %and;
    %flag_set/vec4 8;
    %jmp/0xz  T_9.2, 8;
    %vpi_call/w 3 229 "$display", "\012ERROR: number of transfers do not match: up: %0d down: %0d", v0000024dfc28f800_0, v0000024dfc290a20_0 {0 0 0};
    %pushi/vec4 1, 0, 1;
    %store/vec4 v0000024dfc290e80_0, 0, 1;
T_9.2 ;
    %load/vec4 v0000024dfc290e80_0;
    %inv;
    %flag_set/vec4 8;
    %jmp/0xz  T_9.4, 8;
    %vpi_call/w 3 236 "$display", "PASS %s", "./testbench.sv" {0 0 0};
    %jmp T_9.5;
T_9.4 ;
    %vpi_call/w 3 238 "$display", "FAIL %s", "./testbench.sv" {0 0 0};
T_9.5 ;
    %end;
    .thread T_9, $final;
    .scope S_0000024dfc235320;
T_10 ;
    %vpi_call/w 3 250 "$dumpvars" {0 0 0};
    %pushi/vec4 1, 0, 1;
    %store/vec4 v0000024dfc290f20_0, 0, 1;
    %pushi/vec4 3, 0, 32;
T_10.0 %dup/vec4;
    %pushi/vec4 0, 0, 32;
    %cmp/s;
    %jmp/1xz T_10.1, 5;
    %jmp/1 T_10.1, 4;
    %pushi/vec4 1, 0, 32;
    %sub;
    %wait E_0000024dfc2371a0;
    %jmp T_10.0;
T_10.1 ;
    %pop/vec4 1;
    %pushi/vec4 1, 0, 1;
    %assign/vec4 v0000024dfc28f300_0, 0;
    %pushi/vec4 3, 0, 32;
T_10.2 %dup/vec4;
    %pushi/vec4 0, 0, 32;
    %cmp/s;
    %jmp/1xz T_10.3, 5;
    %jmp/1 T_10.3, 4;
    %pushi/vec4 1, 0, 32;
    %sub;
    %wait E_0000024dfc2371a0;
    %jmp T_10.2;
T_10.3 ;
    %pop/vec4 1;
    %pushi/vec4 0, 0, 1;
    %assign/vec4 v0000024dfc28f300_0, 0;
    %pushi/vec4 100, 0, 32;
T_10.4 %dup/vec4;
    %pushi/vec4 0, 0, 32;
    %cmp/s;
    %jmp/1xz T_10.5, 5;
    %jmp/1 T_10.5, 4;
    %pushi/vec4 1, 0, 32;
    %sub;
    %wait E_0000024dfc2371a0;
    %jmp T_10.4;
T_10.5 ;
    %pop/vec4 1;
    %pushi/vec4 0, 0, 1;
    %store/vec4 v0000024dfc290f20_0, 0, 1;
    %pushi/vec4 100, 0, 32;
T_10.6 %dup/vec4;
    %pushi/vec4 0, 0, 32;
    %cmp/s;
    %jmp/1xz T_10.7, 5;
    %jmp/1 T_10.7, 4;
    %pushi/vec4 1, 0, 32;
    %sub;
    %wait E_0000024dfc2371a0;
    %jmp T_10.6;
T_10.7 ;
    %pop/vec4 1;
    %vpi_func 3 281 "$size" 32, v0000024dfc28f6c0_0 {0 0 0};
    %cmpi/s 1, 0, 32;
    %flag_or 5, 4; GT is !LE
    %flag_inv 5;
    %jmp/0xz  T_10.8, 5;
    %vpi_call/w 3 283 "$write", "\012ERROR: data is left sitting in the model queue:" {0 0 0};
    %fork t_1, S_0000024dfc223c50;
    %jmp t_0;
    .scope S_0000024dfc223c50;
t_1 ;
    %pushi/vec4 0, 0, 32;
    %store/vec4 v0000024dfc2040c0_0, 0, 32;
T_10.10 ;
    %load/vec4 v0000024dfc2040c0_0;
    %vpi_func 3 285 "$size" 32, v0000024dfc28f6c0_0 {0 0 0};
    %cmp/s;
    %jmp/0xz T_10.11, 5;
    %vpi_func 3 289 "$size" 32, v0000024dfc28f6c0_0 {0 0 0};
    %load/vec4 v0000024dfc2040c0_0;
    %sub;
    %subi 1, 0, 32;
    %ix/vec4/s 3;
    %load/dar/vec4 v0000024dfc28f6c0_0;
    %split/vec4 8;
    %store/vec4 v0000024dfc290160_0, 0, 8;
    %split/vec4 1;
    %store/vec4 v0000024dfc28f9e0_0, 0, 1;
    %store/vec4 v0000024dfc28fd00_0, 0, 1;
    %load/vec4 v0000024dfc28fd00_0;
    %flag_set/vec4 8;
    %jmp/0xz  T_10.12, 8;
    %vpi_call/w 3 291 "$write", " first" {0 0 0};
    %jmp T_10.13;
T_10.12 ;
    %vpi_call/w 3 291 "$write", "      " {0 0 0};
T_10.13 ;
    %load/vec4 v0000024dfc28f9e0_0;
    %flag_set/vec4 8;
    %jmp/0xz  T_10.14, 8;
    %vpi_call/w 3 292 "$write", " last" {0 0 0};
    %jmp T_10.15;
T_10.14 ;
    %vpi_call/w 3 292 "$write", "     " {0 0 0};
T_10.15 ;
    %vpi_call/w 3 294 "$display", " %s (%h)", v0000024dfc290160_0, v0000024dfc290160_0 {0 0 0};
    ; show_stmt_assign_vector: Get l-value for compressed += operand
    %load/vec4 v0000024dfc2040c0_0;
    %pushi/vec4 1, 0, 32;
    %add;
    %cast2;
    %store/vec4 v0000024dfc2040c0_0, 0, 32;
    %jmp T_10.10;
T_10.11 ;
    %end;
    .scope S_0000024dfc235320;
t_0 %join;
    %vpi_call/w 3 297 "$display" {0 0 0};
    %pushi/vec4 1, 0, 1;
    %store/vec4 v0000024dfc290e80_0, 0, 1;
T_10.8 ;
    %vpi_call/w 3 302 "$finish" {0 0 0};
    %end;
    .thread T_10;
# The file index is used to find the file name in the following table.
:file_names 6;
    "N/A";
    "<interactive>";
    "-";
    "./testbench.sv";
    "./08_04_convert_first_to_last_with_flow_control.sv";
    "./upstream_traffic_generator.sv";
