#! /c/Source/iverilog-install/bin/vvp
:ivl_version "12.0 (devel)" "(s20150603-1539-g2693dd32b)";
:ivl_delay_selection "TYPICAL";
:vpi_time_precision + 0;
:vpi_module "C:\iverilog\lib\ivl\system.vpi";
:vpi_module "C:\iverilog\lib\ivl\vhdl_sys.vpi";
:vpi_module "C:\iverilog\lib\ivl\vhdl_textio.vpi";
:vpi_module "C:\iverilog\lib\ivl\v2005_math.vpi";
:vpi_module "C:\iverilog\lib\ivl\va_math.vpi";
:vpi_module "C:\iverilog\lib\ivl\v2009.vpi";
S_00000250a0d4b340 .scope package, "$unit" "$unit" 2 1;
 .timescale 0 0;
S_00000250a0d4ad20 .scope module, "testbench" "testbench" 3 5;
 .timescale 0 0;
P_00000250a0d472e0 .param/l "depth" 0 3 7, +C4<00000000000000000000000000000100>;
P_00000250a0d47318 .param/l "max_transfers" 1 3 218, +C4<00000000000000000000000001100100>;
P_00000250a0d47350 .param/l "width" 0 3 7, +C4<00000000000000000000000000000100>;
v00000250a0dacee0_0 .var "a_count", 32 0;
v00000250a0dab360_0 .var "a_data", 3 0;
v00000250a0dac760_0 .var/queue "a_queue", 4;
v00000250a0dab400_0 .net "a_ready", 0 0, L_00000250a0d404c0;  1 drivers
v00000250a0dac1c0_0 .var "a_valid", 0 0;
v00000250a0dacf80_0 .var "b_count", 32 0;
v00000250a0dac8a0_0 .var "b_data", 3 0;
v00000250a0dab540_0 .var/queue "b_queue", 4;
v00000250a0dabb80_0 .net "b_ready", 0 0, L_00000250a0d40530;  1 drivers
v00000250a0dad020_0 .var "b_valid", 0 0;
v00000250a0dac120_0 .var "clk", 0 0;
v00000250a0dac940_0 .var/2u "cycle", 31 0;
v00000250a0dab4a0_0 .var "n_cycles", 32 0;
v00000250a0dad0c0_0 .var "rst", 0 0;
v00000250a0dac260_0 .var "sum_count", 32 0;
v00000250a0dab5e0_0 .net "sum_data", 3 0, L_00000250a0d290d0;  1 drivers
v00000250a0dac4e0_0 .var "sum_data_expected", 3 0;
v00000250a0dabcc0_0 .var "sum_ready", 0 0;
v00000250a0dacb20_0 .net "sum_valid", 0 0, L_00000250a0d28ea0;  1 drivers
v00000250a0dab680_0 .var "was_reset", 0 0;
S_00000250a0d07ad0 .scope begin, "$ivl_for_loop0" "$ivl_for_loop0" 3 164, 3 164 0, S_00000250a0d4ad20;
 .timescale 0 0;
v00000250a0d3d5a0_0 .var/2s "i", 31 0;
S_00000250a0d07c60 .scope begin, "$ivl_for_loop1" "$ivl_for_loop1" 3 174, 3 174 0, S_00000250a0d4ad20;
 .timescale 0 0;
v00000250a0d3cc40_0 .var/2s "i", 31 0;
S_00000250a0cfe400 .scope module, "dut" "a_plus_b_using_fifos" 3 39, 4 1 0, S_00000250a0d4ad20;
 .timescale 0 0;
    .port_info 0 /INPUT 1 "clk";
    .port_info 1 /INPUT 1 "rst";
    .port_info 2 /INPUT 1 "a_valid";
    .port_info 3 /OUTPUT 1 "a_ready";
    .port_info 4 /INPUT 4 "a_data";
    .port_info 5 /INPUT 1 "b_valid";
    .port_info 6 /OUTPUT 1 "b_ready";
    .port_info 7 /INPUT 4 "b_data";
    .port_info 8 /OUTPUT 1 "sum_valid";
    .port_info 9 /INPUT 1 "sum_ready";
    .port_info 10 /OUTPUT 4 "sum_data";
P_00000250a0d23650 .param/l "depth" 0 4 3, +C4<00000000000000000000000000000100>;
P_00000250a0d23688 .param/l "width" 0 4 3, +C4<00000000000000000000000000000100>;
v00000250a0da9a80_0 .net "a_data", 3 0, v00000250a0dab360_0;  1 drivers
v00000250a0daaca0_0 .net "a_down_data", 3 0, L_00000250a0d40a00;  1 drivers
o00000250a0d51288 .functor BUFZ 1, C4<z>; HiZ drive
v00000250a0daa840_0 .net "a_down_ready", 0 0, o00000250a0d51288;  0 drivers
v00000250a0daa8e0_0 .net "a_down_valid", 0 0, L_00000250a0d40990;  1 drivers
v00000250a0daaa20_0 .net "a_ready", 0 0, L_00000250a0d404c0;  alias, 1 drivers
v00000250a0daac00_0 .net "a_valid", 0 0, v00000250a0dac1c0_0;  1 drivers
v00000250a0daad40_0 .net "b_data", 3 0, v00000250a0dac8a0_0;  1 drivers
v00000250a0da9120_0 .net "b_down_data", 3 0, L_00000250a0d3ff10;  1 drivers
o00000250a0d51948 .functor BUFZ 1, C4<z>; HiZ drive
v00000250a0da91c0_0 .net "b_down_ready", 0 0, o00000250a0d51948;  0 drivers
v00000250a0da9260_0 .net "b_down_valid", 0 0, L_00000250a0d407d0;  1 drivers
v00000250a0da9300_0 .net "b_ready", 0 0, L_00000250a0d40530;  alias, 1 drivers
v00000250a0dac080_0 .net "b_valid", 0 0, v00000250a0dad020_0;  1 drivers
v00000250a0dacda0_0 .net "clk", 0 0, v00000250a0dac120_0;  1 drivers
v00000250a0dab2c0_0 .net "rst", 0 0, v00000250a0dad0c0_0;  1 drivers
v00000250a0dac620_0 .net "sum_data", 3 0, L_00000250a0d290d0;  alias, 1 drivers
v00000250a0dac6c0_0 .net "sum_ready", 0 0, v00000250a0dabcc0_0;  1 drivers
v00000250a0dac300_0 .net "sum_up_ready", 0 0, L_00000250a0d29370;  1 drivers
o00000250a0d52098 .functor BUFZ 1, C4<z>; HiZ drive
v00000250a0dac580_0 .net "sum_up_valid", 0 0, o00000250a0d52098;  0 drivers
v00000250a0dac800_0 .net "sum_valid", 0 0, L_00000250a0d28ea0;  alias, 1 drivers
S_00000250a0cfe590 .scope module, "fifo_a" "ff_fifo_wrapped_in_valid_ready" 4 32, 5 1 0, S_00000250a0cfe400;
 .timescale 0 0;
    .port_info 0 /INPUT 1 "clk";
    .port_info 1 /INPUT 1 "rst";
    .port_info 2 /INPUT 1 "up_valid";
    .port_info 3 /OUTPUT 1 "up_ready";
    .port_info 4 /INPUT 4 "up_data";
    .port_info 5 /OUTPUT 1 "down_valid";
    .port_info 6 /INPUT 1 "down_ready";
    .port_info 7 /OUTPUT 4 "down_data";
P_00000250a0d23850 .param/l "depth" 0 5 3, +C4<00000000000000000000000000000100>;
P_00000250a0d23888 .param/l "width" 0 5 3, +C4<00000000000000000000000000000100>;
L_00000250a0d404c0 .functor NOT 1, L_00000250a0d3fc70, C4<0>, C4<0>, C4<0>;
L_00000250a0d40220 .functor AND 1, v00000250a0dac1c0_0, L_00000250a0d404c0, C4<1>, C4<1>;
L_00000250a0d40990 .functor NOT 1, L_00000250a0d40a70, C4<0>, C4<0>, C4<0>;
L_00000250a0d40920 .functor AND 1, L_00000250a0d40990, o00000250a0d51288, C4<1>, C4<1>;
v00000250a0d3cec0_0 .net "clk", 0 0, v00000250a0dac120_0;  alias, 1 drivers
v00000250a0d3d6e0_0 .net "down_data", 3 0, L_00000250a0d40a00;  alias, 1 drivers
v00000250a0d3bf20_0 .net "down_ready", 0 0, o00000250a0d51288;  alias, 0 drivers
v00000250a0d3d000_0 .net "down_valid", 0 0, L_00000250a0d40990;  alias, 1 drivers
v00000250a0d3d140_0 .net "fifo_empty", 0 0, L_00000250a0d40a70;  1 drivers
v00000250a0d3cb00_0 .net "fifo_full", 0 0, L_00000250a0d3fc70;  1 drivers
v00000250a0d3c920_0 .net "fifo_pop", 0 0, L_00000250a0d40920;  1 drivers
v00000250a0d3c060_0 .net "fifo_push", 0 0, L_00000250a0d40220;  1 drivers
v00000250a0d3c740_0 .net "rst", 0 0, v00000250a0dad0c0_0;  alias, 1 drivers
v00000250a0d3d460_0 .net "up_data", 3 0, v00000250a0dab360_0;  alias, 1 drivers
v00000250a0d3bfc0_0 .net "up_ready", 0 0, L_00000250a0d404c0;  alias, 1 drivers
v00000250a0d3ca60_0 .net "up_valid", 0 0, v00000250a0dac1c0_0;  alias, 1 drivers
S_00000250a0cfa000 .scope module, "fifo" "flip_flop_fifo" 5 31, 6 1 0, S_00000250a0cfe590;
 .timescale 0 0;
    .port_info 0 /INPUT 1 "clk";
    .port_info 1 /INPUT 1 "rst";
    .port_info 2 /INPUT 1 "push";
    .port_info 3 /INPUT 1 "pop";
    .port_info 4 /INPUT 4 "write_data";
    .port_info 5 /OUTPUT 4 "read_data";
    .port_info 6 /OUTPUT 1 "empty";
    .port_info 7 /OUTPUT 1 "full";
P_00000250a0cf4c10 .param/l "depth" 0 6 3, +C4<00000000000000000000000000000100>;
P_00000250a0cf4c48 .param/l "max_ptr" 1 6 19, +C4<11>;
P_00000250a0cf4c80 .param/l "pointer_width" 1 6 18, +C4<00000000000000000000000000000010>;
P_00000250a0cf4cb8 .param/l "width" 0 6 3, +C4<00000000000000000000000000000100>;
L_00000250a0d40a00 .functor BUFZ 4, L_00000250a0dac9e0, C4<0000>, C4<0000>, C4<0000>;
L_00000250a0d405a0 .functor XNOR 1, v00000250a0d3ddc0_0, v00000250a0d3c420_0, C4<0>, C4<0>;
L_00000250a0d40a70 .functor AND 1, L_00000250a0dab9a0, L_00000250a0d405a0, C4<1>, C4<1>;
L_00000250a0d40450 .functor XOR 1, v00000250a0d3ddc0_0, v00000250a0d3c420_0, C4<0>, C4<0>;
L_00000250a0d3fc70 .functor AND 1, L_00000250a0dab9a0, L_00000250a0d40450, C4<1>, C4<1>;
v00000250a0d3d960_0 .net *"_ivl_0", 3 0, L_00000250a0dac9e0;  1 drivers
v00000250a0d3cce0_0 .net *"_ivl_10", 0 0, L_00000250a0d405a0;  1 drivers
v00000250a0d3cd80_0 .net *"_ivl_14", 0 0, L_00000250a0d40450;  1 drivers
v00000250a0d3ce20_0 .net *"_ivl_2", 3 0, L_00000250a0dac3a0;  1 drivers
L_00000250a0db0088 .functor BUFT 1, C4<00>, C4<0>, C4<0>, C4<0>;
v00000250a0d3d320_0 .net *"_ivl_5", 1 0, L_00000250a0db0088;  1 drivers
v00000250a0d3d640_0 .net "clk", 0 0, v00000250a0dac120_0;  alias, 1 drivers
v00000250a0d3c240 .array "data", 3 0, 3 0;
v00000250a0d3cf60_0 .net "empty", 0 0, L_00000250a0d40a70;  alias, 1 drivers
v00000250a0d3dd20_0 .net "equal_ptrs", 0 0, L_00000250a0dab9a0;  1 drivers
v00000250a0d3dc80_0 .net "full", 0 0, L_00000250a0d3fc70;  alias, 1 drivers
v00000250a0d3d0a0_0 .net "pop", 0 0, L_00000250a0d40920;  alias, 1 drivers
v00000250a0d3c560_0 .net "push", 0 0, L_00000250a0d40220;  alias, 1 drivers
v00000250a0d3c7e0_0 .var "rd_ptr", 1 0;
v00000250a0d3c420_0 .var "rd_ptr_odd_circle", 0 0;
v00000250a0d3c600_0 .net "read_data", 3 0, L_00000250a0d40a00;  alias, 1 drivers
v00000250a0d3c6a0_0 .net "rst", 0 0, v00000250a0dad0c0_0;  alias, 1 drivers
v00000250a0d3c1a0_0 .var "wr_ptr", 1 0;
v00000250a0d3ddc0_0 .var "wr_ptr_odd_circle", 0 0;
v00000250a0d3c380_0 .net "write_data", 3 0, v00000250a0dab360_0;  alias, 1 drivers
E_00000250a0d363d0 .event posedge, v00000250a0d3d640_0;
E_00000250a0d36dd0 .event posedge, v00000250a0d3c6a0_0, v00000250a0d3d640_0;
L_00000250a0dac9e0 .array/port v00000250a0d3c240, L_00000250a0dac3a0;
L_00000250a0dac3a0 .concat [ 2 2 0 0], v00000250a0d3c7e0_0, L_00000250a0db0088;
L_00000250a0dab9a0 .cmp/eq 2, v00000250a0d3c1a0_0, v00000250a0d3c7e0_0;
S_00000250a0cfa190 .scope module, "fifo_b" "ff_fifo_wrapped_in_valid_ready" 4 56, 5 1 0, S_00000250a0cfe400;
 .timescale 0 0;
    .port_info 0 /INPUT 1 "clk";
    .port_info 1 /INPUT 1 "rst";
    .port_info 2 /INPUT 1 "up_valid";
    .port_info 3 /OUTPUT 1 "up_ready";
    .port_info 4 /INPUT 4 "up_data";
    .port_info 5 /OUTPUT 1 "down_valid";
    .port_info 6 /INPUT 1 "down_ready";
    .port_info 7 /OUTPUT 4 "down_data";
P_00000250a0d238d0 .param/l "depth" 0 5 3, +C4<00000000000000000000000000000100>;
P_00000250a0d23908 .param/l "width" 0 5 3, +C4<00000000000000000000000000000100>;
L_00000250a0d40530 .functor NOT 1, L_00000250a0d29840, C4<0>, C4<0>, C4<0>;
L_00000250a0d40610 .functor AND 1, v00000250a0dad020_0, L_00000250a0d40530, C4<1>, C4<1>;
L_00000250a0d407d0 .functor NOT 1, L_00000250a0d3fce0, C4<0>, C4<0>, C4<0>;
L_00000250a0d400d0 .functor AND 1, L_00000250a0d407d0, o00000250a0d51948, C4<1>, C4<1>;
v00000250a0d2ef70_0 .net "clk", 0 0, v00000250a0dac120_0;  alias, 1 drivers
v00000250a0d2e610_0 .net "down_data", 3 0, L_00000250a0d3ff10;  alias, 1 drivers
v00000250a0d2e390_0 .net "down_ready", 0 0, o00000250a0d51948;  alias, 0 drivers
v00000250a0d2e430_0 .net "down_valid", 0 0, L_00000250a0d407d0;  alias, 1 drivers
v00000250a0daa480_0 .net "fifo_empty", 0 0, L_00000250a0d3fce0;  1 drivers
v00000250a0daaf20_0 .net "fifo_full", 0 0, L_00000250a0d29840;  1 drivers
v00000250a0da9800_0 .net "fifo_pop", 0 0, L_00000250a0d400d0;  1 drivers
v00000250a0da9b20_0 .net "fifo_push", 0 0, L_00000250a0d40610;  1 drivers
v00000250a0da9440_0 .net "rst", 0 0, v00000250a0dad0c0_0;  alias, 1 drivers
v00000250a0daa660_0 .net "up_data", 3 0, v00000250a0dac8a0_0;  alias, 1 drivers
v00000250a0da9c60_0 .net "up_ready", 0 0, L_00000250a0d40530;  alias, 1 drivers
v00000250a0da98a0_0 .net "up_valid", 0 0, v00000250a0dad020_0;  alias, 1 drivers
S_00000250a0cc2ca0 .scope module, "fifo" "flip_flop_fifo" 5 31, 6 1 0, S_00000250a0cfa190;
 .timescale 0 0;
    .port_info 0 /INPUT 1 "clk";
    .port_info 1 /INPUT 1 "rst";
    .port_info 2 /INPUT 1 "push";
    .port_info 3 /INPUT 1 "pop";
    .port_info 4 /INPUT 4 "write_data";
    .port_info 5 /OUTPUT 4 "read_data";
    .port_info 6 /OUTPUT 1 "empty";
    .port_info 7 /OUTPUT 1 "full";
P_00000250a0d42b70 .param/l "depth" 0 6 3, +C4<00000000000000000000000000000100>;
P_00000250a0d42ba8 .param/l "max_ptr" 1 6 19, +C4<11>;
P_00000250a0d42be0 .param/l "pointer_width" 1 6 18, +C4<00000000000000000000000000000010>;
P_00000250a0d42c18 .param/l "width" 0 6 3, +C4<00000000000000000000000000000100>;
L_00000250a0d3ff10 .functor BUFZ 4, L_00000250a0dabea0, C4<0000>, C4<0000>, C4<0000>;
L_00000250a0d40140 .functor XNOR 1, v00000250a0d2ec50_0, v00000250a0d3da00_0, C4<0>, C4<0>;
L_00000250a0d3fce0 .functor AND 1, L_00000250a0dabc20, L_00000250a0d40140, C4<1>, C4<1>;
L_00000250a0d28c70 .functor XOR 1, v00000250a0d2ec50_0, v00000250a0d3da00_0, C4<0>, C4<0>;
L_00000250a0d29840 .functor AND 1, L_00000250a0dabc20, L_00000250a0d28c70, C4<1>, C4<1>;
v00000250a0d3c100_0 .net *"_ivl_0", 3 0, L_00000250a0dabea0;  1 drivers
v00000250a0d3c2e0_0 .net *"_ivl_10", 0 0, L_00000250a0d40140;  1 drivers
v00000250a0d3d1e0_0 .net *"_ivl_14", 0 0, L_00000250a0d28c70;  1 drivers
v00000250a0d3c880_0 .net *"_ivl_2", 3 0, L_00000250a0dab220;  1 drivers
L_00000250a0db00d0 .functor BUFT 1, C4<00>, C4<0>, C4<0>, C4<0>;
v00000250a0d3d780_0 .net *"_ivl_5", 1 0, L_00000250a0db00d0;  1 drivers
v00000250a0d3d280_0 .net "clk", 0 0, v00000250a0dac120_0;  alias, 1 drivers
v00000250a0d3c9c0 .array "data", 3 0, 3 0;
v00000250a0d3cba0_0 .net "empty", 0 0, L_00000250a0d3fce0;  alias, 1 drivers
v00000250a0d3d3c0_0 .net "equal_ptrs", 0 0, L_00000250a0dabc20;  1 drivers
v00000250a0d3c4c0_0 .net "full", 0 0, L_00000250a0d29840;  alias, 1 drivers
v00000250a0d3d500_0 .net "pop", 0 0, L_00000250a0d400d0;  alias, 1 drivers
v00000250a0d3d8c0_0 .net "push", 0 0, L_00000250a0d40610;  alias, 1 drivers
v00000250a0d3d820_0 .var "rd_ptr", 1 0;
v00000250a0d3da00_0 .var "rd_ptr_odd_circle", 0 0;
v00000250a0d3daa0_0 .net "read_data", 3 0, L_00000250a0d3ff10;  alias, 1 drivers
v00000250a0d3db40_0 .net "rst", 0 0, v00000250a0dad0c0_0;  alias, 1 drivers
v00000250a0d2e2f0_0 .var "wr_ptr", 1 0;
v00000250a0d2ec50_0 .var "wr_ptr_odd_circle", 0 0;
v00000250a0d2ed90_0 .net "write_data", 3 0, v00000250a0dac8a0_0;  alias, 1 drivers
L_00000250a0dabea0 .array/port v00000250a0d3c9c0, L_00000250a0dab220;
L_00000250a0dab220 .concat [ 2 2 0 0], v00000250a0d3d820_0, L_00000250a0db00d0;
L_00000250a0dabc20 .cmp/eq 2, v00000250a0d2e2f0_0, v00000250a0d3d820_0;
S_00000250a0cc2e30 .scope module, "fifo_sum" "ff_fifo_wrapped_in_valid_ready" 4 86, 5 1 0, S_00000250a0cfe400;
 .timescale 0 0;
    .port_info 0 /INPUT 1 "clk";
    .port_info 1 /INPUT 1 "rst";
    .port_info 2 /INPUT 1 "up_valid";
    .port_info 3 /OUTPUT 1 "up_ready";
    .port_info 4 /INPUT 4 "up_data";
    .port_info 5 /OUTPUT 1 "down_valid";
    .port_info 6 /INPUT 1 "down_ready";
    .port_info 7 /OUTPUT 4 "down_data";
P_00000250a0d23950 .param/l "depth" 0 5 3, +C4<00000000000000000000000000000100>;
P_00000250a0d23988 .param/l "width" 0 5 3, +C4<00000000000000000000000000000100>;
L_00000250a0d29370 .functor NOT 1, L_00000250a0dadd30, C4<0>, C4<0>, C4<0>;
L_00000250a0d28e30 .functor AND 1, o00000250a0d52098, L_00000250a0d29370, C4<1>, C4<1>;
L_00000250a0d28ea0 .functor NOT 1, L_00000250a0d291b0, C4<0>, C4<0>, C4<0>;
L_00000250a0d28f10 .functor AND 1, L_00000250a0d28ea0, v00000250a0dabcc0_0, C4<1>, C4<1>;
v00000250a0da9620_0 .net "clk", 0 0, v00000250a0dac120_0;  alias, 1 drivers
v00000250a0daa200_0 .net "down_data", 3 0, L_00000250a0d290d0;  alias, 1 drivers
v00000250a0daab60_0 .net "down_ready", 0 0, v00000250a0dabcc0_0;  alias, 1 drivers
v00000250a0daa520_0 .net "down_valid", 0 0, L_00000250a0d28ea0;  alias, 1 drivers
v00000250a0daa2a0_0 .net "fifo_empty", 0 0, L_00000250a0d291b0;  1 drivers
v00000250a0daa340_0 .net "fifo_full", 0 0, L_00000250a0dadd30;  1 drivers
v00000250a0daa3e0_0 .net "fifo_pop", 0 0, L_00000250a0d28f10;  1 drivers
v00000250a0daa5c0_0 .net "fifo_push", 0 0, L_00000250a0d28e30;  1 drivers
v00000250a0daa700_0 .net "rst", 0 0, v00000250a0dad0c0_0;  alias, 1 drivers
L_00000250a0db0160 .functor BUFT 1, C4<000z>, C4<0>, C4<0>, C4<0>;
v00000250a0da99e0_0 .net "up_data", 3 0, L_00000250a0db0160;  1 drivers
v00000250a0da96c0_0 .net "up_ready", 0 0, L_00000250a0d29370;  alias, 1 drivers
v00000250a0daa7a0_0 .net "up_valid", 0 0, o00000250a0d52098;  alias, 0 drivers
S_00000250a0dab040 .scope module, "fifo" "flip_flop_fifo" 5 31, 6 1 0, S_00000250a0cc2e30;
 .timescale 0 0;
    .port_info 0 /INPUT 1 "clk";
    .port_info 1 /INPUT 1 "rst";
    .port_info 2 /INPUT 1 "push";
    .port_info 3 /INPUT 1 "pop";
    .port_info 4 /INPUT 4 "write_data";
    .port_info 5 /OUTPUT 4 "read_data";
    .port_info 6 /OUTPUT 1 "empty";
    .port_info 7 /OUTPUT 1 "full";
P_00000250a0cc2fc0 .param/l "depth" 0 6 3, +C4<00000000000000000000000000000100>;
P_00000250a0cc2ff8 .param/l "max_ptr" 1 6 19, +C4<11>;
P_00000250a0cc3030 .param/l "pointer_width" 1 6 18, +C4<00000000000000000000000000000010>;
P_00000250a0cc3068 .param/l "width" 0 6 3, +C4<00000000000000000000000000000100>;
L_00000250a0d290d0 .functor BUFZ 4, L_00000250a0dac440, C4<0000>, C4<0000>, C4<0000>;
L_00000250a0d29140 .functor XNOR 1, v00000250a0daaac0_0, v00000250a0da9080_0, C4<0>, C4<0>;
L_00000250a0d291b0 .functor AND 1, L_00000250a0dacbc0, L_00000250a0d29140, C4<1>, C4<1>;
L_00000250a0dadbe0 .functor XOR 1, v00000250a0daaac0_0, v00000250a0da9080_0, C4<0>, C4<0>;
L_00000250a0dadd30 .functor AND 1, L_00000250a0dacbc0, L_00000250a0dadbe0, C4<1>, C4<1>;
v00000250a0da9d00_0 .net *"_ivl_0", 3 0, L_00000250a0dac440;  1 drivers
v00000250a0da9da0_0 .net *"_ivl_10", 0 0, L_00000250a0d29140;  1 drivers
v00000250a0da9e40_0 .net *"_ivl_14", 0 0, L_00000250a0dadbe0;  1 drivers
v00000250a0da9ee0_0 .net *"_ivl_2", 3 0, L_00000250a0daca80;  1 drivers
L_00000250a0db0118 .functor BUFT 1, C4<00>, C4<0>, C4<0>, C4<0>;
v00000250a0da9f80_0 .net *"_ivl_5", 1 0, L_00000250a0db0118;  1 drivers
v00000250a0daa020_0 .net "clk", 0 0, v00000250a0dac120_0;  alias, 1 drivers
v00000250a0da9760 .array "data", 3 0, 3 0;
v00000250a0da9940_0 .net "empty", 0 0, L_00000250a0d291b0;  alias, 1 drivers
v00000250a0da94e0_0 .net "equal_ptrs", 0 0, L_00000250a0dacbc0;  1 drivers
v00000250a0daae80_0 .net "full", 0 0, L_00000250a0dadd30;  alias, 1 drivers
v00000250a0daade0_0 .net "pop", 0 0, L_00000250a0d28f10;  alias, 1 drivers
v00000250a0da9580_0 .net "push", 0 0, L_00000250a0d28e30;  alias, 1 drivers
v00000250a0daa0c0_0 .var "rd_ptr", 1 0;
v00000250a0da9080_0 .var "rd_ptr_odd_circle", 0 0;
v00000250a0da93a0_0 .net "read_data", 3 0, L_00000250a0d290d0;  alias, 1 drivers
v00000250a0da9bc0_0 .net "rst", 0 0, v00000250a0dad0c0_0;  alias, 1 drivers
v00000250a0daa160_0 .var "wr_ptr", 1 0;
v00000250a0daaac0_0 .var "wr_ptr_odd_circle", 0 0;
v00000250a0daa980_0 .net "write_data", 3 0, L_00000250a0db0160;  alias, 1 drivers
L_00000250a0dac440 .array/port v00000250a0da9760, L_00000250a0daca80;
L_00000250a0daca80 .concat [ 2 2 0 0], v00000250a0daa0c0_0, L_00000250a0db0118;
L_00000250a0dacbc0 .cmp/eq 2, v00000250a0daa160_0, v00000250a0daa0c0_0;
    .scope S_00000250a0cfa000;
T_0 ;
    %wait E_00000250a0d36dd0;
    %load/vec4 v00000250a0d3c6a0_0;
    %flag_set/vec4 8;
    %jmp/0xz  T_0.0, 8;
    %pushi/vec4 0, 0, 2;
    %assign/vec4 v00000250a0d3c1a0_0, 0;
    %pushi/vec4 0, 0, 1;
    %assign/vec4 v00000250a0d3ddc0_0, 0;
    %jmp T_0.1;
T_0.0 ;
    %load/vec4 v00000250a0d3c560_0;
    %flag_set/vec4 8;
    %jmp/0xz  T_0.2, 8;
    %load/vec4 v00000250a0d3c1a0_0;
    %cmpi/e 3, 0, 2;
    %jmp/0xz  T_0.4, 4;
    %pushi/vec4 0, 0, 2;
    %assign/vec4 v00000250a0d3c1a0_0, 0;
    %load/vec4 v00000250a0d3ddc0_0;
    %inv;
    %assign/vec4 v00000250a0d3ddc0_0, 0;
    %jmp T_0.5;
T_0.4 ;
    %load/vec4 v00000250a0d3c1a0_0;
    %addi 1, 0, 2;
    %assign/vec4 v00000250a0d3c1a0_0, 0;
T_0.5 ;
T_0.2 ;
T_0.1 ;
    %jmp T_0;
    .thread T_0;
    .scope S_00000250a0cfa000;
T_1 ;
    %wait E_00000250a0d36dd0;
    %load/vec4 v00000250a0d3c6a0_0;
    %flag_set/vec4 8;
    %jmp/0xz  T_1.0, 8;
    %pushi/vec4 0, 0, 2;
    %assign/vec4 v00000250a0d3c7e0_0, 0;
    %pushi/vec4 0, 0, 1;
    %assign/vec4 v00000250a0d3c420_0, 0;
    %jmp T_1.1;
T_1.0 ;
    %load/vec4 v00000250a0d3d0a0_0;
    %flag_set/vec4 8;
    %jmp/0xz  T_1.2, 8;
    %load/vec4 v00000250a0d3c7e0_0;
    %cmpi/e 3, 0, 2;
    %jmp/0xz  T_1.4, 4;
    %pushi/vec4 0, 0, 2;
    %assign/vec4 v00000250a0d3c7e0_0, 0;
    %load/vec4 v00000250a0d3c420_0;
    %inv;
    %assign/vec4 v00000250a0d3c420_0, 0;
    %jmp T_1.5;
T_1.4 ;
    %load/vec4 v00000250a0d3c7e0_0;
    %addi 1, 0, 2;
    %assign/vec4 v00000250a0d3c7e0_0, 0;
T_1.5 ;
T_1.2 ;
T_1.1 ;
    %jmp T_1;
    .thread T_1;
    .scope S_00000250a0cfa000;
T_2 ;
    %wait E_00000250a0d363d0;
    %load/vec4 v00000250a0d3c560_0;
    %flag_set/vec4 8;
    %jmp/0xz  T_2.0, 8;
    %load/vec4 v00000250a0d3c380_0;
    %load/vec4 v00000250a0d3c1a0_0;
    %pad/u 4;
    %ix/vec4 3;
    %ix/load 4, 0, 0; Constant delay
    %assign/vec4/a/d v00000250a0d3c240, 0, 4;
T_2.0 ;
    %jmp T_2;
    .thread T_2;
    .scope S_00000250a0cc2ca0;
T_3 ;
    %wait E_00000250a0d36dd0;
    %load/vec4 v00000250a0d3db40_0;
    %flag_set/vec4 8;
    %jmp/0xz  T_3.0, 8;
    %pushi/vec4 0, 0, 2;
    %assign/vec4 v00000250a0d2e2f0_0, 0;
    %pushi/vec4 0, 0, 1;
    %assign/vec4 v00000250a0d2ec50_0, 0;
    %jmp T_3.1;
T_3.0 ;
    %load/vec4 v00000250a0d3d8c0_0;
    %flag_set/vec4 8;
    %jmp/0xz  T_3.2, 8;
    %load/vec4 v00000250a0d2e2f0_0;
    %cmpi/e 3, 0, 2;
    %jmp/0xz  T_3.4, 4;
    %pushi/vec4 0, 0, 2;
    %assign/vec4 v00000250a0d2e2f0_0, 0;
    %load/vec4 v00000250a0d2ec50_0;
    %inv;
    %assign/vec4 v00000250a0d2ec50_0, 0;
    %jmp T_3.5;
T_3.4 ;
    %load/vec4 v00000250a0d2e2f0_0;
    %addi 1, 0, 2;
    %assign/vec4 v00000250a0d2e2f0_0, 0;
T_3.5 ;
T_3.2 ;
T_3.1 ;
    %jmp T_3;
    .thread T_3;
    .scope S_00000250a0cc2ca0;
T_4 ;
    %wait E_00000250a0d36dd0;
    %load/vec4 v00000250a0d3db40_0;
    %flag_set/vec4 8;
    %jmp/0xz  T_4.0, 8;
    %pushi/vec4 0, 0, 2;
    %assign/vec4 v00000250a0d3d820_0, 0;
    %pushi/vec4 0, 0, 1;
    %assign/vec4 v00000250a0d3da00_0, 0;
    %jmp T_4.1;
T_4.0 ;
    %load/vec4 v00000250a0d3d500_0;
    %flag_set/vec4 8;
    %jmp/0xz  T_4.2, 8;
    %load/vec4 v00000250a0d3d820_0;
    %cmpi/e 3, 0, 2;
    %jmp/0xz  T_4.4, 4;
    %pushi/vec4 0, 0, 2;
    %assign/vec4 v00000250a0d3d820_0, 0;
    %load/vec4 v00000250a0d3da00_0;
    %inv;
    %assign/vec4 v00000250a0d3da00_0, 0;
    %jmp T_4.5;
T_4.4 ;
    %load/vec4 v00000250a0d3d820_0;
    %addi 1, 0, 2;
    %assign/vec4 v00000250a0d3d820_0, 0;
T_4.5 ;
T_4.2 ;
T_4.1 ;
    %jmp T_4;
    .thread T_4;
    .scope S_00000250a0cc2ca0;
T_5 ;
    %wait E_00000250a0d363d0;
    %load/vec4 v00000250a0d3d8c0_0;
    %flag_set/vec4 8;
    %jmp/0xz  T_5.0, 8;
    %load/vec4 v00000250a0d2ed90_0;
    %load/vec4 v00000250a0d2e2f0_0;
    %pad/u 4;
    %ix/vec4 3;
    %ix/load 4, 0, 0; Constant delay
    %assign/vec4/a/d v00000250a0d3c9c0, 0, 4;
T_5.0 ;
    %jmp T_5;
    .thread T_5;
    .scope S_00000250a0dab040;
T_6 ;
    %wait E_00000250a0d36dd0;
    %load/vec4 v00000250a0da9bc0_0;
    %flag_set/vec4 8;
    %jmp/0xz  T_6.0, 8;
    %pushi/vec4 0, 0, 2;
    %assign/vec4 v00000250a0daa160_0, 0;
    %pushi/vec4 0, 0, 1;
    %assign/vec4 v00000250a0daaac0_0, 0;
    %jmp T_6.1;
T_6.0 ;
    %load/vec4 v00000250a0da9580_0;
    %flag_set/vec4 8;
    %jmp/0xz  T_6.2, 8;
    %load/vec4 v00000250a0daa160_0;
    %cmpi/e 3, 0, 2;
    %jmp/0xz  T_6.4, 4;
    %pushi/vec4 0, 0, 2;
    %assign/vec4 v00000250a0daa160_0, 0;
    %load/vec4 v00000250a0daaac0_0;
    %inv;
    %assign/vec4 v00000250a0daaac0_0, 0;
    %jmp T_6.5;
T_6.4 ;
    %load/vec4 v00000250a0daa160_0;
    %addi 1, 0, 2;
    %assign/vec4 v00000250a0daa160_0, 0;
T_6.5 ;
T_6.2 ;
T_6.1 ;
    %jmp T_6;
    .thread T_6;
    .scope S_00000250a0dab040;
T_7 ;
    %wait E_00000250a0d36dd0;
    %load/vec4 v00000250a0da9bc0_0;
    %flag_set/vec4 8;
    %jmp/0xz  T_7.0, 8;
    %pushi/vec4 0, 0, 2;
    %assign/vec4 v00000250a0daa0c0_0, 0;
    %pushi/vec4 0, 0, 1;
    %assign/vec4 v00000250a0da9080_0, 0;
    %jmp T_7.1;
T_7.0 ;
    %load/vec4 v00000250a0daade0_0;
    %flag_set/vec4 8;
    %jmp/0xz  T_7.2, 8;
    %load/vec4 v00000250a0daa0c0_0;
    %cmpi/e 3, 0, 2;
    %jmp/0xz  T_7.4, 4;
    %pushi/vec4 0, 0, 2;
    %assign/vec4 v00000250a0daa0c0_0, 0;
    %load/vec4 v00000250a0da9080_0;
    %inv;
    %assign/vec4 v00000250a0da9080_0, 0;
    %jmp T_7.5;
T_7.4 ;
    %load/vec4 v00000250a0daa0c0_0;
    %addi 1, 0, 2;
    %assign/vec4 v00000250a0daa0c0_0, 0;
T_7.5 ;
T_7.2 ;
T_7.1 ;
    %jmp T_7;
    .thread T_7;
    .scope S_00000250a0dab040;
T_8 ;
    %wait E_00000250a0d363d0;
    %load/vec4 v00000250a0da9580_0;
    %flag_set/vec4 8;
    %jmp/0xz  T_8.0, 8;
    %load/vec4 v00000250a0daa980_0;
    %load/vec4 v00000250a0daa160_0;
    %pad/u 4;
    %ix/vec4 3;
    %ix/load 4, 0, 0; Constant delay
    %assign/vec4/a/d v00000250a0da9760, 0, 4;
T_8.0 ;
    %jmp T_8;
    .thread T_8;
    .scope S_00000250a0d4ad20;
T_9 ;
    %pushi/vec4 0, 0, 32;
    %store/vec4 v00000250a0dac940_0, 0, 32;
    %pushi/vec4 0, 0, 1;
    %store/vec4 v00000250a0dab680_0, 0, 1;
    %end;
    .thread T_9, $init;
    .scope S_00000250a0d4ad20;
T_10 ;
    %pushi/vec4 1, 0, 1;
    %store/vec4 v00000250a0dac120_0, 0, 1;
T_10.0 ;
    %delay 5, 0;
    %load/vec4 v00000250a0dac120_0;
    %inv;
    %store/vec4 v00000250a0dac120_0, 0, 1;
    %jmp T_10.0;
    %end;
    .thread T_10;
    .scope S_00000250a0d4ad20;
T_11 ;
    %pushi/vec4 10000, 0, 32;
T_11.0 %dup/vec4;
    %pushi/vec4 0, 0, 32;
    %cmp/s;
    %jmp/1xz T_11.1, 5;
    %jmp/1 T_11.1, 4;
    %pushi/vec4 1, 0, 32;
    %sub;
    %wait E_00000250a0d363d0;
    %jmp T_11.0;
T_11.1 ;
    %pop/vec4 1;
    %vpi_call/w 3 53 "$display", "FAIL %s: timeout!", "./testbench.sv" {0 0 0};
    %vpi_call/w 3 54 "$finish" {0 0 0};
    %end;
    .thread T_11;
    .scope S_00000250a0d4ad20;
T_12 ;
    %wait E_00000250a0d363d0;
    %vpi_call/w 3 64 "$write", "time %7d cycle %5d", $time, v00000250a0dac940_0 {0 0 0};
    %load/vec4 v00000250a0dac940_0;
    %addi 1, 0, 32;
    %cast2;
    %assign/vec4 v00000250a0dac940_0, 0;
    %load/vec4 v00000250a0dad0c0_0;
    %flag_set/vec4 8;
    %jmp/0xz  T_12.0, 8;
    %vpi_call/w 3 67 "$write", " rst" {0 0 0};
    %jmp T_12.1;
T_12.0 ;
    %vpi_call/w 3 67 "$write", "    " {0 0 0};
T_12.1 ;
    %load/vec4 v00000250a0dac1c0_0;
    %flag_set/vec4 8;
    %jmp/0xz  T_12.2, 8;
    %vpi_call/w 3 69 "$write", " a_valid" {0 0 0};
    %jmp T_12.3;
T_12.2 ;
    %vpi_call/w 3 69 "$write", "        " {0 0 0};
T_12.3 ;
    %load/vec4 v00000250a0dab400_0;
    %flag_set/vec4 8;
    %jmp/0xz  T_12.4, 8;
    %vpi_call/w 3 70 "$write", " a_ready" {0 0 0};
    %jmp T_12.5;
T_12.4 ;
    %vpi_call/w 3 70 "$write", "        " {0 0 0};
T_12.5 ;
    %load/vec4 v00000250a0dac1c0_0;
    %load/vec4 v00000250a0dab400_0;
    %and;
    %flag_set/vec4 8;
    %jmp/0xz  T_12.6, 8;
    %vpi_call/w 3 73 "$write", " %h", v00000250a0dab360_0 {0 0 0};
    %jmp T_12.7;
T_12.6 ;
    %vpi_call/w 3 75 "$write", "  " {0 0 0};
T_12.7 ;
    %load/vec4 v00000250a0dad020_0;
    %flag_set/vec4 8;
    %jmp/0xz  T_12.8, 8;
    %vpi_call/w 3 77 "$write", " b_valid" {0 0 0};
    %jmp T_12.9;
T_12.8 ;
    %vpi_call/w 3 77 "$write", "        " {0 0 0};
T_12.9 ;
    %load/vec4 v00000250a0dabb80_0;
    %flag_set/vec4 8;
    %jmp/0xz  T_12.10, 8;
    %vpi_call/w 3 78 "$write", " b_ready" {0 0 0};
    %jmp T_12.11;
T_12.10 ;
    %vpi_call/w 3 78 "$write", "        " {0 0 0};
T_12.11 ;
    %load/vec4 v00000250a0dad020_0;
    %load/vec4 v00000250a0dabb80_0;
    %and;
    %flag_set/vec4 8;
    %jmp/0xz  T_12.12, 8;
    %vpi_call/w 3 81 "$write", " %h", v00000250a0dac8a0_0 {0 0 0};
    %jmp T_12.13;
T_12.12 ;
    %vpi_call/w 3 83 "$write", "  " {0 0 0};
T_12.13 ;
    %load/vec4 v00000250a0dacb20_0;
    %flag_set/vec4 8;
    %jmp/0xz  T_12.14, 8;
    %vpi_call/w 3 85 "$write", " sum_valid" {0 0 0};
    %jmp T_12.15;
T_12.14 ;
    %vpi_call/w 3 85 "$write", "          " {0 0 0};
T_12.15 ;
    %load/vec4 v00000250a0dabcc0_0;
    %flag_set/vec4 8;
    %jmp/0xz  T_12.16, 8;
    %vpi_call/w 3 86 "$write", " sum_ready" {0 0 0};
    %jmp T_12.17;
T_12.16 ;
    %vpi_call/w 3 86 "$write", "          " {0 0 0};
T_12.17 ;
    %load/vec4 v00000250a0dacb20_0;
    %load/vec4 v00000250a0dabcc0_0;
    %and;
    %flag_set/vec4 8;
    %jmp/0xz  T_12.18, 8;
    %vpi_call/w 3 89 "$write", " %h", v00000250a0dab5e0_0 {0 0 0};
    %jmp T_12.19;
T_12.18 ;
    %vpi_call/w 3 91 "$write", "  " {0 0 0};
T_12.19 ;
    %vpi_call/w 3 93 "$display" {0 0 0};
    %jmp T_12;
    .thread T_12;
    .scope S_00000250a0d4ad20;
T_13 ;
    %wait E_00000250a0d363d0;
    %load/vec4 v00000250a0dad0c0_0;
    %flag_set/vec4 8;
    %jmp/0xz  T_13.0, 8;
    %ix/load 4, 0, 0;
    %null;
    %store/obj v00000250a0dac760_0;
    %ix/load 4, 0, 0;
    %null;
    %store/obj v00000250a0dab540_0;
    %pushi/vec4 1, 0, 1;
    %store/vec4 v00000250a0dab680_0, 0, 1;
    %jmp T_13.1;
T_13.0 ;
    %load/vec4 v00000250a0dab680_0;
    %flag_set/vec4 8;
    %jmp/0xz  T_13.2, 8;
    %load/vec4 v00000250a0dac1c0_0;
    %load/vec4 v00000250a0dab400_0;
    %and;
    %flag_set/vec4 8;
    %jmp/0xz  T_13.4, 8;
    %ix/load 4, 0, 0;
    %load/vec4 v00000250a0dab360_0;
    %store/qb/v v00000250a0dac760_0, 4, 4;
T_13.4 ;
    %load/vec4 v00000250a0dad020_0;
    %load/vec4 v00000250a0dabb80_0;
    %and;
    %flag_set/vec4 8;
    %jmp/0xz  T_13.6, 8;
    %ix/load 4, 0, 0;
    %load/vec4 v00000250a0dac8a0_0;
    %store/qb/v v00000250a0dab540_0, 4, 4;
T_13.6 ;
    %load/vec4 v00000250a0dacb20_0;
    %load/vec4 v00000250a0dabcc0_0;
    %and;
    %flag_set/vec4 8;
    %jmp/0xz  T_13.8, 8;
    %vpi_func 3 129 "$size" 32, v00000250a0dac760_0 {0 0 0};
    %cmpi/e 0, 0, 32;
    %jmp/1 T_13.12, 4;
    %flag_mov 8, 4;
    %vpi_func 3 129 "$size" 32, v00000250a0dab540_0 {0 0 0};
    %cmpi/e 0, 0, 32;
    %flag_or 4, 8;
T_13.12;
    %jmp/0xz  T_13.10, 4;
    %vpi_call/w 3 131 "$display", "\012ERROR: unexpected sum %h", v00000250a0dab5e0_0 {0 0 0};
    %jmp T_13.11;
T_13.10 ;
    %ix/load 3, 0, 0;
    %flag_set/imm 4, 0;
    %load/dar/vec4 v00000250a0dac760_0;
    %ix/load 3, 0, 0;
    %flag_set/imm 4, 0;
    %load/dar/vec4 v00000250a0dab540_0;
    %add;
    %store/vec4 v00000250a0dac4e0_0, 0, 4;
    %ix/load 3, 0, 0;
    %flag_set/imm 4, 0;
    %delete/elem v00000250a0dac760_0;
    %ix/load 3, 0, 0;
    %flag_set/imm 4, 0;
    %delete/elem v00000250a0dab540_0;
    %load/vec4 v00000250a0dac4e0_0;
    %load/vec4 v00000250a0dab5e0_0;
    %cmp/ne;
    %jmp/0xz  T_13.13, 6;
    %vpi_call/w 3 146 "$display", "\012ERROR: downstream data mismatch. Expected %h, actual %h", v00000250a0dac4e0_0, v00000250a0dab5e0_0 {0 0 0};
T_13.13 ;
T_13.11 ;
T_13.8 ;
T_13.2 ;
T_13.1 ;
    %jmp T_13;
    .thread T_13;
    .scope S_00000250a0d4ad20;
T_14 ;
    %vpi_func 3 160 "$size" 32, v00000250a0dac760_0 {0 0 0};
    %cmpi/ne 0, 0, 32;
    %jmp/0xz  T_14.0, 4;
    %vpi_call/w 3 162 "$write", "\012ERROR: data is left sitting in the model a_queue:" {0 0 0};
    %fork t_1, S_00000250a0d07ad0;
    %jmp t_0;
    .scope S_00000250a0d07ad0;
t_1 ;
    %pushi/vec4 0, 0, 32;
    %store/vec4 v00000250a0d3d5a0_0, 0, 32;
T_14.2 ;
    %load/vec4 v00000250a0d3d5a0_0;
    %vpi_func 3 164 "$size" 32, v00000250a0dac760_0 {0 0 0};
    %cmp/s;
    %jmp/0xz T_14.3, 5;
    %vpi_func 3 165 "$size" 32, v00000250a0dac760_0 {0 0 0};
    %load/vec4 v00000250a0d3d5a0_0;
    %sub;
    %subi 1, 0, 32;
    %ix/vec4/s 3;
    %load/dar/vec4 v00000250a0dac760_0;
    %vpi_call/w 3 165 "$write", " %h", S<0,vec4,u4> {1 0 0};
    ; show_stmt_assign_vector: Get l-value for compressed += operand
    %load/vec4 v00000250a0d3d5a0_0;
    %pushi/vec4 1, 0, 32;
    %add;
    %cast2;
    %store/vec4 v00000250a0d3d5a0_0, 0, 32;
    %jmp T_14.2;
T_14.3 ;
    %end;
    .scope S_00000250a0d4ad20;
t_0 %join;
    %vpi_call/w 3 167 "$display" {0 0 0};
T_14.0 ;
    %vpi_func 3 170 "$size" 32, v00000250a0dab540_0 {0 0 0};
    %cmpi/ne 0, 0, 32;
    %jmp/0xz  T_14.4, 4;
    %vpi_call/w 3 172 "$write", "\012ERROR: data is left sitting in the model b_queue:" {0 0 0};
    %fork t_3, S_00000250a0d07c60;
    %jmp t_2;
    .scope S_00000250a0d07c60;
t_3 ;
    %pushi/vec4 0, 0, 32;
    %store/vec4 v00000250a0d3cc40_0, 0, 32;
T_14.6 ;
    %load/vec4 v00000250a0d3cc40_0;
    %vpi_func 3 174 "$size" 32, v00000250a0dab540_0 {0 0 0};
    %cmp/s;
    %jmp/0xz T_14.7, 5;
    %vpi_func 3 175 "$size" 32, v00000250a0dab540_0 {0 0 0};
    %load/vec4 v00000250a0d3cc40_0;
    %sub;
    %subi 1, 0, 32;
    %ix/vec4/s 3;
    %load/dar/vec4 v00000250a0dab540_0;
    %vpi_call/w 3 175 "$write", " %h", S<0,vec4,u4> {1 0 0};
    ; show_stmt_assign_vector: Get l-value for compressed += operand
    %load/vec4 v00000250a0d3cc40_0;
    %pushi/vec4 1, 0, 32;
    %add;
    %cast2;
    %store/vec4 v00000250a0d3cc40_0, 0, 32;
    %jmp T_14.6;
T_14.7 ;
    %end;
    .scope S_00000250a0d4ad20;
t_2 %join;
    %vpi_call/w 3 177 "$display" {0 0 0};
T_14.4 ;
    %end;
    .thread T_14, $final;
    .scope S_00000250a0d4ad20;
T_15 ;
    %wait E_00000250a0d363d0;
    %load/vec4 v00000250a0dad0c0_0;
    %flag_set/vec4 8;
    %jmp/0xz  T_15.0, 8;
    %pushi/vec4 0, 0, 33;
    %assign/vec4 v00000250a0dab4a0_0, 0;
    %pushi/vec4 0, 0, 33;
    %assign/vec4 v00000250a0dacee0_0, 0;
    %pushi/vec4 0, 0, 33;
    %assign/vec4 v00000250a0dacf80_0, 0;
    %pushi/vec4 0, 0, 33;
    %assign/vec4 v00000250a0dac260_0, 0;
    %jmp T_15.1;
T_15.0 ;
    %load/vec4 v00000250a0dab4a0_0;
    %addi 1, 0, 33;
    %assign/vec4 v00000250a0dab4a0_0, 0;
    %load/vec4 v00000250a0dac1c0_0;
    %load/vec4 v00000250a0dab400_0;
    %and;
    %flag_set/vec4 8;
    %jmp/0xz  T_15.2, 8;
    %load/vec4 v00000250a0dacee0_0;
    %addi 1, 0, 33;
    %assign/vec4 v00000250a0dacee0_0, 0;
T_15.2 ;
    %load/vec4 v00000250a0dad020_0;
    %load/vec4 v00000250a0dabb80_0;
    %and;
    %flag_set/vec4 8;
    %jmp/0xz  T_15.4, 8;
    %load/vec4 v00000250a0dacf80_0;
    %addi 1, 0, 33;
    %assign/vec4 v00000250a0dacf80_0, 0;
T_15.4 ;
    %load/vec4 v00000250a0dacb20_0;
    %load/vec4 v00000250a0dabcc0_0;
    %and;
    %flag_set/vec4 8;
    %jmp/0xz  T_15.6, 8;
    %load/vec4 v00000250a0dac260_0;
    %addi 1, 0, 33;
    %assign/vec4 v00000250a0dac260_0, 0;
T_15.6 ;
T_15.1 ;
    %jmp T_15;
    .thread T_15;
    .scope S_00000250a0d4ad20;
T_16 ;
    %vpi_call/w 3 207 "$display", "\012\012number of sum transfers : %0d per %0d cycles", v00000250a0dac260_0, v00000250a0dab4a0_0 {0 0 0};
    %load/vec4 v00000250a0dacee0_0;
    %load/vec4 v00000250a0dacf80_0;
    %cmp/ne;
    %flag_get/vec4 4;
    %load/vec4 v00000250a0dacee0_0;
    %load/vec4 v00000250a0dac260_0;
    %cmp/ne;
    %flag_get/vec4 4;
    %or;
    %flag_set/vec4 8;
    %jmp/0xz  T_16.0, 8;
    %vpi_call/w 3 211 "$display", "\012ERROR: number of transfers do not match: a: %0d b: %0s sum %0d", v00000250a0dacee0_0, v00000250a0dacf80_0, v00000250a0dac260_0 {0 0 0};
T_16.0 ;
    %end;
    .thread T_16, $final;
    .scope S_00000250a0d4ad20;
T_17 ;
    %pushi/vec4 0, 0, 1;
    %assign/vec4 v00000250a0dac1c0_0, 0;
    %pushi/vec4 0, 0, 1;
    %assign/vec4 v00000250a0dad020_0, 0;
    %pushi/vec4 0, 0, 1;
    %assign/vec4 v00000250a0dabcc0_0, 0;
    %pushi/vec4 3, 0, 32;
T_17.0 %dup/vec4;
    %pushi/vec4 0, 0, 32;
    %cmp/s;
    %jmp/1xz T_17.1, 5;
    %jmp/1 T_17.1, 4;
    %pushi/vec4 1, 0, 32;
    %sub;
    %wait E_00000250a0d363d0;
    %jmp T_17.0;
T_17.1 ;
    %pop/vec4 1;
    %pushi/vec4 1, 0, 1;
    %assign/vec4 v00000250a0dad0c0_0, 0;
    %pushi/vec4 3, 0, 32;
T_17.2 %dup/vec4;
    %pushi/vec4 0, 0, 32;
    %cmp/s;
    %jmp/1xz T_17.3, 5;
    %jmp/1 T_17.3, 4;
    %pushi/vec4 1, 0, 32;
    %sub;
    %wait E_00000250a0d363d0;
    %jmp T_17.2;
T_17.3 ;
    %pop/vec4 1;
    %pushi/vec4 0, 0, 1;
    %assign/vec4 v00000250a0dad0c0_0, 0;
    %vpi_call/w 3 246 "$display", "*** Run back-to-back" {0 0 0};
    %pushi/vec4 1, 0, 1;
    %assign/vec4 v00000250a0dac1c0_0, 0;
    %pushi/vec4 1, 0, 1;
    %assign/vec4 v00000250a0dad020_0, 0;
    %pushi/vec4 1, 0, 1;
    %assign/vec4 v00000250a0dabcc0_0, 0;
    %pushi/vec4 20, 0, 32;
T_17.4 %dup/vec4;
    %pushi/vec4 0, 0, 32;
    %cmp/s;
    %jmp/1xz T_17.5, 5;
    %jmp/1 T_17.5, 4;
    %pushi/vec4 1, 0, 32;
    %sub;
    %wait E_00000250a0d363d0;
    %jmp T_17.4;
T_17.5 ;
    %pop/vec4 1;
    %vpi_call/w 3 254 "$display", "*** Supplying only \042a\042" {0 0 0};
T_17.6 ;
    %load/vec4 v00000250a0dabb80_0;
    %inv;
    %flag_set/vec4 8;
    %jmp/0xz T_17.7, 8;
    %wait E_00000250a0d363d0;
    %jmp T_17.6;
T_17.7 ;
    %pushi/vec4 0, 0, 1;
    %assign/vec4 v00000250a0dad020_0, 0;
    %pushi/vec4 20, 0, 32;
T_17.8 %dup/vec4;
    %pushi/vec4 0, 0, 32;
    %cmp/s;
    %jmp/1xz T_17.9, 5;
    %jmp/1 T_17.9, 4;
    %pushi/vec4 1, 0, 32;
    %sub;
    %wait E_00000250a0d363d0;
    %jmp T_17.8;
T_17.9 ;
    %pop/vec4 1;
    %vpi_call/w 3 265 "$display", "*** Supplying only \042b\042" {0 0 0};
    %pushi/vec4 1, 0, 1;
    %assign/vec4 v00000250a0dad020_0, 0;
T_17.10 ;
    %load/vec4 v00000250a0dab400_0;
    %inv;
    %flag_set/vec4 8;
    %jmp/0xz T_17.11, 8;
    %wait E_00000250a0d363d0;
    %jmp T_17.10;
T_17.11 ;
    %pushi/vec4 0, 0, 1;
    %assign/vec4 v00000250a0dac1c0_0, 0;
    %pushi/vec4 20, 0, 32;
T_17.12 %dup/vec4;
    %pushi/vec4 0, 0, 32;
    %cmp/s;
    %jmp/1xz T_17.13, 5;
    %jmp/1 T_17.13, 4;
    %pushi/vec4 1, 0, 32;
    %sub;
    %wait E_00000250a0d363d0;
    %jmp T_17.12;
T_17.13 ;
    %pop/vec4 1;
    %vpi_call/w 3 278 "$display", "*** Applying backpressure" {0 0 0};
    %pushi/vec4 1, 0, 1;
    %assign/vec4 v00000250a0dac1c0_0, 0;
    %pushi/vec4 1, 0, 1;
    %assign/vec4 v00000250a0dad020_0, 0;
    %pushi/vec4 0, 0, 1;
    %assign/vec4 v00000250a0dabcc0_0, 0;
    %pushi/vec4 20, 0, 32;
T_17.14 %dup/vec4;
    %pushi/vec4 0, 0, 32;
    %cmp/s;
    %jmp/1xz T_17.15, 5;
    %jmp/1 T_17.15, 4;
    %pushi/vec4 1, 0, 32;
    %sub;
    %wait E_00000250a0d363d0;
    %jmp T_17.14;
T_17.15 ;
    %pop/vec4 1;
    %vpi_call/w 3 286 "$display", "*** Random" {0 0 0};
T_17.16 ;
    %load/vec4 v00000250a0dac260_0;
    %cmpi/ne 100, 0, 33;
    %jmp/0xz T_17.17, 4;
    %load/vec4 v00000250a0dacee0_0;
    %cmpi/u 100, 0, 33;
    %flag_or 5, 4;
    %jmp/0xz  T_17.18, 5;
    %jmp T_17.19;
T_17.18 ;
    %vpi_call/w 3 291 "$error" {0 0 0};
T_17.19 ;
    %load/vec4 v00000250a0dacee0_0;
    %pushi/vec4 100, 0, 33;
    %cmp/e;
    %flag_get/vec4 4;
    %load/vec4 v00000250a0dacee0_0;
    %pushi/vec4 99, 0, 33;
    %cmp/e;
    %flag_get/vec4 4;
    %load/vec4 v00000250a0dac1c0_0;
    %and;
    %load/vec4 v00000250a0dab400_0;
    %and;
    %or;
    %flag_set/vec4 8;
    %jmp/0xz  T_17.20, 8;
    %pushi/vec4 0, 0, 1;
    %assign/vec4 v00000250a0dac1c0_0, 0;
    %jmp T_17.21;
T_17.20 ;
    %load/vec4 v00000250a0dac1c0_0;
    %inv;
    %load/vec4 v00000250a0dab400_0;
    %or;
    %flag_set/vec4 8;
    %jmp/0xz  T_17.22, 8;
    %vpi_func 3 300 "$urandom" 32 {0 0 0};
    %pad/u 1;
    %assign/vec4 v00000250a0dac1c0_0, 0;
T_17.22 ;
T_17.21 ;
    %load/vec4 v00000250a0dacf80_0;
    %cmpi/u 100, 0, 33;
    %flag_or 5, 4;
    %jmp/0xz  T_17.24, 5;
    %jmp T_17.25;
T_17.24 ;
    %vpi_call/w 3 304 "$error" {0 0 0};
T_17.25 ;
    %load/vec4 v00000250a0dacf80_0;
    %pushi/vec4 100, 0, 33;
    %cmp/e;
    %flag_get/vec4 4;
    %load/vec4 v00000250a0dacf80_0;
    %pushi/vec4 99, 0, 33;
    %cmp/e;
    %flag_get/vec4 4;
    %load/vec4 v00000250a0dad020_0;
    %and;
    %load/vec4 v00000250a0dabb80_0;
    %and;
    %or;
    %flag_set/vec4 8;
    %jmp/0xz  T_17.26, 8;
    %pushi/vec4 0, 0, 1;
    %assign/vec4 v00000250a0dad020_0, 0;
    %jmp T_17.27;
T_17.26 ;
    %load/vec4 v00000250a0dad020_0;
    %inv;
    %load/vec4 v00000250a0dabb80_0;
    %or;
    %flag_set/vec4 8;
    %jmp/0xz  T_17.28, 8;
    %vpi_func 3 313 "$urandom" 32 {0 0 0};
    %pad/u 1;
    %assign/vec4 v00000250a0dad020_0, 0;
T_17.28 ;
T_17.27 ;
    %vpi_func 3 316 "$urandom" 32 {0 0 0};
    %pad/u 1;
    %assign/vec4 v00000250a0dabcc0_0, 0;
    %wait E_00000250a0d363d0;
    %jmp T_17.16;
T_17.17 ;
    %vpi_call/w 3 321 "$display", "*** Draining the results" {0 0 0};
    %pushi/vec4 1, 0, 1;
    %assign/vec4 v00000250a0dabcc0_0, 0;
    %pushi/vec4 11, 0, 32;
T_17.30 %dup/vec4;
    %pushi/vec4 0, 0, 32;
    %cmp/s;
    %jmp/1xz T_17.31, 5;
    %jmp/1 T_17.31, 4;
    %pushi/vec4 1, 0, 32;
    %sub;
    %wait E_00000250a0d363d0;
    %jmp T_17.30;
T_17.31 ;
    %pop/vec4 1;
    %vpi_call/w 3 326 "$display", "PASS %s", "./testbench.sv" {0 0 0};
    %vpi_call/w 3 327 "$finish" {0 0 0};
    %end;
    .thread T_17;
    .scope S_00000250a0d4ad20;
T_18 ;
    %wait E_00000250a0d363d0;
    %load/vec4 v00000250a0dad0c0_0;
    %flag_set/vec4 8;
    %jmp/0xz  T_18.0, 8;
    %pushi/vec4 0, 0, 4;
    %assign/vec4 v00000250a0dab360_0, 0;
    %jmp T_18.1;
T_18.0 ;
    %load/vec4 v00000250a0dac1c0_0;
    %load/vec4 v00000250a0dab400_0;
    %and;
    %flag_set/vec4 8;
    %jmp/0xz  T_18.2, 8;
    %vpi_func 3 337 "$urandom" 32 {0 0 0};
    %pad/u 4;
    %assign/vec4 v00000250a0dab360_0, 0;
T_18.2 ;
T_18.1 ;
    %jmp T_18;
    .thread T_18;
    .scope S_00000250a0d4ad20;
T_19 ;
    %wait E_00000250a0d363d0;
    %load/vec4 v00000250a0dad0c0_0;
    %flag_set/vec4 8;
    %jmp/0xz  T_19.0, 8;
    %pushi/vec4 0, 0, 4;
    %assign/vec4 v00000250a0dac8a0_0, 0;
    %jmp T_19.1;
T_19.0 ;
    %load/vec4 v00000250a0dad020_0;
    %load/vec4 v00000250a0dabb80_0;
    %and;
    %flag_set/vec4 8;
    %jmp/0xz  T_19.2, 8;
    %vpi_func 3 343 "$urandom" 32 {0 0 0};
    %pad/u 4;
    %assign/vec4 v00000250a0dac8a0_0, 0;
T_19.2 ;
T_19.1 ;
    %jmp T_19;
    .thread T_19;
# The file index is used to find the file name in the following table.
:file_names 7;
    "N/A";
    "<interactive>";
    "-";
    "./testbench.sv";
    "./a_plus_b_using_fifos.sv";
    "./ff_fifo_wrapped_in_valid_ready.sv";
    "./flip_flop_fifo.sv";
