#! /c/Source/iverilog-install/bin/vvp
:ivl_version "12.0 (devel)" "(s20150603-1539-g2693dd32b)";
:ivl_delay_selection "TYPICAL";
:vpi_time_precision + 0;
:vpi_module "C:\iverilog\lib\ivl\system.vpi";
:vpi_module "C:\iverilog\lib\ivl\vhdl_sys.vpi";
:vpi_module "C:\iverilog\lib\ivl\vhdl_textio.vpi";
:vpi_module "C:\iverilog\lib\ivl\v2005_math.vpi";
:vpi_module "C:\iverilog\lib\ivl\va_math.vpi";
:vpi_module "C:\iverilog\lib\ivl\v2009.vpi";
S_000002ac14873d70 .scope package, "$unit" "$unit" 2 1;
 .timescale 0 0;
S_000002ac148d6970 .scope module, "testbench" "testbench" 3 1;
 .timescale 0 0;
S_000002ac14897f20 .scope module, "tb_1" "testbench_1" 3 3, 4 1 0, S_000002ac148d6970;
 .timescale 0 0;
P_000002ac148d3a80 .param/l "data_ptr_width" 1 4 5, +C4<00000000000000000000000000000010>;
P_000002ac148d3ab8 .param/l "n_inputs" 1 4 4, +C4<00000000000000000000000000000100>;
P_000002ac148d3af0 .param/l "width" 1 4 3, +C4<00000000000000000000000000010000>;
v000002ac148be7a0_0 .var "clk", 0 0;
v000002ac149210b0_0 .var "current_data", 15 0;
v000002ac14920070_0 .var/queue "data_in_queue", 16;
v000002ac1491fe90_0 .var/queue "data_out_queue", 16;
v000002ac14920110_0 .var "data_ptr", 1 0;
v000002ac14921a10_0 .var "delays", 14 0;
o000002ac148e26d8 .functor BUFZ 16, C4<zzzzzzzzzzzzzzzz>; HiZ drive
v000002ac1491fd50_0 .net "down_data", 15 0, o000002ac148e26d8;  0 drivers
o000002ac148e2708 .functor BUFZ 1, C4<z>; HiZ drive
v000002ac1491fdf0_0 .net "down_vld", 0 0, o000002ac148e2708;  0 drivers
v000002ac14921470_0 .var "is_test_fail", 0 0;
v000002ac149213d0_0 .var "res", 15 0;
v000002ac149207f0_0 .var "res_expected", 15 0;
v000002ac14921330_0 .var "ring_one", 3 0;
v000002ac14921150_0 .var "rst", 0 0;
v000002ac14921650_0 .var "running", 0 0;
v000002ac149201b0_0 .net "up_data", 63 0, L_000002ac1492be20;  1 drivers
v000002ac1491ff30_0 .net "up_vlds", 3 0, L_000002ac1492c960;  1 drivers
E_000002ac148da3d0 .event anyedge, v000002ac14921650_0;
E_000002ac148da410 .event anyedge, v000002ac14921650_0, v000002ac14920110_0;
E_000002ac148db290 .event "finish";
E_000002ac148db150 .event "all_combination_done";
L_000002ac14920bb0 .part v000002ac14921330_0, 0, 1;
L_000002ac14920f70 .part v000002ac14921a10_0, 0, 2;
L_000002ac1492bec0 .part v000002ac14921330_0, 1, 1;
L_000002ac1492c500 .part v000002ac14921a10_0, 3, 2;
L_000002ac1492cd20 .part v000002ac14921330_0, 2, 1;
L_000002ac1492db80 .part v000002ac14921a10_0, 6, 2;
L_000002ac1492c820 .part v000002ac14921330_0, 3, 1;
L_000002ac1492c8c0 .part v000002ac14921a10_0, 9, 2;
L_000002ac1492c960 .concat8 [ 1 1 1 1], v000002ac148c9500_0, v000002ac148c8a60_0, v000002ac148bf060_0, v000002ac148be700_0;
L_000002ac1492be20 .concat8 [ 16 16 16 16], v000002ac148c9820_0, v000002ac148c9460_0, v000002ac148c8e20_0, v000002ac148be520_0;
S_000002ac148980b0 .scope begin, "$ivl_for_loop0" "$ivl_for_loop0" 4 109, 4 109 0, S_000002ac14897f20;
 .timescale 0 0;
v000002ac148c8ba0_0 .var/2s "i", 31 0;
S_000002ac1487c370 .scope begin, "$ivl_for_loop1" "$ivl_for_loop1" 4 215, 4 215 0, S_000002ac14897f20;
 .timescale 0 0;
v000002ac148c9be0_0 .var/2s "l", 31 0;
S_000002ac1487c500 .scope module, "DUT" "put_in_order" 4 15, 5 1 0, S_000002ac14897f20;
 .timescale 0 0;
    .port_info 0 /INPUT 1 "clk";
    .port_info 1 /INPUT 1 "rst";
    .port_info 2 /INPUT 4 "up_vlds";
    .port_info 3 /INPUT 64 "up_data";
    .port_info 4 /OUTPUT 1 "down_vld";
    .port_info 5 /OUTPUT 16 "down_data";
P_000002ac1482a7e0 .param/l "n_inputs" 0 5 4, +C4<00000000000000000000000000000100>;
P_000002ac1482a818 .param/l "width" 0 5 3, +C4<00000000000000000000000000010000>;
v000002ac148ca2c0_0 .net "clk", 0 0, v000002ac148be7a0_0;  1 drivers
v000002ac148c8ce0_0 .net "down_data", 15 0, o000002ac148e26d8;  alias, 0 drivers
v000002ac148c9640_0 .net "down_vld", 0 0, o000002ac148e2708;  alias, 0 drivers
v000002ac148ca040_0 .net "rst", 0 0, v000002ac14921150_0;  1 drivers
v000002ac148ca0e0_0 .net "up_data", 63 0, L_000002ac1492be20;  alias, 1 drivers
v000002ac148c9c80_0 .net "up_vlds", 3 0, L_000002ac1492c960;  alias, 1 drivers
S_000002ac14875350 .scope generate, "input_generator[0]" "input_generator[0]" 4 129, 4 129 0, S_000002ac14897f20;
 .timescale 0 0;
P_000002ac148dac50 .param/l "i" 0 4 129, +C4<00>;
S_000002ac148754e0 .scope module, "r_delay" "delay_data_model" 4 131, 6 10 0, S_000002ac14875350;
 .timescale 0 0;
    .port_info 0 /INPUT 1 "clk";
    .port_info 1 /INPUT 1 "rst";
    .port_info 2 /INPUT 1 "vld_in";
    .port_info 3 /INPUT 2 "out_delay";
    .port_info 4 /INPUT 16 "data_in";
    .port_info 5 /OUTPUT 1 "vld_out";
    .port_info 6 /OUTPUT 16 "data_out";
P_000002ac148432f0 .param/l "delay_width" 0 6 14, +C4<00000000000000000000000000000010>;
P_000002ac14843328 .param/l "n_inputs" 0 6 13, +C4<00000000000000000000000000000100>;
P_000002ac14843360 .param/l "width" 0 6 12, +C4<00000000000000000000000000010000>;
v000002ac148ca220_0 .net *"_ivl_15", 0 0, L_000002ac14920b10;  1 drivers
v000002ac148c9140_0 .net *"_ivl_2", 0 0, L_000002ac14920ed0;  1 drivers
v000002ac148c9e60_0 .net "clk", 0 0, v000002ac148be7a0_0;  alias, 1 drivers
v000002ac148c8880_0 .net "data_in", 15 0, v000002ac149210b0_0;  1 drivers
v000002ac148c87e0_0 .var "data_lock", 15 0;
v000002ac148c9820_0 .var "data_out", 15 0;
v000002ac148c9d20_0 .var "delay", 1 0;
v000002ac148c9dc0_0 .net "out_delay", 1 0, L_000002ac14920f70;  1 drivers
v000002ac148c8560_0 .var "ready", 0 0;
v000002ac148c89c0_0 .net "rst", 0 0, v000002ac14921150_0;  alias, 1 drivers
v000002ac148c9f00_0 .net "vld_in", 0 0, L_000002ac14920bb0;  1 drivers
v000002ac148c9500_0 .var "vld_out", 0 0;
E_000002ac148da790 .event posedge, v000002ac148ca2c0_0;
E_000002ac148db1d0 .event anyedge, L_000002ac14920b10;
E_000002ac148da850 .event anyedge, L_000002ac14920ed0;
E_000002ac148dae50 .event "delay_done";
L_000002ac14920ed0 .reduce/nor v000002ac14921150_0;
L_000002ac14920b10 .reduce/nor v000002ac14921150_0;
S_000002ac14842d20 .scope generate, "input_generator[1]" "input_generator[1]" 4 129, 4 129 0, S_000002ac14897f20;
 .timescale 0 0;
P_000002ac148dad90 .param/l "i" 0 4 129, +C4<01>;
S_000002ac14842eb0 .scope module, "r_delay" "delay_data_model" 4 131, 6 10 0, S_000002ac14842d20;
 .timescale 0 0;
    .port_info 0 /INPUT 1 "clk";
    .port_info 1 /INPUT 1 "rst";
    .port_info 2 /INPUT 1 "vld_in";
    .port_info 3 /INPUT 2 "out_delay";
    .port_info 4 /INPUT 16 "data_in";
    .port_info 5 /OUTPUT 1 "vld_out";
    .port_info 6 /OUTPUT 16 "data_out";
P_000002ac148d2dd0 .param/l "delay_width" 0 6 14, +C4<00000000000000000000000000000010>;
P_000002ac148d2e08 .param/l "n_inputs" 0 6 13, +C4<00000000000000000000000000000100>;
P_000002ac148d2e40 .param/l "width" 0 6 12, +C4<00000000000000000000000000010000>;
v000002ac148c8600_0 .net *"_ivl_15", 0 0, L_000002ac14921010;  1 drivers
v000002ac148c90a0_0 .net *"_ivl_2", 0 0, L_000002ac14921830;  1 drivers
v000002ac148c86a0_0 .net "clk", 0 0, v000002ac148be7a0_0;  alias, 1 drivers
v000002ac148c9320_0 .net "data_in", 15 0, v000002ac149210b0_0;  alias, 1 drivers
v000002ac148c93c0_0 .var "data_lock", 15 0;
v000002ac148c9460_0 .var "data_out", 15 0;
v000002ac148c96e0_0 .var "delay", 1 0;
v000002ac148c8740_0 .net "out_delay", 1 0, L_000002ac1492c500;  1 drivers
v000002ac148ca180_0 .var "ready", 0 0;
v000002ac148c8920_0 .net "rst", 0 0, v000002ac14921150_0;  alias, 1 drivers
v000002ac148c8d80_0 .net "vld_in", 0 0, L_000002ac1492bec0;  1 drivers
v000002ac148c8a60_0 .var "vld_out", 0 0;
E_000002ac148da450 .event anyedge, L_000002ac14921010;
E_000002ac148dac10 .event anyedge, L_000002ac14921830;
E_000002ac148daad0 .event "delay_done";
L_000002ac14921830 .reduce/nor v000002ac14921150_0;
L_000002ac14921010 .reduce/nor v000002ac14921150_0;
S_000002ac14843040 .scope generate, "input_generator[2]" "input_generator[2]" 4 129, 4 129 0, S_000002ac14897f20;
 .timescale 0 0;
P_000002ac148da7d0 .param/l "i" 0 4 129, +C4<010>;
S_000002ac1491f6c0 .scope module, "r_delay" "delay_data_model" 4 131, 6 10 0, S_000002ac14843040;
 .timescale 0 0;
    .port_info 0 /INPUT 1 "clk";
    .port_info 1 /INPUT 1 "rst";
    .port_info 2 /INPUT 1 "vld_in";
    .port_info 3 /INPUT 2 "out_delay";
    .port_info 4 /INPUT 16 "data_in";
    .port_info 5 /OUTPUT 1 "vld_out";
    .port_info 6 /OUTPUT 16 "data_out";
P_000002ac148c5930 .param/l "delay_width" 0 6 14, +C4<00000000000000000000000000000010>;
P_000002ac148c5968 .param/l "n_inputs" 0 6 13, +C4<00000000000000000000000000000100>;
P_000002ac148c59a0 .param/l "width" 0 6 12, +C4<00000000000000000000000000010000>;
v000002ac148c95a0_0 .net *"_ivl_15", 0 0, L_000002ac1492d5e0;  1 drivers
v000002ac148c9a00_0 .net *"_ivl_2", 0 0, L_000002ac1492d360;  1 drivers
v000002ac148c91e0_0 .net "clk", 0 0, v000002ac148be7a0_0;  alias, 1 drivers
v000002ac148c9780_0 .net "data_in", 15 0, v000002ac149210b0_0;  alias, 1 drivers
v000002ac148c8b00_0 .var "data_lock", 15 0;
v000002ac148c8e20_0 .var "data_out", 15 0;
v000002ac148c98c0_0 .var "delay", 1 0;
v000002ac148c8ec0_0 .net "out_delay", 1 0, L_000002ac1492db80;  1 drivers
v000002ac148c8f60_0 .var "ready", 0 0;
v000002ac148c9000_0 .net "rst", 0 0, v000002ac14921150_0;  alias, 1 drivers
v000002ac148beca0_0 .net "vld_in", 0 0, L_000002ac1492cd20;  1 drivers
v000002ac148bf060_0 .var "vld_out", 0 0;
E_000002ac148dac90 .event anyedge, L_000002ac1492d5e0;
E_000002ac148da990 .event anyedge, L_000002ac1492d360;
E_000002ac148db190 .event "delay_done";
L_000002ac1492d360 .reduce/nor v000002ac14921150_0;
L_000002ac1492d5e0 .reduce/nor v000002ac14921150_0;
S_000002ac1491f850 .scope generate, "input_generator[3]" "input_generator[3]" 4 129, 4 129 0, S_000002ac14897f20;
 .timescale 0 0;
P_000002ac148dad50 .param/l "i" 0 4 129, +C4<011>;
S_000002ac1491f9e0 .scope module, "r_delay" "delay_data_model" 4 131, 6 10 0, S_000002ac1491f850;
 .timescale 0 0;
    .port_info 0 /INPUT 1 "clk";
    .port_info 1 /INPUT 1 "rst";
    .port_info 2 /INPUT 1 "vld_in";
    .port_info 3 /INPUT 2 "out_delay";
    .port_info 4 /INPUT 16 "data_in";
    .port_info 5 /OUTPUT 1 "vld_out";
    .port_info 6 /OUTPUT 16 "data_out";
P_000002ac14873f00 .param/l "delay_width" 0 6 14, +C4<00000000000000000000000000000010>;
P_000002ac14873f38 .param/l "n_inputs" 0 6 13, +C4<00000000000000000000000000000100>;
P_000002ac14873f70 .param/l "width" 0 6 12, +C4<00000000000000000000000000010000>;
v000002ac148bf100_0 .net *"_ivl_15", 0 0, L_000002ac1492da40;  1 drivers
v000002ac148bed40_0 .net *"_ivl_2", 0 0, L_000002ac1492c640;  1 drivers
v000002ac148be8e0_0 .net "clk", 0 0, v000002ac148be7a0_0;  alias, 1 drivers
v000002ac148be3e0_0 .net "data_in", 15 0, v000002ac149210b0_0;  alias, 1 drivers
v000002ac148bee80_0 .var "data_lock", 15 0;
v000002ac148be520_0 .var "data_out", 15 0;
v000002ac148bef20_0 .var "delay", 1 0;
v000002ac148bf1a0_0 .net "out_delay", 1 0, L_000002ac1492c8c0;  1 drivers
v000002ac148be340_0 .var "ready", 0 0;
v000002ac148be480_0 .net "rst", 0 0, v000002ac14921150_0;  alias, 1 drivers
v000002ac148be5c0_0 .net "vld_in", 0 0, L_000002ac1492c820;  1 drivers
v000002ac148be700_0 .var "vld_out", 0 0;
E_000002ac148da810 .event anyedge, L_000002ac1492da40;
E_000002ac148da510 .event anyedge, L_000002ac1492c640;
E_000002ac148da550 .event "delay_done";
L_000002ac1492c640 .reduce/nor v000002ac14921150_0;
L_000002ac1492da40 .reduce/nor v000002ac14921150_0;
S_000002ac1491fb70 .scope task, "reset" "reset" 4 39, 4 39 0, S_000002ac14897f20;
 .timescale 0 0;
TD_testbench.tb_1.reset ;
    %pushi/vec4 1, 1, 1;
    %assign/vec4 v000002ac14921150_0, 0;
    %pushi/vec4 3, 0, 32;
T_0.0 %dup/vec4;
    %pushi/vec4 0, 0, 32;
    %cmp/s;
    %jmp/1xz T_0.1, 5;
    %jmp/1 T_0.1, 4;
    %pushi/vec4 1, 0, 32;
    %sub;
    %wait E_000002ac148da790;
    %jmp T_0.0;
T_0.1 ;
    %pop/vec4 1;
    %pushi/vec4 1, 0, 1;
    %assign/vec4 v000002ac14921150_0, 0;
    %pushi/vec4 3, 0, 32;
T_0.2 %dup/vec4;
    %pushi/vec4 0, 0, 32;
    %cmp/s;
    %jmp/1xz T_0.3, 5;
    %jmp/1 T_0.3, 4;
    %pushi/vec4 1, 0, 32;
    %sub;
    %wait E_000002ac148da790;
    %jmp T_0.2;
T_0.3 ;
    %pop/vec4 1;
    %pushi/vec4 0, 0, 1;
    %assign/vec4 v000002ac14921150_0, 0;
    %end;
S_000002ac14942010 .scope module, "tb_2" "testbench_2" 3 4, 7 3 0, S_000002ac148d6970;
 .timescale 0 0;
P_000002ac14942e70 .param/l "TIMEOUT" 1 7 219, +C4<00000000000000000010011100010000>;
P_000002ac14942ea8 .param/l "latency_width" 1 7 103, +C4<00000000000000000000000000000100>;
P_000002ac14942ee0 .param/l "max_latency" 1 7 104, C4<1010>;
P_000002ac14942f18 .param/l "max_ptr" 1 7 101, C4<1001>;
P_000002ac14942f50 .param/l "n_inputs" 1 7 38, +C4<00000000000000000000000000001010>;
P_000002ac14942f88 .param/l "ptr_width" 1 7 100, +C4<00000000000000000000000000000100>;
P_000002ac14942fc0 .param/l "width" 1 7 38, +C4<00000000000000000000000000001000>;
v000002ac149218d0_0 .var "clk", 0 0;
v000002ac14920a70_0 .var/2u "counter", 31 0;
v000002ac149202f0_0 .var/2u "cycle", 31 0;
o000002ac148e36f8 .functor BUFZ 8, C4<zzzzzzzz>; HiZ drive
v000002ac14920930_0 .net "down_data", 7 0, o000002ac148e36f8;  0 drivers
v000002ac14920390_0 .var "down_data_expected", 7 0;
o000002ac148e3728 .functor BUFZ 1, C4<z>; HiZ drive
v000002ac14920570_0 .net "down_vld", 0 0, o000002ac148e3728;  0 drivers
v000002ac14921790_0 .var "pending", 9 0;
v000002ac1491ffd0_0 .var "pending_data", 79 0;
v000002ac14920430_0 .var "pending_data_for_log", 79 0;
v000002ac14921970_0 .var "pending_for_log", 9 0;
v000002ac14920610_0 .var "pending_latency", 39 0;
v000002ac14920d90_0 .var "ptr", 3 0;
v000002ac14920e30_0 .var/queue "queue", 8;
v000002ac149206b0_0 .var "rst", 0 0;
v000002ac14920750_0 .var "up_data", 79 0;
v000002ac14920890_0 .var "up_vlds", 9 0;
v000002ac149209d0_0 .var/2u "was_reset", 0 0;
S_000002ac14942b50 .scope begin, "$ivl_for_loop5" "$ivl_for_loop5" 7 188, 7 188 0, S_000002ac14942010;
 .timescale 0 0;
v000002ac14920c50_0 .var/2s "i", 31 0;
S_000002ac14943000 .scope begin, "$ivl_for_loop6" "$ivl_for_loop6" 7 198, 7 198 0, S_000002ac14942010;
 .timescale 0 0;
v000002ac149215b0_0 .var/2s "i", 31 0;
S_000002ac14942510 .scope module, "i_put_in_order" "put_in_order" 7 53, 5 1 0, S_000002ac14942010;
 .timescale 0 0;
    .port_info 0 /INPUT 1 "clk";
    .port_info 1 /INPUT 1 "rst";
    .port_info 2 /INPUT 10 "up_vlds";
    .port_info 3 /INPUT 80 "up_data";
    .port_info 4 /OUTPUT 1 "down_vld";
    .port_info 5 /OUTPUT 8 "down_data";
P_000002ac148293e0 .param/l "n_inputs" 0 5 4, +C4<00000000000000000000000000001010>;
P_000002ac14829418 .param/l "width" 0 5 3, +C4<00000000000000000000000000001000>;
v000002ac14921290_0 .net "clk", 0 0, v000002ac149218d0_0;  1 drivers
v000002ac14921ab0_0 .net "down_data", 7 0, o000002ac148e36f8;  alias, 0 drivers
v000002ac149216f0_0 .net "down_vld", 0 0, o000002ac148e3728;  alias, 0 drivers
v000002ac14921b50_0 .net "rst", 0 0, v000002ac149206b0_0;  1 drivers
v000002ac149211f0_0 .net "up_data", 79 0, v000002ac14920750_0;  1 drivers
v000002ac149204d0_0 .net "up_vlds", 9 0, v000002ac14920890_0;  1 drivers
S_000002ac14942ce0 .scope task, "receive" "receive" 7 60, 7 60 0, S_000002ac14942010;
 .timescale 0 0;
E_000002ac148da590 .event posedge, v000002ac14921290_0;
TD_testbench.tb_2.receive ;
T_1.4 ;
    %wait E_000002ac148da590;
    %load/vec4 v000002ac14920570_0;
    %flag_set/vec4 8;
    %jmp/0xz  T_1.5, 8;
    %vpi_func 7 68 "$size" 32, v000002ac14920e30_0 {0 0 0};
    %cmpi/e 0, 0, 32;
    %jmp/0xz  T_1.7, 4;
    %vpi_call/w 7 70 "$display", "FAIL %s", "06_07_put_in_order/testbench_2.sv" {0 0 0};
    %vpi_func 7 73 "$size" 32, v000002ac14920e30_0 {0 0 0};
    %vpi_func/s 7 73 "$sformatf", "queue.size ():%0d", S<0,vec4,s32> {1 0 0};
    %vpi_call/w 7 72 "$display", "++ TEST     => {%s}", S<0,str> {0 0 1};
    %vpi_call/w 7 75 "$finish", 32'sb00000000000000000000000000000001 {0 0 0};
    %jmp T_1.8;
T_1.7 ;
    %qpop/f/v v000002ac14920e30_0, 8;
    %store/vec4 v000002ac14920390_0, 0, 8;
    %load/vec4 v000002ac14920930_0;
    %load/vec4 v000002ac14920390_0;
    %cmp/ne;
    %jmp/0xz  T_1.9, 6;
    %vpi_call/w 7 83 "$display", "FAIL %s", "06_07_put_in_order/testbench_2.sv" {0 0 0};
    %vpi_func/s 7 86 "$sformatf", "down_data:%h", v000002ac14920930_0 {0 0 0};
    %vpi_func/s 7 86 "$sformatf", "down_data_expected:%h", v000002ac14920390_0 {0 0 0};
    %vpi_call/w 7 85 "$display", "++ TEST     => {%s, %s}", S<1,str>, S<0,str> {0 0 2};
    %vpi_call/w 7 88 "$finish", 32'sb00000000000000000000000000000001 {0 0 0};
T_1.9 ;
T_1.8 ;
T_1.5 ;
    %jmp T_1.4;
    %end;
S_000002ac149421f0 .scope task, "run" "run" 7 221, 7 221 0, S_000002ac14942010;
 .timescale 0 0;
E_000002ac148da9d0 .event negedge, v000002ac14921b50_0;
TD_testbench.tb_2.run ;
    %wait E_000002ac148da9d0;
    %fork t_1, S_000002ac149421f0;
    %fork t_2, S_000002ac149421f0;
    %fork t_3, S_000002ac149421f0;
    %join;
    %join/detach 2;
    %jmp t_0;
t_1 ;
    %pushi/vec4 1000, 0, 32;
    %store/vec4 v000002ac14921510_0, 0, 32;
    %fork TD_testbench.tb_2.send, S_000002ac149426a0;
    %join;
    %end;
t_2 ;
    %fork TD_testbench.tb_2.receive, S_000002ac14942ce0;
    %join;
    %end;
t_3 ;
    %pushi/vec4 10000, 0, 32;
T_2.11 %dup/vec4;
    %pushi/vec4 0, 0, 32;
    %cmp/s;
    %jmp/1xz T_2.12, 5;
    %jmp/1 T_2.12, 4;
    %pushi/vec4 1, 0, 32;
    %sub;
    %wait E_000002ac148da590;
    %jmp T_2.11;
T_2.12 ;
    %pop/vec4 1;
    %vpi_call/w 7 238 "$display", "FAIL: timeout!" {0 0 0};
    %vpi_call/w 7 239 "$finish", 32'sb00000000000000000000000000000001 {0 0 0};
    %end;
    .scope S_000002ac149421f0;
t_0 ;
    %vpi_call/w 7 243 "$display", "\012PASS %s", "06_07_put_in_order/testbench_2.sv" {0 0 0};
    %end;
S_000002ac149426a0 .scope task, "send" "send" 7 115, 7 115 0, S_000002ac14942010;
 .timescale 0 0;
v000002ac14921510_0 .var/2s "n_reps", 31 0;
TD_testbench.tb_2.send ;
    %pushi/vec4 0, 0, 4;
    %store/vec4 v000002ac14920d90_0, 0, 4;
    %pushi/vec4 0, 0, 10;
    %store/vec4 v000002ac14921790_0, 0, 10;
    %fork t_5, S_000002ac14942380;
    %jmp t_4;
    .scope S_000002ac14942380;
t_5 ;
    %pushi/vec4 0, 0, 32;
    %store/vec4 v000002ac14920250_0, 0, 32;
T_3.13 ;
    %load/vec4 v000002ac14920250_0;
    %load/vec4 v000002ac14921510_0;
    %cmp/s;
    %jmp/1 T_3.15, 5;
    %flag_mov 8, 5;
    %load/vec4 v000002ac14921790_0;
    %cmpi/ne 0, 0, 10;
    %flag_or 4, 8;
    %flag_mov 5, 4;
T_3.15;
    %jmp/0xz T_3.14, 5;
    %fork t_7, S_000002ac14942830;
    %jmp t_6;
    .scope S_000002ac14942830;
t_7 ;
    %pushi/vec4 0, 0, 32;
    %store/vec4 v000002ac14921bf0_0, 0, 32;
T_3.16 ;
    %load/vec4 v000002ac14921bf0_0;
    %cmpi/s 10, 0, 32;
    %jmp/0xz T_3.17, 5;
    %load/vec4 v000002ac14920610_0;
    %load/vec4 v000002ac14921bf0_0;
    %pad/s 34;
    %muli 4, 0, 34;
    %part/s 4;
    %pad/u 32;
    %cmpi/u 0, 0, 32;
    %flag_or 5, 4; GT is !LE
    %flag_inv 5;
    %jmp/0xz  T_3.18, 5;
    ; show_stmt_assign_vector: Get l-value for compressed -= operand
    %load/vec4 v000002ac14920610_0;
    %load/vec4 v000002ac14921bf0_0;
    %pad/s 34;
    %muli 4, 0, 34;
    %dup/vec4;
    %ix/vec4 4;
    %flag_mov 8, 4;
    %part/u 4;
    %pushi/vec4 1, 0, 4;
    %sub;
    %flag_mov 4, 8;
    %store/vec4 v000002ac14920610_0, 4, 4;
T_3.18 ;
    ; show_stmt_assign_vector: Get l-value for compressed += operand
    %load/vec4 v000002ac14921bf0_0;
    %pushi/vec4 1, 0, 32;
    %add;
    %cast2;
    %store/vec4 v000002ac14921bf0_0, 0, 32;
    %jmp T_3.16;
T_3.17 ;
    %end;
    .scope S_000002ac14942380;
t_6 %join;
    %vpi_func 7 128 "$urandom_range" 32, 32'sb00000000000000000000000000000000, 32'sb00000000000000000000000001100100 {0 0 0};
    %cmpi/u 80, 0, 32;
    %jmp/0xz  T_3.20, 5;
    %load/vec4 v000002ac14921790_0;
    %load/vec4 v000002ac14920d90_0;
    %part/u 1;
    %inv;
    %flag_set/vec4 8;
    %jmp/0xz  T_3.22, 8;
    %jmp T_3.23;
T_3.22 ;
    %vpi_call/w 7 130 "$error" {0 0 0};
T_3.23 ;
    %pushi/vec4 1, 0, 1;
    %ix/getv 4, v000002ac14920d90_0;
    %store/vec4 v000002ac14921790_0, 4, 1;
    %load/vec4 v000002ac14920a70_0;
    %cmpi/u 30, 0, 32;
    %jmp/0xz  T_3.24, 5;
    %load/vec4 v000002ac14920a70_0;
    %dup/vec4;
    %pushi/vec4 1, 0, 32;
    %add;
    %store/vec4 v000002ac14920a70_0, 0, 32;
    %pad/u 8;
    %load/vec4 v000002ac14920d90_0;
    %pad/u 7;
    %muli 8, 0, 7;
    %ix/vec4 4;
    %store/vec4 v000002ac1491ffd0_0, 4, 8;
    %jmp T_3.25;
T_3.24 ;
    %vpi_func 7 137 "$urandom" 32 {0 0 0};
    %pad/u 8;
    %load/vec4 v000002ac14920d90_0;
    %pad/u 7;
    %muli 8, 0, 7;
    %ix/vec4 4;
    %store/vec4 v000002ac1491ffd0_0, 4, 8;
T_3.25 ;
    %vpi_func 7 139 "$urandom_range" 32, 32'sb00000000000000000000000000000000, 32'b00000000000000000000000000001001 {0 0 0};
    %pad/u 4;
    %load/vec4 v000002ac14920d90_0;
    %pad/u 6;
    %muli 4, 0, 6;
    %ix/vec4 4;
    %store/vec4 v000002ac14920610_0, 4, 4;
    %ix/load 4, 0, 0;
    %load/vec4 v000002ac1491ffd0_0;
    %load/vec4 v000002ac14920d90_0;
    %pad/u 7;
    %muli 8, 0, 7;
    %part/u 8;
    %store/qb/v v000002ac14920e30_0, 4, 8;
    %load/vec4 v000002ac14920d90_0;
    %cmpi/e 9, 0, 4;
    %jmp/0xz  T_3.26, 4;
    %pushi/vec4 0, 0, 4;
    %store/vec4 v000002ac14920d90_0, 0, 4;
    %jmp T_3.27;
T_3.26 ;
    ; show_stmt_assign_vector: Get l-value for compressed += operand
    %load/vec4 v000002ac14920d90_0;
    %pushi/vec4 1, 0, 4;
    %add;
    %store/vec4 v000002ac14920d90_0, 0, 4;
T_3.27 ;
T_3.20 ;
    %pushi/vec4 0, 0, 10;
    %assign/vec4 v000002ac14920890_0, 0;
    %pushi/vec4 4294967295, 4294967295, 32;
    %concati/vec4 4294967295, 4294967295, 32;
    %concati/vec4 65535, 65535, 16;
    %assign/vec4 v000002ac14920750_0, 0;
    %fork t_9, S_000002ac149429c0;
    %jmp t_8;
    .scope S_000002ac149429c0;
t_9 ;
    %pushi/vec4 0, 0, 32;
    %store/vec4 v000002ac14920cf0_0, 0, 32;
T_3.28 ;
    %load/vec4 v000002ac14920cf0_0;
    %cmpi/s 10, 0, 32;
    %jmp/0xz T_3.29, 5;
    %load/vec4 v000002ac14921790_0;
    %load/vec4 v000002ac14920cf0_0;
    %part/s 1;
    %flag_set/vec4 9;
    %flag_get/vec4 9;
    %jmp/0 T_3.32, 9;
    %load/vec4 v000002ac14920610_0;
    %load/vec4 v000002ac14920cf0_0;
    %pad/s 34;
    %muli 4, 0, 34;
    %part/s 4;
    %pad/u 32;
    %pushi/vec4 0, 0, 32;
    %cmp/e;
    %flag_get/vec4 4;
    %and;
T_3.32;
    %flag_set/vec4 8;
    %jmp/0xz  T_3.30, 8;
    %pushi/vec4 0, 0, 1;
    %ix/getv/s 4, v000002ac14920cf0_0;
    %store/vec4 v000002ac14921790_0, 4, 1;
    %pushi/vec4 1, 0, 1;
    %ix/load 5, 0, 0;
    %ix/getv/s 4, v000002ac14920cf0_0;
    %assign/vec4/off/d v000002ac14920890_0, 4, 5;
    %load/vec4 v000002ac1491ffd0_0;
    %load/vec4 v000002ac14920cf0_0;
    %pad/s 35;
    %muli 8, 0, 35;
    %part/s 8;
    %ix/load 5, 0, 0;
    %load/vec4 v000002ac14920cf0_0;
    %pad/s 35;
    %muli 8, 0, 35;
    %ix/vec4/s 4;
    %assign/vec4/off/d v000002ac14920750_0, 4, 5;
T_3.30 ;
    ; show_stmt_assign_vector: Get l-value for compressed += operand
    %load/vec4 v000002ac14920cf0_0;
    %pushi/vec4 1, 0, 32;
    %add;
    %cast2;
    %store/vec4 v000002ac14920cf0_0, 0, 32;
    %jmp T_3.28;
T_3.29 ;
    %end;
    .scope S_000002ac14942380;
t_8 %join;
    %load/vec4 v000002ac14921790_0;
    %assign/vec4 v000002ac14921970_0, 0;
    %load/vec4 v000002ac1491ffd0_0;
    %assign/vec4 v000002ac14920430_0, 0;
    %wait E_000002ac148da590;
    ; show_stmt_assign_vector: Get l-value for compressed += operand
    %load/vec4 v000002ac14920250_0;
    %pushi/vec4 1, 0, 32;
    %add;
    %cast2;
    %store/vec4 v000002ac14920250_0, 0, 32;
    %jmp T_3.13;
T_3.14 ;
    %end;
    .scope S_000002ac149426a0;
t_4 %join;
    %pushi/vec4 0, 0, 10;
    %assign/vec4 v000002ac14920890_0, 0;
    %pushi/vec4 4294967295, 4294967295, 32;
    %concati/vec4 4294967295, 4294967295, 32;
    %concati/vec4 65535, 65535, 16;
    %assign/vec4 v000002ac14920750_0, 0;
    %pushi/vec4 10, 0, 32;
T_3.33 %dup/vec4;
    %pushi/vec4 0, 0, 32;
    %cmp/s;
    %jmp/1xz T_3.34, 5;
    %jmp/1 T_3.34, 4;
    %pushi/vec4 1, 0, 32;
    %sub;
    %wait E_000002ac148da590;
    %jmp T_3.33;
T_3.34 ;
    %pop/vec4 1;
    %end;
S_000002ac14942380 .scope begin, "$ivl_for_loop2" "$ivl_for_loop2" 7 120, 7 120 0, S_000002ac149426a0;
 .timescale 0 0;
v000002ac14920250_0 .var/2s "rep", 31 0;
S_000002ac14942830 .scope begin, "$ivl_for_loop3" "$ivl_for_loop3" 7 122, 7 122 0, S_000002ac14942380;
 .timescale 0 0;
v000002ac14921bf0_0 .var/2s "i", 31 0;
S_000002ac149429c0 .scope begin, "$ivl_for_loop4" "$ivl_for_loop4" 7 151, 7 151 0, S_000002ac14942380;
 .timescale 0 0;
v000002ac14920cf0_0 .var/2s "i", 31 0;
    .scope S_000002ac148754e0;
T_4 ;
    %pushi/vec4 0, 0, 16;
    %assign/vec4 v000002ac148c87e0_0, 0;
    %pushi/vec4 0, 0, 2;
    %assign/vec4 v000002ac148c9d20_0, 0;
    %pushi/vec4 1, 0, 1;
    %assign/vec4 v000002ac148c8560_0, 0;
    %wait E_000002ac148da850;
T_4.0 ;
T_4.1 ;
    %load/vec4 v000002ac148c9f00_0;
    %inv;
    %flag_set/vec4 8;
    %jmp/0xz T_4.2, 8;
    %wait E_000002ac148da790;
    %jmp T_4.1;
T_4.2 ;
    %pushi/vec4 0, 0, 1;
    %assign/vec4 v000002ac148c8560_0, 0;
    %load/vec4 v000002ac148c8880_0;
    %assign/vec4 v000002ac148c87e0_0, 0;
    %load/vec4 v000002ac148c9dc0_0;
    %assign/vec4 v000002ac148c9d20_0, 0;
    %load/vec4 v000002ac148c9d20_0;
    %pad/u 32;
T_4.3 %dup/vec4;
    %pushi/vec4 0, 0, 32;
    %cmp/u;
    %jmp/1 T_4.4, 4;
    %pushi/vec4 1, 0, 32;
    %sub;
    %wait E_000002ac148da790;
    %jmp T_4.3;
T_4.4 ;
    %pop/vec4 1;
    %pushi/vec4 1, 0, 1;
    %assign/vec4 v000002ac148c8560_0, 0;
    %wait E_000002ac148da790;
    %event E_000002ac148dae50;
    %jmp T_4.0;
    %end;
    .thread T_4;
    .scope S_000002ac148754e0;
T_5 ;
    %pushi/vec4 0, 0, 1;
    %assign/vec4 v000002ac148c9500_0, 0;
    %pushi/vec4 0, 0, 16;
    %assign/vec4 v000002ac148c9820_0, 0;
    %wait E_000002ac148db1d0;
T_5.0 ;
    %wait E_000002ac148dae50;
    %pushi/vec4 1, 0, 1;
    %assign/vec4 v000002ac148c9500_0, 0;
    %load/vec4 v000002ac148c87e0_0;
    %assign/vec4 v000002ac148c9820_0, 0;
    %wait E_000002ac148da790;
    %pushi/vec4 0, 0, 1;
    %assign/vec4 v000002ac148c9500_0, 0;
    %jmp T_5.0;
    %end;
    .thread T_5;
    .scope S_000002ac148754e0;
T_6 ;
T_6.0 ;
    %wait E_000002ac148da790;
    %load/vec4 v000002ac148c9f00_0;
    %flag_set/vec4 9;
    %flag_get/vec4 9;
    %jmp/0 T_6.3, 9;
    %load/vec4 v000002ac148c8560_0;
    %nor/r;
    %and;
T_6.3;
    %flag_set/vec4 8;
    %jmp/0xz  T_6.1, 8;
    %vpi_call/w 6 78 "$warning", "Repeated vld_in when block in process. Current vld_in will be ignored. Time: ", $realtime {0 0 0};
T_6.1 ;
    %jmp T_6.0;
    %end;
    .thread T_6;
    .scope S_000002ac14842eb0;
T_7 ;
    %pushi/vec4 0, 0, 16;
    %assign/vec4 v000002ac148c93c0_0, 0;
    %pushi/vec4 0, 0, 2;
    %assign/vec4 v000002ac148c96e0_0, 0;
    %pushi/vec4 1, 0, 1;
    %assign/vec4 v000002ac148ca180_0, 0;
    %wait E_000002ac148dac10;
T_7.0 ;
T_7.1 ;
    %load/vec4 v000002ac148c8d80_0;
    %inv;
    %flag_set/vec4 8;
    %jmp/0xz T_7.2, 8;
    %wait E_000002ac148da790;
    %jmp T_7.1;
T_7.2 ;
    %pushi/vec4 0, 0, 1;
    %assign/vec4 v000002ac148ca180_0, 0;
    %load/vec4 v000002ac148c9320_0;
    %assign/vec4 v000002ac148c93c0_0, 0;
    %load/vec4 v000002ac148c8740_0;
    %assign/vec4 v000002ac148c96e0_0, 0;
    %load/vec4 v000002ac148c96e0_0;
    %pad/u 32;
T_7.3 %dup/vec4;
    %pushi/vec4 0, 0, 32;
    %cmp/u;
    %jmp/1 T_7.4, 4;
    %pushi/vec4 1, 0, 32;
    %sub;
    %wait E_000002ac148da790;
    %jmp T_7.3;
T_7.4 ;
    %pop/vec4 1;
    %pushi/vec4 1, 0, 1;
    %assign/vec4 v000002ac148ca180_0, 0;
    %wait E_000002ac148da790;
    %event E_000002ac148daad0;
    %jmp T_7.0;
    %end;
    .thread T_7;
    .scope S_000002ac14842eb0;
T_8 ;
    %pushi/vec4 0, 0, 1;
    %assign/vec4 v000002ac148c8a60_0, 0;
    %pushi/vec4 0, 0, 16;
    %assign/vec4 v000002ac148c9460_0, 0;
    %wait E_000002ac148da450;
T_8.0 ;
    %wait E_000002ac148daad0;
    %pushi/vec4 1, 0, 1;
    %assign/vec4 v000002ac148c8a60_0, 0;
    %load/vec4 v000002ac148c93c0_0;
    %assign/vec4 v000002ac148c9460_0, 0;
    %wait E_000002ac148da790;
    %pushi/vec4 0, 0, 1;
    %assign/vec4 v000002ac148c8a60_0, 0;
    %jmp T_8.0;
    %end;
    .thread T_8;
    .scope S_000002ac14842eb0;
T_9 ;
T_9.0 ;
    %wait E_000002ac148da790;
    %load/vec4 v000002ac148c8d80_0;
    %flag_set/vec4 9;
    %flag_get/vec4 9;
    %jmp/0 T_9.3, 9;
    %load/vec4 v000002ac148ca180_0;
    %nor/r;
    %and;
T_9.3;
    %flag_set/vec4 8;
    %jmp/0xz  T_9.1, 8;
    %vpi_call/w 6 78 "$warning", "Repeated vld_in when block in process. Current vld_in will be ignored. Time: ", $realtime {0 0 0};
T_9.1 ;
    %jmp T_9.0;
    %end;
    .thread T_9;
    .scope S_000002ac1491f6c0;
T_10 ;
    %pushi/vec4 0, 0, 16;
    %assign/vec4 v000002ac148c8b00_0, 0;
    %pushi/vec4 0, 0, 2;
    %assign/vec4 v000002ac148c98c0_0, 0;
    %pushi/vec4 1, 0, 1;
    %assign/vec4 v000002ac148c8f60_0, 0;
    %wait E_000002ac148da990;
T_10.0 ;
T_10.1 ;
    %load/vec4 v000002ac148beca0_0;
    %inv;
    %flag_set/vec4 8;
    %jmp/0xz T_10.2, 8;
    %wait E_000002ac148da790;
    %jmp T_10.1;
T_10.2 ;
    %pushi/vec4 0, 0, 1;
    %assign/vec4 v000002ac148c8f60_0, 0;
    %load/vec4 v000002ac148c9780_0;
    %assign/vec4 v000002ac148c8b00_0, 0;
    %load/vec4 v000002ac148c8ec0_0;
    %assign/vec4 v000002ac148c98c0_0, 0;
    %load/vec4 v000002ac148c98c0_0;
    %pad/u 32;
T_10.3 %dup/vec4;
    %pushi/vec4 0, 0, 32;
    %cmp/u;
    %jmp/1 T_10.4, 4;
    %pushi/vec4 1, 0, 32;
    %sub;
    %wait E_000002ac148da790;
    %jmp T_10.3;
T_10.4 ;
    %pop/vec4 1;
    %pushi/vec4 1, 0, 1;
    %assign/vec4 v000002ac148c8f60_0, 0;
    %wait E_000002ac148da790;
    %event E_000002ac148db190;
    %jmp T_10.0;
    %end;
    .thread T_10;
    .scope S_000002ac1491f6c0;
T_11 ;
    %pushi/vec4 0, 0, 1;
    %assign/vec4 v000002ac148bf060_0, 0;
    %pushi/vec4 0, 0, 16;
    %assign/vec4 v000002ac148c8e20_0, 0;
    %wait E_000002ac148dac90;
T_11.0 ;
    %wait E_000002ac148db190;
    %pushi/vec4 1, 0, 1;
    %assign/vec4 v000002ac148bf060_0, 0;
    %load/vec4 v000002ac148c8b00_0;
    %assign/vec4 v000002ac148c8e20_0, 0;
    %wait E_000002ac148da790;
    %pushi/vec4 0, 0, 1;
    %assign/vec4 v000002ac148bf060_0, 0;
    %jmp T_11.0;
    %end;
    .thread T_11;
    .scope S_000002ac1491f6c0;
T_12 ;
T_12.0 ;
    %wait E_000002ac148da790;
    %load/vec4 v000002ac148beca0_0;
    %flag_set/vec4 9;
    %flag_get/vec4 9;
    %jmp/0 T_12.3, 9;
    %load/vec4 v000002ac148c8f60_0;
    %nor/r;
    %and;
T_12.3;
    %flag_set/vec4 8;
    %jmp/0xz  T_12.1, 8;
    %vpi_call/w 6 78 "$warning", "Repeated vld_in when block in process. Current vld_in will be ignored. Time: ", $realtime {0 0 0};
T_12.1 ;
    %jmp T_12.0;
    %end;
    .thread T_12;
    .scope S_000002ac1491f9e0;
T_13 ;
    %pushi/vec4 0, 0, 16;
    %assign/vec4 v000002ac148bee80_0, 0;
    %pushi/vec4 0, 0, 2;
    %assign/vec4 v000002ac148bef20_0, 0;
    %pushi/vec4 1, 0, 1;
    %assign/vec4 v000002ac148be340_0, 0;
    %wait E_000002ac148da510;
T_13.0 ;
T_13.1 ;
    %load/vec4 v000002ac148be5c0_0;
    %inv;
    %flag_set/vec4 8;
    %jmp/0xz T_13.2, 8;
    %wait E_000002ac148da790;
    %jmp T_13.1;
T_13.2 ;
    %pushi/vec4 0, 0, 1;
    %assign/vec4 v000002ac148be340_0, 0;
    %load/vec4 v000002ac148be3e0_0;
    %assign/vec4 v000002ac148bee80_0, 0;
    %load/vec4 v000002ac148bf1a0_0;
    %assign/vec4 v000002ac148bef20_0, 0;
    %load/vec4 v000002ac148bef20_0;
    %pad/u 32;
T_13.3 %dup/vec4;
    %pushi/vec4 0, 0, 32;
    %cmp/u;
    %jmp/1 T_13.4, 4;
    %pushi/vec4 1, 0, 32;
    %sub;
    %wait E_000002ac148da790;
    %jmp T_13.3;
T_13.4 ;
    %pop/vec4 1;
    %pushi/vec4 1, 0, 1;
    %assign/vec4 v000002ac148be340_0, 0;
    %wait E_000002ac148da790;
    %event E_000002ac148da550;
    %jmp T_13.0;
    %end;
    .thread T_13;
    .scope S_000002ac1491f9e0;
T_14 ;
    %pushi/vec4 0, 0, 1;
    %assign/vec4 v000002ac148be700_0, 0;
    %pushi/vec4 0, 0, 16;
    %assign/vec4 v000002ac148be520_0, 0;
    %wait E_000002ac148da810;
T_14.0 ;
    %wait E_000002ac148da550;
    %pushi/vec4 1, 0, 1;
    %assign/vec4 v000002ac148be700_0, 0;
    %load/vec4 v000002ac148bee80_0;
    %assign/vec4 v000002ac148be520_0, 0;
    %wait E_000002ac148da790;
    %pushi/vec4 0, 0, 1;
    %assign/vec4 v000002ac148be700_0, 0;
    %jmp T_14.0;
    %end;
    .thread T_14;
    .scope S_000002ac1491f9e0;
T_15 ;
T_15.0 ;
    %wait E_000002ac148da790;
    %load/vec4 v000002ac148be5c0_0;
    %flag_set/vec4 9;
    %flag_get/vec4 9;
    %jmp/0 T_15.3, 9;
    %load/vec4 v000002ac148be340_0;
    %nor/r;
    %and;
T_15.3;
    %flag_set/vec4 8;
    %jmp/0xz  T_15.1, 8;
    %vpi_call/w 6 78 "$warning", "Repeated vld_in when block in process. Current vld_in will be ignored. Time: ", $realtime {0 0 0};
T_15.1 ;
    %jmp T_15.0;
    %end;
    .thread T_15;
    .scope S_000002ac14897f20;
T_16 ;
    %pushi/vec4 1, 0, 1;
    %store/vec4 v000002ac148be7a0_0, 0, 1;
T_16.0 ;
    %delay 5, 0;
    %load/vec4 v000002ac148be7a0_0;
    %inv;
    %store/vec4 v000002ac148be7a0_0, 0, 1;
    %jmp T_16.0;
    %end;
    .thread T_16;
    .scope S_000002ac14897f20;
T_17 ;
    %pushi/vec4 0, 0, 2;
    %assign/vec4 v000002ac14920110_0, 0;
T_17.0 ;
    %load/vec4 v000002ac14921650_0;
    %cmpi/ne 1, 0, 1;
    %jmp/0xz T_17.1, 6;
    %wait E_000002ac148da3d0;
    %jmp T_17.0;
T_17.1 ;
    %wait E_000002ac148da790;
T_17.2 ;
    %load/vec4 v000002ac14920110_0;
    %addi 1, 0, 2;
    %assign/vec4 v000002ac14920110_0, 0;
    %load/vec4 v000002ac14920110_0;
    %cmpi/u 3, 0, 2;
    %flag_inv 5; GE is !LT
    %jmp/0xz  T_17.3, 5;
    %pushi/vec4 0, 0, 2;
    %assign/vec4 v000002ac14920110_0, 0;
T_17.3 ;
    %wait E_000002ac148da790;
    %jmp T_17.2;
    %end;
    .thread T_17;
    .scope S_000002ac14897f20;
T_18 ;
Ewait_0 .event/or E_000002ac148da410, E_0x0;
    %wait Ewait_0;
    %pushi/vec4 0, 0, 4;
    %store/vec4 v000002ac14921330_0, 0, 4;
    %load/vec4 v000002ac14921650_0;
    %flag_set/vec4 8;
    %jmp/0xz  T_18.0, 8;
    %pushi/vec4 0, 0, 4;
    %store/vec4 v000002ac14921330_0, 0, 4;
    %pushi/vec4 1, 0, 1;
    %ix/getv 4, v000002ac14920110_0;
    %store/vec4 v000002ac14921330_0, 4, 1;
T_18.0 ;
    %jmp T_18;
    .thread T_18, $push;
    .scope S_000002ac14897f20;
T_19 ;
    %wait E_000002ac148da790;
    %load/vec4 v000002ac14921150_0;
    %flag_set/vec4 8;
    %jmp/0xz  T_19.0, 8;
    %pushi/vec4 0, 0, 16;
    %assign/vec4 v000002ac149210b0_0, 0;
    %jmp T_19.1;
T_19.0 ;
    %load/vec4 v000002ac14921650_0;
    %flag_set/vec4 8;
    %jmp/0xz  T_19.2, 8;
    %load/vec4 v000002ac149210b0_0;
    %addi 1, 0, 16;
    %assign/vec4 v000002ac149210b0_0, 0;
T_19.2 ;
T_19.1 ;
    %jmp T_19;
    .thread T_19;
    .scope S_000002ac14897f20;
T_20 ;
    %pushi/vec4 0, 0, 15;
    %store/vec4 v000002ac14921a10_0, 0, 15;
T_20.0 ;
    %load/vec4 v000002ac14921650_0;
    %cmpi/ne 1, 0, 1;
    %jmp/0xz T_20.1, 6;
    %wait E_000002ac148da3d0;
    %jmp T_20.0;
T_20.1 ;
    %wait E_000002ac148da790;
T_20.2 ;
    %pushi/vec4 4, 0, 32;
T_20.3 %dup/vec4;
    %pushi/vec4 0, 0, 32;
    %cmp/s;
    %jmp/1xz T_20.4, 5;
    %jmp/1 T_20.4, 4;
    %pushi/vec4 1, 0, 32;
    %sub;
    %wait E_000002ac148da790;
    %jmp T_20.3;
T_20.4 ;
    %pop/vec4 1;
    %load/vec4 v000002ac14921a10_0;
    %parti/s 3, 0, 2;
    %addi 1, 0, 3;
    %ix/load 4, 0, 0;
    %flag_set/imm 4, 0;
    %store/vec4 v000002ac14921a10_0, 4, 3;
    %fork t_11, S_000002ac148980b0;
    %jmp t_10;
    .scope S_000002ac148980b0;
t_11 ;
    %pushi/vec4 0, 0, 32;
    %store/vec4 v000002ac148c8ba0_0, 0, 32;
T_20.5 ;
    %load/vec4 v000002ac148c8ba0_0;
    %cmpi/s 4, 0, 32;
    %jmp/0xz T_20.6, 5;
    %load/vec4 v000002ac14921a10_0;
    %load/vec4 v000002ac148c8ba0_0;
    %pad/s 34;
    %muli 3, 0, 34;
    %part/s 3;
    %pad/u 32;
    %cmpi/u 4, 0, 32;
    %flag_inv 5; GE is !LT
    %jmp/0xz  T_20.7, 5;
    %pushi/vec4 0, 0, 3;
    %load/vec4 v000002ac148c8ba0_0;
    %pad/s 34;
    %muli 3, 0, 34;
    %ix/vec4/s 4;
    %store/vec4 v000002ac14921a10_0, 4, 3;
    %load/vec4 v000002ac14921a10_0;
    %load/vec4 v000002ac148c8ba0_0;
    %addi 1, 0, 32;
    %pad/s 34;
    %muli 3, 0, 34;
    %part/s 3;
    %addi 1, 0, 3;
    %load/vec4 v000002ac148c8ba0_0;
    %addi 1, 0, 32;
    %pad/s 34;
    %muli 3, 0, 34;
    %ix/vec4/s 4;
    %store/vec4 v000002ac14921a10_0, 4, 3;
T_20.7 ;
    %load/vec4 v000002ac148c8ba0_0;
    %addi 1, 0, 32;
    %cast2;
    %store/vec4 v000002ac148c8ba0_0, 0, 32;
    %jmp T_20.5;
T_20.6 ;
    %end;
    .scope S_000002ac14897f20;
t_10 %join;
    %load/vec4 v000002ac14921a10_0;
    %parti/s 3, 12, 5;
    %cmpi/u 0, 0, 3;
    %flag_or 5, 4; GT is !LE
    %flag_inv 5;
    %jmp/0xz  T_20.9, 5;
    %event E_000002ac148db150;
T_20.9 ;
    %jmp T_20.2;
    %end;
    .thread T_20;
    .scope S_000002ac14897f20;
T_21 ;
    %vpi_call/w 4 151 "$dumpvars" {0 0 0};
    %pushi/vec4 0, 0, 1;
    %assign/vec4 v000002ac14921650_0, 0;
    %fork TD_testbench.tb_1.reset, S_000002ac1491fb70;
    %join;
    %pushi/vec4 1, 0, 1;
    %assign/vec4 v000002ac14921650_0, 0;
    %wait E_000002ac148db150;
    %pushi/vec4 0, 0, 1;
    %assign/vec4 v000002ac14921650_0, 0;
    %pushi/vec4 5, 0, 32;
T_21.0 %dup/vec4;
    %pushi/vec4 0, 0, 32;
    %cmp/s;
    %jmp/1xz T_21.1, 5;
    %jmp/1 T_21.1, 4;
    %pushi/vec4 1, 0, 32;
    %sub;
    %wait E_000002ac148da790;
    %jmp T_21.0;
T_21.1 ;
    %pop/vec4 1;
    %event E_000002ac148db290;
    %wait E_000002ac148da790;
    %vpi_call/w 4 170 "$finish" {0 0 0};
    %end;
    .thread T_21;
    .scope S_000002ac14897f20;
T_22 ;
T_22.0 ;
    %wait E_000002ac148da790;
    %load/vec4 v000002ac14921650_0;
    %flag_set/vec4 8;
    %jmp/0xz  T_22.1, 8;
    %ix/load 4, 0, 0;
    %load/vec4 v000002ac149210b0_0;
    %store/qb/v v000002ac14920070_0, 4, 16;
T_22.1 ;
    %jmp T_22.0;
    %end;
    .thread T_22;
    .scope S_000002ac14897f20;
T_23 ;
T_23.0 ;
    %wait E_000002ac148da790;
    %load/vec4 v000002ac1491fdf0_0;
    %flag_set/vec4 8;
    %jmp/0xz  T_23.1, 8;
    %ix/load 4, 0, 0;
    %load/vec4 v000002ac1491fd50_0;
    %store/qb/v v000002ac1491fe90_0, 4, 16;
T_23.1 ;
    %jmp T_23.0;
    %end;
    .thread T_23;
    .scope S_000002ac14897f20;
T_24 ;
    %wait E_000002ac148db290;
    %pushi/vec4 0, 0, 1;
    %store/vec4 v000002ac14921470_0, 0, 1;
    %vpi_func 4 213 "$size" 32, v000002ac14920070_0 {0 0 0};
    %vpi_call/w 4 213 "$info", "Qeueue size: %d", S<0,vec4,s32> {1 0 0};
    %fork t_13, S_000002ac1487c370;
    %jmp t_12;
    .scope S_000002ac1487c370;
t_13 ;
    %pushi/vec4 0, 0, 32;
    %store/vec4 v000002ac148c9be0_0, 0, 32;
T_24.0 ;
    %load/vec4 v000002ac148c9be0_0;
    %vpi_func 4 215 "$size" 32, v000002ac14920070_0 {0 0 0};
    %cmp/s;
    %jmp/0xz T_24.1, 5;
    %qpop/f/v v000002ac14920070_0, 16;
    %store/vec4 v000002ac149207f0_0, 0, 16;
    %qpop/f/v v000002ac1491fe90_0, 16;
    %store/vec4 v000002ac149213d0_0, 0, 16;
    %load/vec4 v000002ac149207f0_0;
    %load/vec4 v000002ac149213d0_0;
    %cmp/ne;
    %jmp/0xz  T_24.2, 6;
    %vpi_call/w 4 220 "$warning", "Test failed. Expected output %d, but get %d", v000002ac149207f0_0, v000002ac149213d0_0 {0 0 0};
    %pushi/vec4 1, 0, 1;
    %store/vec4 v000002ac14921470_0, 0, 1;
T_24.2 ;
    %load/vec4 v000002ac148c9be0_0;
    %addi 1, 0, 32;
    %cast2;
    %store/vec4 v000002ac148c9be0_0, 0, 32;
    %jmp T_24.0;
T_24.1 ;
    %end;
    .scope S_000002ac14897f20;
t_12 %join;
    %load/vec4 v000002ac14921470_0;
    %flag_set/vec4 8;
    %jmp/0xz  T_24.4, 8;
    %vpi_call/w 4 226 "$display", "FAIL %s - see above", "06_07_put_in_order/testbench_1.sv" {0 0 0};
    %jmp T_24.5;
T_24.4 ;
    %vpi_call/w 4 228 "$display", "PASS %s", "06_07_put_in_order/testbench_1.sv" {0 0 0};
T_24.5 ;
    %end;
    .thread T_24;
    .scope S_000002ac14942010;
T_25 ;
    %pushi/vec4 0, 0, 1;
    %store/vec4 v000002ac149209d0_0, 0, 1;
    %pushi/vec4 0, 0, 32;
    %store/vec4 v000002ac14920a70_0, 0, 32;
    %pushi/vec4 0, 0, 32;
    %store/vec4 v000002ac149202f0_0, 0, 32;
    %end;
    .thread T_25, $init;
    .scope S_000002ac14942010;
T_26 ;
    %pushi/vec4 0, 0, 1;
    %store/vec4 v000002ac149218d0_0, 0, 1;
T_26.0 ;
    %delay 500, 0;
    %load/vec4 v000002ac149218d0_0;
    %inv;
    %store/vec4 v000002ac149218d0_0, 0, 1;
    %jmp T_26.0;
    %end;
    .thread T_26;
    .scope S_000002ac14942010;
T_27 ;
    %pushi/vec4 1, 1, 1;
    %assign/vec4 v000002ac149206b0_0, 0;
    %pushi/vec4 2, 0, 32;
T_27.0 %dup/vec4;
    %pushi/vec4 0, 0, 32;
    %cmp/s;
    %jmp/1xz T_27.1, 5;
    %jmp/1 T_27.1, 4;
    %pushi/vec4 1, 0, 32;
    %sub;
    %wait E_000002ac148da590;
    %jmp T_27.0;
T_27.1 ;
    %pop/vec4 1;
    %pushi/vec4 1, 0, 1;
    %assign/vec4 v000002ac149206b0_0, 0;
    %pushi/vec4 2, 0, 32;
T_27.2 %dup/vec4;
    %pushi/vec4 0, 0, 32;
    %cmp/s;
    %jmp/1xz T_27.3, 5;
    %jmp/1 T_27.3, 4;
    %pushi/vec4 1, 0, 32;
    %sub;
    %wait E_000002ac148da590;
    %jmp T_27.2;
T_27.3 ;
    %pop/vec4 1;
    %pushi/vec4 0, 0, 1;
    %assign/vec4 v000002ac149206b0_0, 0;
    %end;
    .thread T_27;
    .scope S_000002ac14942010;
T_28 ;
    %wait E_000002ac148da590;
    %load/vec4 v000002ac149206b0_0;
    %flag_set/vec4 8;
    %jmp/0xz  T_28.0, 8;
    %pushi/vec4 1, 0, 1;
    %assign/vec4 v000002ac149209d0_0, 0;
T_28.0 ;
    %jmp T_28;
    .thread T_28;
    .scope S_000002ac14942010;
T_29 ;
    %wait E_000002ac148da590;
    %load/vec4 v000002ac149209d0_0;
    %flag_set/vec4 8;
    %jmp/0xz  T_29.0, 8;
    %vpi_call/w 7 186 "$write", "%3d  pending  ", v000002ac149202f0_0 {0 0 0};
    %fork t_15, S_000002ac14942b50;
    %jmp t_14;
    .scope S_000002ac14942b50;
t_15 ;
    %pushi/vec4 0, 0, 32;
    %store/vec4 v000002ac14920c50_0, 0, 32;
T_29.2 ;
    %load/vec4 v000002ac14920c50_0;
    %cmpi/s 10, 0, 32;
    %jmp/0xz T_29.3, 5;
    %load/vec4 v000002ac14921970_0;
    %load/vec4 v000002ac14920c50_0;
    %part/s 1;
    %flag_set/vec4 8;
    %jmp/0xz  T_29.4, 8;
    %load/vec4 v000002ac14920430_0;
    %load/vec4 v000002ac14920c50_0;
    %pad/s 35;
    %muli 8, 0, 35;
    %part/s 8;
    %vpi_call/w 7 190 "$write", " %h", S<0,vec4,u8> {1 0 0};
    %jmp T_29.5;
T_29.4 ;
    %vpi_call/w 7 192 "$write", "   " {0 0 0};
T_29.5 ;
    ; show_stmt_assign_vector: Get l-value for compressed += operand
    %load/vec4 v000002ac14920c50_0;
    %pushi/vec4 1, 0, 32;
    %add;
    %cast2;
    %store/vec4 v000002ac14920c50_0, 0, 32;
    %jmp T_29.2;
T_29.3 ;
    %end;
    .scope S_000002ac14942010;
t_14 %join;
    %vpi_call/w 7 194 "$display" {0 0 0};
    %vpi_call/w 7 196 "$write", "%3d  up       ", v000002ac149202f0_0 {0 0 0};
    %fork t_17, S_000002ac14943000;
    %jmp t_16;
    .scope S_000002ac14943000;
t_17 ;
    %pushi/vec4 0, 0, 32;
    %store/vec4 v000002ac149215b0_0, 0, 32;
T_29.6 ;
    %load/vec4 v000002ac149215b0_0;
    %cmpi/s 10, 0, 32;
    %jmp/0xz T_29.7, 5;
    %load/vec4 v000002ac14920890_0;
    %load/vec4 v000002ac149215b0_0;
    %part/s 1;
    %flag_set/vec4 8;
    %jmp/0xz  T_29.8, 8;
    %load/vec4 v000002ac14920750_0;
    %load/vec4 v000002ac149215b0_0;
    %pad/s 35;
    %muli 8, 0, 35;
    %part/s 8;
    %vpi_call/w 7 200 "$write", " %h", S<0,vec4,u8> {1 0 0};
    %jmp T_29.9;
T_29.8 ;
    %vpi_call/w 7 202 "$write", "   " {0 0 0};
T_29.9 ;
    ; show_stmt_assign_vector: Get l-value for compressed += operand
    %load/vec4 v000002ac149215b0_0;
    %pushi/vec4 1, 0, 32;
    %add;
    %cast2;
    %store/vec4 v000002ac149215b0_0, 0, 32;
    %jmp T_29.6;
T_29.7 ;
    %end;
    .scope S_000002ac14942010;
t_16 %join;
    %vpi_call/w 7 204 "$display" {0 0 0};
    %vpi_call/w 7 206 "$write", "%3d  down     ", v000002ac149202f0_0 {0 0 0};
    %load/vec4 v000002ac14920570_0;
    %flag_set/vec4 8;
    %jmp/0xz  T_29.10, 8;
    %vpi_call/w 7 209 "$write", " %h", v000002ac14920930_0 {0 0 0};
T_29.10 ;
    %vpi_call/w 7 211 "$display", "\012" {0 0 0};
T_29.0 ;
    ; show_stmt_assign_vector: Get l-value for compressed += operand
    %load/vec4 v000002ac149202f0_0;
    %pushi/vec4 1, 0, 32;
    %add;
    %cast2;
    %store/vec4 v000002ac149202f0_0, 0, 32;
    %jmp T_29;
    .thread T_29;
    .scope S_000002ac148d6970;
T_30 ;
    %pushi/vec4 0, 0, 1;
    %force/vec4 v000002ac148be7a0_0;
    %fork TD_testbench.tb_2.run, S_000002ac149421f0;
    %join;
    %release/reg v000002ac148be7a0_0, 0, 1;
    %end;
    .thread T_30;
# The file index is used to find the file name in the following table.
:file_names 8;
    "N/A";
    "<interactive>";
    "-";
    "06_07_put_in_order/testbench.sv";
    "06_07_put_in_order/testbench_1.sv";
    "06_07_put_in_order/06_07_put_in_order.sv";
    "06_07_put_in_order/delay_data_model.sv";
    "06_07_put_in_order/testbench_2.sv";
